<!DOCTYPE html PUBLIC "-//W3C//DTD XHTML 1.1//EN" "https://www.w3.org/TR/xhtml11/DTD/xhtml11.dtd">
<html xmlns="https://www.w3.org/1999/xhtml">
<head>
<meta http-equiv="content-type" content="text/html; charset=UTF-8"/>
<title>TestNG Report</title>
<style type="text/css">table {margin-bottom:10px;border-collapse:collapse;empty-cells:show}th,td {border:1px solid #009;padding:.25em .5em}th {vertical-align:bottom}td {vertical-align:top}table a {font-weight:bold}.stripe td {background-color: #E6EBF9}.num {text-align:right}.passedodd td {background-color: #3F3}.passedeven td {background-color: #0A0}.skippedodd td {background-color: #DDD}.skippedeven td {background-color: #CCC}.failedodd td,.attn {background-color: #F33}.failedeven td,.stripe .attn {background-color: #D00}.stacktrace {white-space:pre;font-family:monospace}.totop {font-size:85%;text-align:center;border-bottom:2px solid #000}.invisible {display:none}</style>
</head>
<body>
<table>
<tr><th>Test</th><th># Passed</th><th># Skipped</th><th># Retried</th><th># Failed</th><th>Time (ms)</th><th>Included Groups</th><th>Excluded Groups</th></tr>
<tr><th colspan="8">All Test Suite</th></tr>
<tr><td><a href="#t0">C:/Users/bassv/intellij-workspace/Ebay_Framework_FInal/src/test/java/com/PageTests/BrandOutletTest.java</a></td><td class="num">2</td><td class="num">0</td><td class="num">0</td><td class="num">0</td><td class="num">37,324</td><td></td><td></td></tr>
<tr class="stripe"><td><a href="#t1">C:/Users/bassv/intellij-workspace/Ebay_Framework_FInal/src/test/java/com/PageTests/BusinessTest.java</a></td><td class="num">6</td><td class="num attn">1</td><td class="num">0</td><td class="num">0</td><td class="num">56,870</td><td></td><td></td></tr>
<tr><td><a href="#t2">C:/Users/bassv/intellij-workspace/Ebay_Framework_FInal/src/test/java/com/PageTests/CareerTest.java</a></td><td class="num">4</td><td class="num">0</td><td class="num">0</td><td class="num">0</td><td class="num">54,674</td><td></td><td></td></tr>
<tr class="stripe"><td><a href="#t3">C:/Users/bassv/intellij-workspace/Ebay_Framework_FInal/src/test/java/com/PageTests/ClothingAccessoriesTests.java</a></td><td class="num">4</td><td class="num">0</td><td class="num attn">1</td><td class="num">0</td><td class="num">76,148</td><td></td><td></td></tr>
<tr><td><a href="#t4">C:/Users/bassv/intellij-workspace/Ebay_Framework_FInal/src/test/java/com/PageTests/CollecteblesTest.java</a></td><td class="num">7</td><td class="num">0</td><td class="num attn">1</td><td class="num">0</td><td class="num">149,249</td><td></td><td></td></tr>
<tr class="stripe"><td><a href="#t5">C:/Users/bassv/intellij-workspace/Ebay_Framework_FInal/src/test/java/com/PageTests/DailyDealsTest.java</a></td><td class="num">5</td><td class="num">0</td><td class="num">0</td><td class="num">0</td><td class="num">88,381</td><td></td><td></td></tr>
<tr><td><a href="#t6">C:/Users/bassv/intellij-workspace/Ebay_Framework_FInal/src/test/java/com/PageTests/ElectronicsPageTest.java</a></td><td class="num">13</td><td class="num">0</td><td class="num">0</td><td class="num">0</td><td class="num">137,901</td><td></td><td></td></tr>
<tr class="stripe"><td><a href="#t7">C:/Users/bassv/intellij-workspace/Ebay_Framework_FInal/src/test/java/com/PageTests/HomePageSearchTest.java</a></td><td class="num">5</td><td class="num">0</td><td class="num">0</td><td class="num">0</td><td class="num">44,447</td><td></td><td></td></tr>
<tr><td><a href="#t8">C:/Users/bassv/intellij-workspace/Ebay_Framework_FInal/src/test/java/com/PageTests/HomePageTest.java</a></td><td class="num">5</td><td class="num">0</td><td class="num">0</td><td class="num">0</td><td class="num">135,488</td><td></td><td></td></tr>
<tr class="stripe"><td><a href="#t9">C:/Users/bassv/intellij-workspace/Ebay_Framework_FInal/src/test/java/com/PageTests/JeweleryTest.java</a></td><td class="num">2</td><td class="num">0</td><td class="num attn">1</td><td class="num">0</td><td class="num">72,157</td><td></td><td></td></tr>
<tr><td><a href="#t10">C:/Users/bassv/intellij-workspace/Ebay_Framework_FInal/src/test/java/com/PageTests/LogInPageTest.java</a></td><td class="num">0</td><td class="num">0</td><td class="num">0</td><td class="num">0</td><td class="num">0</td><td></td><td></td></tr>
<tr class="stripe"><td><a href="#t11">C:/Users/bassv/intellij-workspace/Ebay_Framework_FInal/src/test/java/com/PageTests/MotorsTest.java</a></td><td class="num">4</td><td class="num">0</td><td class="num">0</td><td class="num">0</td><td class="num">71,360</td><td></td><td></td></tr>
<tr><td><a href="#t12">C:/Users/bassv/intellij-workspace/Ebay_Framework_FInal/src/test/java/com/PageTests/RefurbishedPageTest.java</a></td><td class="num">6</td><td class="num">0</td><td class="num">0</td><td class="num">0</td><td class="num">69,989</td><td></td><td></td></tr>
<tr class="stripe"><td><a href="#t13">C:/Users/bassv/intellij-workspace/Ebay_Framework_FInal/src/test/java/com/PageTests/RegisterUserTest.java</a></td><td class="num">0</td><td class="num">0</td><td class="num attn">2</td><td class="num attn">2</td><td class="num">45,320</td><td></td><td></td></tr>
<tr><td><a href="#t14">C:/Users/bassv/intellij-workspace/Ebay_Framework_FInal/src/test/java/com/PageTests/SearchSelectTest.java</a></td><td class="num">3</td><td class="num">0</td><td class="num">0</td><td class="num">0</td><td class="num">31,919</td><td></td><td></td></tr>
<tr class="stripe"><td><a href="#t15">C:/Users/bassv/intellij-workspace/Ebay_Framework_FInal/src/test/java/com/PageTests/SelleCenterTest.java</a></td><td class="num">2</td><td class="num">0</td><td class="num">0</td><td class="num">0</td><td class="num">67,521</td><td></td><td></td></tr>
<tr><td><a href="#t16">C:/Users/bassv/intellij-workspace/Ebay_Framework_FInal/src/test/java/com/PageTests/SportingGoodsTest.java</a></td><td class="num">6</td><td class="num">0</td><td class="num">0</td><td class="num">0</td><td class="num">78,698</td><td></td><td></td></tr>
<tr class="stripe"><td><a href="#t17">C:/Users/bassv/intellij-workspace/Ebay_Framework_FInal/src/test/java/com/PageTests/StartSellingTest.java</a></td><td class="num">5</td><td class="num">0</td><td class="num">0</td><td class="num">0</td><td class="num">41,509</td><td></td><td></td></tr>
<tr><th>Total</th><th class="num">79</th><th class="num attn">1</th><th class="num attn">5</th><th class="num attn">2</th><th class="num">1,258,955</th><th colspan="2"></th></tr>
</table>
<table id='summary'><thead><tr><th>Class</th><th>Method</th><th>Start</th><th>Time (ms)</th></tr></thead><tbody><tr><th colspan="4">All Test Suite</th></tr></tbody><tbody id="t0"><tr><th colspan="4">C:/Users/bassv/intellij-workspace/Ebay_Framework_FInal/src/test/java/com/PageTests/BrandOutletTest.java &#8212; passed</th></tr><tr class="passedeven"><td rowspan="2">com.PageTests.BrandOutletTest</td><td><a href="#m0">assertingPageTitle</a></td><td rowspan="1">1652233211386</td><td rowspan="1">1581</td></tr><tr class="passedeven"><td><a href="#m1">callingAllHiddenButtons</a></td><td rowspan="1">1652233220491</td><td rowspan="1">19157</td></tr></tbody>
<tbody id="t1"><tr><th colspan="4">C:/Users/bassv/intellij-workspace/Ebay_Framework_FInal/src/test/java/com/PageTests/BusinessTest.java &#8212; failed (configuration methods)</th></tr><tr class="failedeven"><td rowspan="1">com.PageTests.BusinessTest</td><td><a href="#m2">tearDown</a></td><td rowspan="1">1652233300646</td><td rowspan="1">10</td></tr><tr><th colspan="4">C:/Users/bassv/intellij-workspace/Ebay_Framework_FInal/src/test/java/com/PageTests/BusinessTest.java &#8212; skipped (configuration methods)</th></tr><tr class="skippedeven"><td rowspan="2">com.PageTests.BusinessTest</td><td><a href="#m3">satrtUp</a></td><td rowspan="1">1652233300667</td><td rowspan="1">0</td></tr><tr class="skippedeven"><td><a href="#m4">tearDown</a></td><td rowspan="1">1652233300672</td><td rowspan="1">0</td></tr><tr><th colspan="4">C:/Users/bassv/intellij-workspace/Ebay_Framework_FInal/src/test/java/com/PageTests/BusinessTest.java &#8212; skipped</th></tr><tr class="skippedeven"><td rowspan="1">com.PageTests.BusinessTest</td><td><a href="#m5">dropTest</a></td><td rowspan="1">1652233300669</td><td rowspan="1">0</td></tr><tr><th colspan="4">C:/Users/bassv/intellij-workspace/Ebay_Framework_FInal/src/test/java/com/PageTests/BusinessTest.java &#8212; passed</th></tr><tr class="passedeven"><td rowspan="6">com.PageTests.BusinessTest</td><td><a href="#m6">allHiddenButton</a></td><td rowspan="1">1652233264664</td><td rowspan="1">3358</td></tr><tr class="passedeven"><td><a href="#m7">clickLogo</a></td><td rowspan="1">1652233252605</td><td rowspan="1">4834</td></tr><tr class="passedeven"><td><a href="#m8">clickinAnItem</a></td><td rowspan="1">1652233284634</td><td rowspan="1">3702</td></tr><tr class="passedeven"><td><a href="#m9">clickingAllhiddenItems</a></td><td rowspan="1">1652233275323</td><td rowspan="1">2023</td></tr><tr class="passedeven"><td><a href="#m10">scrollFullpage</a></td><td rowspan="1">1652233247166</td><td rowspan="1">2019</td></tr><tr class="passedeven"><td><a href="#m11">webLinks</a></td><td rowspan="1">1652233295561</td><td rowspan="1">5083</td></tr></tbody>
<tbody id="t2"><tr><th colspan="4">C:/Users/bassv/intellij-workspace/Ebay_Framework_FInal/src/test/java/com/PageTests/CareerTest.java &#8212; passed</th></tr><tr class="passedeven"><td rowspan="4">com.PageTests.CareerTest</td><td><a href="#m12">category</a></td><td rowspan="1">1652233325399</td><td rowspan="1">16403</td></tr><tr class="passedeven"><td><a href="#m13">clickingOtherLinks</a></td><td rowspan="1">1652233312855</td><td rowspan="1">9588</td></tr><tr class="passedeven"><td><a href="#m14">location</a></td><td rowspan="1">1652233344997</td><td rowspan="1">10299</td></tr><tr class="passedeven"><td><a href="#m15">titleTest</a></td><td rowspan="1">1652233306284</td><td rowspan="1">3559</td></tr></tbody>
<tbody id="t3"><tr><th colspan="4">C:/Users/bassv/intellij-workspace/Ebay_Framework_FInal/src/test/java/com/PageTests/ClothingAccessoriesTests.java &#8212; retried</th></tr><tr class="retriedeven"><td rowspan="1">com.PageTests.ClothingAccessoriesTests</td><td><a href="#m16">remainingCategories</a></td><td rowspan="1">1652233384622</td><td rowspan="1">19038</td></tr><tr><th colspan="4">C:/Users/bassv/intellij-workspace/Ebay_Framework_FInal/src/test/java/com/PageTests/ClothingAccessoriesTests.java &#8212; passed</th></tr><tr class="passedeven"><td rowspan="4">com.PageTests.ClothingAccessoriesTests</td><td><a href="#m17">categoryTest2</a></td><td rowspan="1">1652233371953</td><td rowspan="1">5401</td></tr><tr class="passedeven"><td><a href="#m18">checkTitle</a></td><td rowspan="1">1652233358417</td><td rowspan="1">1463</td></tr><tr class="passedeven"><td><a href="#m19">remainingCategories</a></td><td rowspan="1">1652233410866</td><td rowspan="1">20346</td></tr><tr class="passedeven"><td><a href="#m20">testHiddenButton</a></td><td rowspan="1">1652233366880</td><td rowspan="1">1908</td></tr></tbody>
<tbody id="t4"><tr><th colspan="4">C:/Users/bassv/intellij-workspace/Ebay_Framework_FInal/src/test/java/com/PageTests/CollecteblesTest.java &#8212; retried</th></tr><tr class="retriedeven"><td rowspan="1">com.PageTests.CollecteblesTest</td><td><a href="#m21">collectibles2</a></td><td rowspan="1">1652233463024</td><td rowspan="1">8507</td></tr><tr><th colspan="4">C:/Users/bassv/intellij-workspace/Ebay_Framework_FInal/src/test/java/com/PageTests/CollecteblesTest.java &#8212; passed</th></tr><tr class="passedeven"><td rowspan="7">com.PageTests.CollecteblesTest</td><td><a href="#m22">collectibles1</a></td><td rowspan="1">1652233434648</td><td rowspan="1">20941</td></tr><tr class="passedeven"><td><a href="#m23">collectibles2</a></td><td rowspan="1">1652233478731</td><td rowspan="1">13489</td></tr><tr class="passedeven"><td><a href="#m24">collectibles3</a></td><td rowspan="1">1652233495296</td><td rowspan="1">11533</td></tr><tr class="passedeven"><td><a href="#m25">collectibles5</a></td><td rowspan="1">1652233514258</td><td rowspan="1">21309</td></tr><tr class="passedeven"><td><a href="#m26">hiddenItems</a></td><td rowspan="1">1652233542681</td><td rowspan="1">12788</td></tr><tr class="passedeven"><td><a href="#m27">itemsOfPage</a></td><td rowspan="1">1652233562668</td><td rowspan="1">4609</td></tr><tr class="passedeven"><td><a href="#m28">pageBottomTextPrint</a></td><td rowspan="1">1652233574856</td><td rowspan="1">1771</td></tr></tbody>
<tbody id="t5"><tr><th colspan="4">C:/Users/bassv/intellij-workspace/Ebay_Framework_FInal/src/test/java/com/PageTests/DailyDealsTest.java &#8212; passed</th></tr><tr class="passedeven"><td rowspan="5">com.PageTests.DailyDealsTest</td><td><a href="#m29">checkingAllDropDowns</a></td><td rowspan="1">1652233600109</td><td rowspan="1">14690</td></tr><tr class="passedeven"><td><a href="#m30">featuredBody</a></td><td rowspan="1">1652233638152</td><td rowspan="1">2428</td></tr><tr class="passedeven"><td><a href="#m31">fetchTitle</a></td><td rowspan="1">1652233583976</td><td rowspan="1">8980</td></tr><tr class="passedeven"><td><a href="#m32">itemsClick</a></td><td rowspan="1">1652233647789</td><td rowspan="1">17230</td></tr><tr class="passedeven"><td><a href="#m33">screenShot</a></td><td rowspan="1">1652233622514</td><td rowspan="1">8525</td></tr></tbody>
<tbody id="t6"><tr><th colspan="4">C:/Users/bassv/intellij-workspace/Ebay_Framework_FInal/src/test/java/com/PageTests/ElectronicsPageTest.java &#8212; passed</th></tr><tr class="passedeven"><td rowspan="13">com.PageTests.ElectronicsPageTest</td><td><a href="#m34">callingDropDown1</a></td><td rowspan="1">1652233686036</td><td rowspan="1">1896</td></tr><tr class="passedeven"><td><a href="#m35">callingDropDown10</a></td><td rowspan="1">1652233785276</td><td rowspan="1">7069</td></tr><tr class="passedeven"><td><a href="#m36">callingDropDown2</a></td><td rowspan="1">1652233695170</td><td rowspan="1">1943</td></tr><tr class="passedeven"><td><a href="#m37">callingDropDown3</a></td><td rowspan="1">1652233704215</td><td rowspan="1">4955</td></tr><tr class="passedeven"><td><a href="#m38">callingDropDown4</a></td><td rowspan="1">1652233716563</td><td rowspan="1">4512</td></tr><tr class="passedeven"><td><a href="#m39">callingDropDown5</a></td><td rowspan="1">1652233728319</td><td rowspan="1">4789</td></tr><tr class="passedeven"><td><a href="#m40">callingDropDown6</a></td><td rowspan="1">1652233740215</td><td rowspan="1">4988</td></tr><tr class="passedeven"><td><a href="#m41">callingDropDown7</a></td><td rowspan="1">1652233752418</td><td rowspan="1">4687</td></tr><tr class="passedeven"><td><a href="#m42">callingDropDown8</a></td><td rowspan="1">1652233764310</td><td rowspan="1">4872</td></tr><tr class="passedeven"><td><a href="#m43">callingDropDown9</a></td><td rowspan="1">1652233776379</td><td rowspan="1">5651</td></tr><tr class="passedeven"><td><a href="#m44">clickItem</a></td><td rowspan="1">1652233795753</td><td rowspan="1">7166</td></tr><tr class="passedeven"><td><a href="#m45">titleTEst2</a></td><td rowspan="1">1652233672404</td><td rowspan="1">3166</td></tr><tr class="passedeven"><td><a href="#m46">titleTest</a></td><td rowspan="1">1652233678590</td><td rowspan="1">86</td></tr></tbody>
<tbody id="t7"><tr><th colspan="4">C:/Users/bassv/intellij-workspace/Ebay_Framework_FInal/src/test/java/com/PageTests/HomePageSearchTest.java &#8212; passed</th></tr><tr class="passedeven"><td rowspan="5">com.PageTests.HomePageSearchTest</td><td><a href="#m47">itemSearch</a></td><td rowspan="1">1652233817388</td><td rowspan="1">366</td></tr><tr class="passedeven"><td><a href="#m48">itemSearchResults</a></td><td rowspan="1">1652233824812</td><td rowspan="1">3650</td></tr><tr class="passedeven"><td><a href="#m49">searchAgain</a></td><td rowspan="1">1652233835602</td><td rowspan="1">721</td></tr><tr class="passedeven"><td><a href="#m50">searchResultsAgain</a></td><td rowspan="1">1652233843666</td><td rowspan="1">3704</td></tr><tr class="passedeven"><td><a href="#m51">titleTest</a></td><td rowspan="1">1652233809956</td><td rowspan="1">63</td></tr></tbody>
<tbody id="t8"><tr><th colspan="4">C:/Users/bassv/intellij-workspace/Ebay_Framework_FInal/src/test/java/com/PageTests/HomePageTest.java &#8212; passed</th></tr><tr class="passedeven"><td rowspan="5">com.PageTests.HomePageTest</td><td><a href="#m52">categorySelect</a></td><td rowspan="1">1652233866088</td><td rowspan="1">199</td></tr><tr class="passedeven"><td><a href="#m53">footerPicture</a></td><td rowspan="1">1652233982479</td><td rowspan="1">404</td></tr><tr class="passedeven"><td><a href="#m54">hoverTest</a></td><td rowspan="1">1652233878224</td><td rowspan="1">94788</td></tr><tr class="passedeven"><td><a href="#m55">moneyBackClick</a></td><td rowspan="1">1652233869702</td><td rowspan="1">789</td></tr><tr class="passedeven"><td><a href="#m56">searchDrop</a></td><td rowspan="1">1652233854508</td><td rowspan="1">8345</td></tr></tbody>
<tbody id="t9"><tr><th colspan="4">C:/Users/bassv/intellij-workspace/Ebay_Framework_FInal/src/test/java/com/PageTests/JeweleryTest.java &#8212; retried</th></tr><tr class="retriedeven"><td rowspan="1">com.PageTests.JeweleryTest</td><td><a href="#m57">jewelry1</a></td><td rowspan="1">1652233990011</td><td rowspan="1">5072</td></tr><tr><th colspan="4">C:/Users/bassv/intellij-workspace/Ebay_Framework_FInal/src/test/java/com/PageTests/JeweleryTest.java &#8212; passed</th></tr><tr class="passedeven"><td rowspan="2">com.PageTests.JeweleryTest</td><td><a href="#m58">jewelry1</a></td><td rowspan="1">1652234002339</td><td rowspan="1">12563</td></tr><tr class="passedeven"><td><a href="#m59">jewelry2</a></td><td rowspan="1">1652234022177</td><td rowspan="1">32832</td></tr></tbody>
<tbody id="t10"><tr><th colspan="4" class="invisible"/></tr></tbody>
<tbody id="t11"><tr><th colspan="4">C:/Users/bassv/intellij-workspace/Ebay_Framework_FInal/src/test/java/com/PageTests/MotorsTest.java &#8212; passed</th></tr><tr class="passedeven"><td rowspan="4">com.PageTests.MotorsTest</td><td><a href="#m60">hiddenButtons</a></td><td rowspan="1">1652234079879</td><td rowspan="1">1614</td></tr><tr class="passedeven"><td><a href="#m61">hiddenItemCLicks</a></td><td rowspan="1">1652234089201</td><td rowspan="1">37109</td></tr><tr class="passedeven"><td><a href="#m62">pageTitle</a></td><td rowspan="1">1652234062394</td><td rowspan="1">940</td></tr><tr class="passedeven"><td><a href="#m63">printText</a></td><td rowspan="1">1652234070595</td><td rowspan="1">1729</td></tr></tbody>
<tbody id="t12"><tr><th colspan="4">C:/Users/bassv/intellij-workspace/Ebay_Framework_FInal/src/test/java/com/PageTests/RefurbishedPageTest.java &#8212; passed</th></tr><tr class="passedeven"><td rowspan="6">com.PageTests.RefurbishedPageTest</td><td><a href="#m64">bottomTxt</a></td><td rowspan="1">1652234143030</td><td rowspan="1">2217</td></tr><tr class="passedeven"><td><a href="#m65">callingAllHiddenButtons</a></td><td rowspan="1">1652234152786</td><td rowspan="1">14701</td></tr><tr class="passedeven"><td><a href="#m66">clickManyItems</a></td><td rowspan="1">1652234185204</td><td rowspan="1">1652</td></tr><tr class="passedeven"><td><a href="#m67">fullPagetTxT</a></td><td rowspan="1">1652234194283</td><td rowspan="1">2095</td></tr><tr class="passedeven"><td><a href="#m68">logoClick</a></td><td rowspan="1">1652234174905</td><td rowspan="1">2765</td></tr><tr class="passedeven"><td><a href="#m69">pageInfo</a></td><td rowspan="1">1652234133814</td><td rowspan="1">1641</td></tr></tbody>
<tbody id="t13"><tr><th colspan="4">C:/Users/bassv/intellij-workspace/Ebay_Framework_FInal/src/test/java/com/PageTests/RegisterUserTest.java &#8212; failed</th></tr><tr class="failedeven"><td rowspan="2">com.PageTests.RegisterUserTest</td><td><a href="#m70">registerUserInput</a></td><td rowspan="1">1652234225137</td><td rowspan="1">20594</td></tr><tr class="failedeven"><td><a href="#m71">titleCheck</a></td><td rowspan="1">1652234208347</td><td rowspan="1">1237</td></tr><tr><th colspan="4">C:/Users/bassv/intellij-workspace/Ebay_Framework_FInal/src/test/java/com/PageTests/RegisterUserTest.java &#8212; retried</th></tr><tr class="retriedeven"><td rowspan="2">com.PageTests.RegisterUserTest</td><td><a href="#m72">registerUserInput</a></td><td rowspan="1">1652234214437</td><td rowspan="1">3218</td></tr><tr class="retriedeven"><td><a href="#m73">titleCheck</a></td><td rowspan="1">1652234203837</td><td rowspan="1">1027</td></tr></tbody>
<tbody id="t14"><tr><th colspan="4">C:/Users/bassv/intellij-workspace/Ebay_Framework_FInal/src/test/java/com/PageTests/SearchSelectTest.java &#8212; passed</th></tr><tr class="passedeven"><td rowspan="3">com.PageTests.SearchSelectTest</td><td><a href="#m74">consoleDescription</a></td><td rowspan="1">1652234276183</td><td rowspan="1">1584</td></tr><tr class="passedeven"><td><a href="#m75">getWholePageInfo</a></td><td rowspan="1">1652234249236</td><td rowspan="1">6021</td></tr><tr class="passedeven"><td><a href="#m76">iPhoneDescription</a></td><td rowspan="1">1652234262811</td><td rowspan="1">9944</td></tr></tbody>
<tbody id="t15"><tr><th colspan="4">C:/Users/bassv/intellij-workspace/Ebay_Framework_FInal/src/test/java/com/PageTests/SelleCenterTest.java &#8212; passed</th></tr><tr class="passedeven"><td rowspan="2">com.PageTests.SelleCenterTest</td><td><a href="#m77">hoverOverTest</a></td><td rowspan="1">1652234286742</td><td rowspan="1">54499</td></tr><tr class="passedeven"><td><a href="#m78">pageTest</a></td><td rowspan="1">1652234281107</td><td rowspan="1">2215</td></tr></tbody>
<tbody id="t16"><tr><th colspan="4">C:/Users/bassv/intellij-workspace/Ebay_Framework_FInal/src/test/java/com/PageTests/SportingGoodsTest.java &#8212; passed</th></tr><tr class="passedeven"><td rowspan="6">com.PageTests.SportingGoodsTest</td><td><a href="#m79">callinAllHiddenItems</a></td><td rowspan="1">1652234348538</td><td rowspan="1">10905</td></tr><tr class="passedeven"><td><a href="#m80">checkBottomText</a></td><td rowspan="1">1652234372362</td><td rowspan="1">1472</td></tr><tr class="passedeven"><td><a href="#m81">clickingItems</a></td><td rowspan="1">1652234414824</td><td rowspan="1">9109</td></tr><tr class="passedeven"><td><a href="#m82">getFullpageInfo</a></td><td rowspan="1">1652234407178</td><td rowspan="1">453</td></tr><tr class="passedeven"><td><a href="#m83">logoTest</a></td><td rowspan="1">1652234362832</td><td rowspan="1">2330</td></tr><tr class="passedeven"><td><a href="#m84">sportingGoodsClicks</a></td><td rowspan="1">1652234381043</td><td rowspan="1">22943</td></tr></tbody>
<tbody id="t17"><tr><th colspan="4">C:/Users/bassv/intellij-workspace/Ebay_Framework_FInal/src/test/java/com/PageTests/StartSellingTest.java &#8212; passed</th></tr><tr class="passedeven"><td rowspan="5">com.PageTests.StartSellingTest</td><td><a href="#m85">faQText</a></td><td rowspan="1">1652234430648</td><td rowspan="1">672</td></tr><tr class="passedeven"><td><a href="#m86">listAnItem</a></td><td rowspan="1">1652234434523</td><td rowspan="1">3830</td></tr><tr class="passedeven"><td><a href="#m87">pageTitle</a></td><td rowspan="1">1652234427149</td><td rowspan="1">507</td></tr><tr class="passedeven"><td><a href="#m88">searchSuggestion</a></td><td rowspan="1">1652234445588</td><td rowspan="1">6914</td></tr><tr class="passedeven"><td><a href="#m89">sellerPolicyInfo</a></td><td rowspan="1">1652234459773</td><td rowspan="1">5787</td></tr></tbody>
</table>
<h2>C:/Users/bassv/intellij-workspace/Ebay_Framework_FInal/src/test/java/com/PageTests/BrandOutletTest.java</h2><h3 id="m0">com.PageTests.BrandOutletTest#assertingPageTitle</h3><table class="result"><tr><th class="invisible"/></tr></table><p class="totop"><a href="#summary">back to summary</a></p>
<h3 id="m1">com.PageTests.BrandOutletTest#callingAllHiddenButtons</h3><table class="result"><tr><th class="invisible"/></tr></table><p class="totop"><a href="#summary">back to summary</a></p>
<h2>C:/Users/bassv/intellij-workspace/Ebay_Framework_FInal/src/test/java/com/PageTests/BusinessTest.java</h2><h3 id="m2">com.PageTests.BusinessTest#tearDown</h3><table class="result"><tr><th>Exception</th></tr><tr><td><div class="stacktrace">org.openqa.selenium.WebDriverException: target frame detached
  (Session info: chrome=101.0.4951.54)
Build info: version: &apos;4.1.1&apos;, revision: &apos;e8fcc2cecf&apos;
System info: host: &apos;DESKTOP-MHM4477&apos;, ip: &apos;192.168.0.103&apos;, os.name: &apos;Windows 10&apos;, os.arch: &apos;amd64&apos;, os.version: &apos;10.0&apos;, java.version: &apos;11.0.12&apos;
Driver info: org.openqa.selenium.chrome.ChromeDriver
Command: [ad004e2811d284cddd64c31f2c4ce9df, close {}]
Capabilities {acceptInsecureCerts: false, browserName: chrome, browserVersion: 101.0.4951.54, chrome: {chromedriverVersion: 101.0.4951.41 (93c720db8323..., userDataDir: C:\Users\bassv\AppData\Loca...}, goog:chromeOptions: {debuggerAddress: localhost:57066}, javascriptEnabled: true, networkConnectionEnabled: false, pageLoadStrategy: normal, platform: WINDOWS, platformName: WINDOWS, proxy: Proxy(), se:cdp: ws://localhost:57066/devtoo..., se:cdpVersion: 101.0.4951.54, setWindowRect: true, strictFileInteractability: false, timeouts: {implicit: 0, pageLoad: 300000, script: 30000}, unhandledPromptBehavior: dismiss and notify, webauthn:extension:credBlob: true, webauthn:extension:largeBlob: true, webauthn:virtualAuthenticators: true}
Session ID: ad004e2811d284cddd64c31f2c4ce9df
	at java.base/jdk.internal.reflect.NativeConstructorAccessorImpl.newInstance0(Native Method)
	at java.base/jdk.internal.reflect.NativeConstructorAccessorImpl.newInstance(NativeConstructorAccessorImpl.java:62)
	at java.base/jdk.internal.reflect.DelegatingConstructorAccessorImpl.newInstance(DelegatingConstructorAccessorImpl.java:45)
	at java.base/java.lang.reflect.Constructor.newInstance(Constructor.java:490)
	at org.openqa.selenium.remote.codec.w3c.W3CHttpResponseCodec.createException(W3CHttpResponseCodec.java:200)
	at org.openqa.selenium.remote.codec.w3c.W3CHttpResponseCodec.decode(W3CHttpResponseCodec.java:133)
	at org.openqa.selenium.remote.codec.w3c.W3CHttpResponseCodec.decode(W3CHttpResponseCodec.java:53)
	at org.openqa.selenium.remote.HttpCommandExecutor.execute(HttpCommandExecutor.java:184)
	at org.openqa.selenium.remote.service.DriverCommandExecutor.invokeExecute(DriverCommandExecutor.java:167)
	at org.openqa.selenium.remote.service.DriverCommandExecutor.execute(DriverCommandExecutor.java:142)
	at org.openqa.selenium.remote.RemoteWebDriver.execute(RemoteWebDriver.java:543)
	at org.openqa.selenium.remote.RemoteWebDriver.execute(RemoteWebDriver.java:598)
	at org.openqa.selenium.remote.RemoteWebDriver.execute(RemoteWebDriver.java:602)
	at org.openqa.selenium.remote.RemoteWebDriver.close(RemoteWebDriver.java:428)
	at com.PageTests.BusinessTest.tearDown(BusinessTest.java:79)
	at java.base/jdk.internal.reflect.NativeMethodAccessorImpl.invoke0(Native Method)
	at java.base/jdk.internal.reflect.NativeMethodAccessorImpl.invoke(NativeMethodAccessorImpl.java:62)
	at java.base/jdk.internal.reflect.DelegatingMethodAccessorImpl.invoke(DelegatingMethodAccessorImpl.java:43)
	at java.base/java.lang.reflect.Method.invoke(Method.java:566)
	at org.testng.internal.invokers.MethodInvocationHelper.invokeMethod(MethodInvocationHelper.java:135)
	at org.testng.internal.invokers.MethodInvocationHelper.invokeMethodConsideringTimeout(MethodInvocationHelper.java:65)
	at org.testng.internal.invokers.ConfigInvoker.invokeConfigurationMethod(ConfigInvoker.java:381)
	at org.testng.internal.invokers.ConfigInvoker.invokeConfigurations(ConfigInvoker.java:319)
	at org.testng.internal.invokers.TestInvoker.runConfigMethods(TestInvoker.java:803)
	at org.testng.internal.invokers.TestInvoker.runAfterConfigurations(TestInvoker.java:772)
	at org.testng.internal.invokers.TestInvoker.invokeMethod(TestInvoker.java:748)
	at org.testng.internal.invokers.TestInvoker.invokeTestMethod(TestInvoker.java:220)
	at org.testng.internal.invokers.MethodRunner.runInSequence(MethodRunner.java:50)
	at org.testng.internal.invokers.TestInvoker$MethodInvocationAgent.invoke(TestInvoker.java:945)
	at org.testng.internal.invokers.TestInvoker.invokeTestMethods(TestInvoker.java:193)
	at org.testng.internal.invokers.TestMethodWorker.invokeTestMethods(TestMethodWorker.java:146)
	at org.testng.internal.invokers.TestMethodWorker.run(TestMethodWorker.java:128)
	at java.base/java.util.ArrayList.forEach(ArrayList.java:1541)
	at org.testng.TestRunner.privateRun(TestRunner.java:808)
	at org.testng.TestRunner.run(TestRunner.java:603)
	at org.testng.SuiteRunner.runTest(SuiteRunner.java:429)
	at org.testng.SuiteRunner.runSequentially(SuiteRunner.java:423)
	at org.testng.SuiteRunner.privateRun(SuiteRunner.java:383)
	at org.testng.SuiteRunner.run(SuiteRunner.java:326)
	at org.testng.SuiteRunnerWorker.runSuite(SuiteRunnerWorker.java:52)
	at org.testng.SuiteRunnerWorker.run(SuiteRunnerWorker.java:95)
	at org.testng.TestNG.runSuitesSequentially(TestNG.java:1249)
	at org.testng.TestNG.runSuitesLocally(TestNG.java:1169)
	at org.testng.TestNG.runSuites(TestNG.java:1092)
	at org.testng.TestNG.run(TestNG.java:1060)
	at com.intellij.rt.testng.IDEARemoteTestNG.run(IDEARemoteTestNG.java:66)
	at com.intellij.rt.testng.RemoteTestNGStarter.main(RemoteTestNGStarter.java:109)
</div></td></tr></table><p class="totop"><a href="#summary">back to summary</a></p>
<h3 id="m3">com.PageTests.BusinessTest#satrtUp</h3><table class="result"><tr><th class="invisible"/></tr></table><p class="totop"><a href="#summary">back to summary</a></p>
<h3 id="m4">com.PageTests.BusinessTest#tearDown</h3><table class="result"><tr><th class="invisible"/></tr></table><p class="totop"><a href="#summary">back to summary</a></p>
<h3 id="m5">com.PageTests.BusinessTest#dropTest</h3><table class="result"><tr><th>Exception</th></tr><tr><td><div class="stacktrace">org.openqa.selenium.WebDriverException: target frame detached
  (Session info: chrome=101.0.4951.54)
Build info: version: &apos;4.1.1&apos;, revision: &apos;e8fcc2cecf&apos;
System info: host: &apos;DESKTOP-MHM4477&apos;, ip: &apos;192.168.0.103&apos;, os.name: &apos;Windows 10&apos;, os.arch: &apos;amd64&apos;, os.version: &apos;10.0&apos;, java.version: &apos;11.0.12&apos;
Driver info: org.openqa.selenium.chrome.ChromeDriver
Command: [ad004e2811d284cddd64c31f2c4ce9df, close {}]
Capabilities {acceptInsecureCerts: false, browserName: chrome, browserVersion: 101.0.4951.54, chrome: {chromedriverVersion: 101.0.4951.41 (93c720db8323..., userDataDir: C:\Users\bassv\AppData\Loca...}, goog:chromeOptions: {debuggerAddress: localhost:57066}, javascriptEnabled: true, networkConnectionEnabled: false, pageLoadStrategy: normal, platform: WINDOWS, platformName: WINDOWS, proxy: Proxy(), se:cdp: ws://localhost:57066/devtoo..., se:cdpVersion: 101.0.4951.54, setWindowRect: true, strictFileInteractability: false, timeouts: {implicit: 0, pageLoad: 300000, script: 30000}, unhandledPromptBehavior: dismiss and notify, webauthn:extension:credBlob: true, webauthn:extension:largeBlob: true, webauthn:virtualAuthenticators: true}
Session ID: ad004e2811d284cddd64c31f2c4ce9df
	at java.base/jdk.internal.reflect.NativeConstructorAccessorImpl.newInstance0(Native Method)
	at java.base/jdk.internal.reflect.NativeConstructorAccessorImpl.newInstance(NativeConstructorAccessorImpl.java:62)
	at java.base/jdk.internal.reflect.DelegatingConstructorAccessorImpl.newInstance(DelegatingConstructorAccessorImpl.java:45)
	at java.base/java.lang.reflect.Constructor.newInstance(Constructor.java:490)
	at org.openqa.selenium.remote.codec.w3c.W3CHttpResponseCodec.createException(W3CHttpResponseCodec.java:200)
	at org.openqa.selenium.remote.codec.w3c.W3CHttpResponseCodec.decode(W3CHttpResponseCodec.java:133)
	at org.openqa.selenium.remote.codec.w3c.W3CHttpResponseCodec.decode(W3CHttpResponseCodec.java:53)
	at org.openqa.selenium.remote.HttpCommandExecutor.execute(HttpCommandExecutor.java:184)
	at org.openqa.selenium.remote.service.DriverCommandExecutor.invokeExecute(DriverCommandExecutor.java:167)
	at org.openqa.selenium.remote.service.DriverCommandExecutor.execute(DriverCommandExecutor.java:142)
	at org.openqa.selenium.remote.RemoteWebDriver.execute(RemoteWebDriver.java:543)
	at org.openqa.selenium.remote.RemoteWebDriver.execute(RemoteWebDriver.java:598)
	at org.openqa.selenium.remote.RemoteWebDriver.execute(RemoteWebDriver.java:602)
	at org.openqa.selenium.remote.RemoteWebDriver.close(RemoteWebDriver.java:428)
	at com.PageTests.BusinessTest.tearDown(BusinessTest.java:79)
	at java.base/jdk.internal.reflect.NativeMethodAccessorImpl.invoke0(Native Method)
	at java.base/jdk.internal.reflect.NativeMethodAccessorImpl.invoke(NativeMethodAccessorImpl.java:62)
	at java.base/jdk.internal.reflect.DelegatingMethodAccessorImpl.invoke(DelegatingMethodAccessorImpl.java:43)
	at java.base/java.lang.reflect.Method.invoke(Method.java:566)
	at org.testng.internal.invokers.MethodInvocationHelper.invokeMethod(MethodInvocationHelper.java:135)
	at org.testng.internal.invokers.MethodInvocationHelper.invokeMethodConsideringTimeout(MethodInvocationHelper.java:65)
	at org.testng.internal.invokers.ConfigInvoker.invokeConfigurationMethod(ConfigInvoker.java:381)
	at org.testng.internal.invokers.ConfigInvoker.invokeConfigurations(ConfigInvoker.java:319)
	at org.testng.internal.invokers.TestInvoker.runConfigMethods(TestInvoker.java:803)
	at org.testng.internal.invokers.TestInvoker.runAfterConfigurations(TestInvoker.java:772)
	at org.testng.internal.invokers.TestInvoker.invokeMethod(TestInvoker.java:748)
	at org.testng.internal.invokers.TestInvoker.invokeTestMethod(TestInvoker.java:220)
	at org.testng.internal.invokers.MethodRunner.runInSequence(MethodRunner.java:50)
	at org.testng.internal.invokers.TestInvoker$MethodInvocationAgent.invoke(TestInvoker.java:945)
	at org.testng.internal.invokers.TestInvoker.invokeTestMethods(TestInvoker.java:193)
	at org.testng.internal.invokers.TestMethodWorker.invokeTestMethods(TestMethodWorker.java:146)
	at org.testng.internal.invokers.TestMethodWorker.run(TestMethodWorker.java:128)
	at java.base/java.util.ArrayList.forEach(ArrayList.java:1541)
	at org.testng.TestRunner.privateRun(TestRunner.java:808)
	at org.testng.TestRunner.run(TestRunner.java:603)
	at org.testng.SuiteRunner.runTest(SuiteRunner.java:429)
	at org.testng.SuiteRunner.runSequentially(SuiteRunner.java:423)
	at org.testng.SuiteRunner.privateRun(SuiteRunner.java:383)
	at org.testng.SuiteRunner.run(SuiteRunner.java:326)
	at org.testng.SuiteRunnerWorker.runSuite(SuiteRunnerWorker.java:52)
	at org.testng.SuiteRunnerWorker.run(SuiteRunnerWorker.java:95)
	at org.testng.TestNG.runSuitesSequentially(TestNG.java:1249)
	at org.testng.TestNG.runSuitesLocally(TestNG.java:1169)
	at org.testng.TestNG.runSuites(TestNG.java:1092)
	at org.testng.TestNG.run(TestNG.java:1060)
	at com.intellij.rt.testng.IDEARemoteTestNG.run(IDEARemoteTestNG.java:66)
	at com.intellij.rt.testng.RemoteTestNGStarter.main(RemoteTestNGStarter.java:109)
</div></td></tr></table><p class="totop"><a href="#summary">back to summary</a></p>
<h3 id="m6">com.PageTests.BusinessTest#allHiddenButton</h3><table class="result"><tr><th class="invisible"/></tr></table><p class="totop"><a href="#summary">back to summary</a></p>
<h3 id="m7">com.PageTests.BusinessTest#clickLogo</h3><table class="result"><tr><th class="invisible"/></tr></table><p class="totop"><a href="#summary">back to summary</a></p>
<h3 id="m8">com.PageTests.BusinessTest#clickinAnItem</h3><table class="result"><tr><th class="invisible"/></tr></table><p class="totop"><a href="#summary">back to summary</a></p>
<h3 id="m9">com.PageTests.BusinessTest#clickingAllhiddenItems</h3><table class="result"><tr><th class="invisible"/></tr></table><p class="totop"><a href="#summary">back to summary</a></p>
<h3 id="m10">com.PageTests.BusinessTest#scrollFullpage</h3><table class="result"><tr><th class="invisible"/></tr></table><p class="totop"><a href="#summary">back to summary</a></p>
<h3 id="m11">com.PageTests.BusinessTest#webLinks</h3><table class="result"><tr><th class="invisible"/></tr></table><p class="totop"><a href="#summary">back to summary</a></p>
<h2>C:/Users/bassv/intellij-workspace/Ebay_Framework_FInal/src/test/java/com/PageTests/CareerTest.java</h2><h3 id="m12">com.PageTests.CareerTest#category</h3><table class="result"><tr><th class="invisible"/></tr></table><p class="totop"><a href="#summary">back to summary</a></p>
<h3 id="m13">com.PageTests.CareerTest#clickingOtherLinks</h3><table class="result"><tr><th class="invisible"/></tr></table><p class="totop"><a href="#summary">back to summary</a></p>
<h3 id="m14">com.PageTests.CareerTest#location</h3><table class="result"><tr><th class="invisible"/></tr></table><p class="totop"><a href="#summary">back to summary</a></p>
<h3 id="m15">com.PageTests.CareerTest#titleTest</h3><table class="result"><tr><th class="invisible"/></tr></table><p class="totop"><a href="#summary">back to summary</a></p>
<h2>C:/Users/bassv/intellij-workspace/Ebay_Framework_FInal/src/test/java/com/PageTests/ClothingAccessoriesTests.java</h2><h3 id="m16">com.PageTests.ClothingAccessoriesTests#remainingCategories</h3><table class="result"><tr><th>Exception</th></tr><tr><td><div class="stacktrace">org.openqa.selenium.WebDriverException: target frame detached
  (Session info: chrome=101.0.4951.54)
Build info: version: &apos;4.1.1&apos;, revision: &apos;e8fcc2cecf&apos;
System info: host: &apos;DESKTOP-MHM4477&apos;, ip: &apos;192.168.0.103&apos;, os.name: &apos;Windows 10&apos;, os.arch: &apos;amd64&apos;, os.version: &apos;10.0&apos;, java.version: &apos;11.0.12&apos;
Driver info: org.openqa.selenium.chrome.ChromeDriver
Command: [caa79064d0fde0267d06545b779f02f6, findElement {using=xpath, value=//a[contains(text(),&apos;Traditional &amp; World Clothing&apos;)]}]
Capabilities {acceptInsecureCerts: false, browserName: chrome, browserVersion: 101.0.4951.54, chrome: {chromedriverVersion: 101.0.4951.41 (93c720db8323..., userDataDir: C:\Users\bassv\AppData\Loca...}, goog:chromeOptions: {debuggerAddress: localhost:58041}, javascriptEnabled: true, networkConnectionEnabled: false, pageLoadStrategy: normal, platform: WINDOWS, platformName: WINDOWS, proxy: Proxy(), se:cdp: ws://localhost:58041/devtoo..., se:cdpVersion: 101.0.4951.54, setWindowRect: true, strictFileInteractability: false, timeouts: {implicit: 0, pageLoad: 300000, script: 30000}, unhandledPromptBehavior: dismiss and notify, webauthn:extension:credBlob: true, webauthn:extension:largeBlob: true, webauthn:virtualAuthenticators: true}
Session ID: caa79064d0fde0267d06545b779f02f6
	at java.base/jdk.internal.reflect.NativeConstructorAccessorImpl.newInstance0(Native Method)
	at java.base/jdk.internal.reflect.NativeConstructorAccessorImpl.newInstance(NativeConstructorAccessorImpl.java:62)
	at java.base/jdk.internal.reflect.DelegatingConstructorAccessorImpl.newInstance(DelegatingConstructorAccessorImpl.java:45)
	at java.base/java.lang.reflect.Constructor.newInstance(Constructor.java:490)
	at org.openqa.selenium.remote.codec.w3c.W3CHttpResponseCodec.createException(W3CHttpResponseCodec.java:200)
	at org.openqa.selenium.remote.codec.w3c.W3CHttpResponseCodec.decode(W3CHttpResponseCodec.java:133)
	at org.openqa.selenium.remote.codec.w3c.W3CHttpResponseCodec.decode(W3CHttpResponseCodec.java:53)
	at org.openqa.selenium.remote.HttpCommandExecutor.execute(HttpCommandExecutor.java:184)
	at org.openqa.selenium.remote.service.DriverCommandExecutor.invokeExecute(DriverCommandExecutor.java:167)
	at org.openqa.selenium.remote.service.DriverCommandExecutor.execute(DriverCommandExecutor.java:142)
	at org.openqa.selenium.remote.RemoteWebDriver.execute(RemoteWebDriver.java:543)
	at org.openqa.selenium.remote.ElementLocation$ElementFinder$2.findElement(ElementLocation.java:162)
	at org.openqa.selenium.remote.ElementLocation.findElement(ElementLocation.java:60)
	at org.openqa.selenium.remote.RemoteWebDriver.findElement(RemoteWebDriver.java:367)
	at org.openqa.selenium.remote.RemoteWebDriver.findElement(RemoteWebDriver.java:359)
	at org.openqa.selenium.support.pagefactory.DefaultElementLocator.findElement(DefaultElementLocator.java:70)
	at org.openqa.selenium.support.pagefactory.internal.LocatingElementHandler.invoke(LocatingElementHandler.java:39)
	at com.sun.proxy.$Proxy20.click(Unknown Source)
	at com.PageObjects.ClothingandAccessories.selectingOtherCategories(ClothingandAccessories.java:174)
	at com.PageTests.ClothingAccessoriesTests.remainingCategories(ClothingAccessoriesTests.java:34)
	at java.base/jdk.internal.reflect.NativeMethodAccessorImpl.invoke0(Native Method)
	at java.base/jdk.internal.reflect.NativeMethodAccessorImpl.invoke(NativeMethodAccessorImpl.java:62)
	at java.base/jdk.internal.reflect.DelegatingMethodAccessorImpl.invoke(DelegatingMethodAccessorImpl.java:43)
	at java.base/java.lang.reflect.Method.invoke(Method.java:566)
	at org.testng.internal.invokers.MethodInvocationHelper.invokeMethod(MethodInvocationHelper.java:135)
	at org.testng.internal.invokers.TestInvoker.invokeMethod(TestInvoker.java:673)
	at org.testng.internal.invokers.TestInvoker.invokeTestMethod(TestInvoker.java:220)
	at org.testng.internal.invokers.MethodRunner.runInSequence(MethodRunner.java:50)
	at org.testng.internal.invokers.TestInvoker$MethodInvocationAgent.invoke(TestInvoker.java:945)
	at org.testng.internal.invokers.TestInvoker.invokeTestMethods(TestInvoker.java:193)
	at org.testng.internal.invokers.TestMethodWorker.invokeTestMethods(TestMethodWorker.java:146)
	at org.testng.internal.invokers.TestMethodWorker.run(TestMethodWorker.java:128)
	at java.base/java.util.ArrayList.forEach(ArrayList.java:1541)
	at org.testng.TestRunner.privateRun(TestRunner.java:808)
	at org.testng.TestRunner.run(TestRunner.java:603)
	at org.testng.SuiteRunner.runTest(SuiteRunner.java:429)
	at org.testng.SuiteRunner.runSequentially(SuiteRunner.java:423)
	at org.testng.SuiteRunner.privateRun(SuiteRunner.java:383)
	at org.testng.SuiteRunner.run(SuiteRunner.java:326)
	at org.testng.SuiteRunnerWorker.runSuite(SuiteRunnerWorker.java:52)
	at org.testng.SuiteRunnerWorker.run(SuiteRunnerWorker.java:95)
	at org.testng.TestNG.runSuitesSequentially(TestNG.java:1249)
	at org.testng.TestNG.runSuitesLocally(TestNG.java:1169)
	at org.testng.TestNG.runSuites(TestNG.java:1092)
	at org.testng.TestNG.run(TestNG.java:1060)
	at com.intellij.rt.testng.IDEARemoteTestNG.run(IDEARemoteTestNG.java:66)
	at com.intellij.rt.testng.RemoteTestNGStarter.main(RemoteTestNGStarter.java:109)
</div></td></tr></table><p class="totop"><a href="#summary">back to summary</a></p>
<h3 id="m17">com.PageTests.ClothingAccessoriesTests#categoryTest2</h3><table class="result"><tr><th class="invisible"/></tr></table><p class="totop"><a href="#summary">back to summary</a></p>
<h3 id="m18">com.PageTests.ClothingAccessoriesTests#checkTitle</h3><table class="result"><tr><th class="invisible"/></tr></table><p class="totop"><a href="#summary">back to summary</a></p>
<h3 id="m19">com.PageTests.ClothingAccessoriesTests#remainingCategories</h3><table class="result"><tr><th class="invisible"/></tr></table><p class="totop"><a href="#summary">back to summary</a></p>
<h3 id="m20">com.PageTests.ClothingAccessoriesTests#testHiddenButton</h3><table class="result"><tr><th class="invisible"/></tr></table><p class="totop"><a href="#summary">back to summary</a></p>
<h2>C:/Users/bassv/intellij-workspace/Ebay_Framework_FInal/src/test/java/com/PageTests/CollecteblesTest.java</h2><h3 id="m21">com.PageTests.CollecteblesTest#collectibles2</h3><table class="result"><tr><th>Exception</th></tr><tr><td><div class="stacktrace">org.openqa.selenium.StaleElementReferenceException: stale element reference: element is not attached to the page document
  (Session info: chrome=101.0.4951.54)
For documentation on this error, please visit: https://selenium.dev/exceptions/#stale_element_reference
Build info: version: &apos;4.1.1&apos;, revision: &apos;e8fcc2cecf&apos;
System info: host: &apos;DESKTOP-MHM4477&apos;, ip: &apos;192.168.0.103&apos;, os.name: &apos;Windows 10&apos;, os.arch: &apos;amd64&apos;, os.version: &apos;10.0&apos;, java.version: &apos;11.0.12&apos;
Driver info: org.openqa.selenium.chrome.ChromeDriver
Command: [95a5c3c30fffeda0b6b937a1b5978400, clickElement {id=f036045f-e269-4479-949a-bce0a3181577}]
Capabilities {acceptInsecureCerts: false, browserName: chrome, browserVersion: 101.0.4951.54, chrome: {chromedriverVersion: 101.0.4951.41 (93c720db8323..., userDataDir: C:\Users\bassv\AppData\Loca...}, goog:chromeOptions: {debuggerAddress: localhost:58439}, javascriptEnabled: true, networkConnectionEnabled: false, pageLoadStrategy: normal, platform: WINDOWS, platformName: WINDOWS, proxy: Proxy(), se:cdp: ws://localhost:58439/devtoo..., se:cdpVersion: 101.0.4951.54, setWindowRect: true, strictFileInteractability: false, timeouts: {implicit: 0, pageLoad: 300000, script: 30000}, unhandledPromptBehavior: dismiss and notify, webauthn:extension:credBlob: true, webauthn:extension:largeBlob: true, webauthn:virtualAuthenticators: true}
Element: [[ChromeDriver: chrome on WINDOWS (95a5c3c30fffeda0b6b937a1b5978400)] -&gt; link text: Collectibles &amp; Art]
Session ID: 95a5c3c30fffeda0b6b937a1b5978400
	at java.base/jdk.internal.reflect.NativeConstructorAccessorImpl.newInstance0(Native Method)
	at java.base/jdk.internal.reflect.NativeConstructorAccessorImpl.newInstance(NativeConstructorAccessorImpl.java:62)
	at java.base/jdk.internal.reflect.DelegatingConstructorAccessorImpl.newInstance(DelegatingConstructorAccessorImpl.java:45)
	at java.base/java.lang.reflect.Constructor.newInstance(Constructor.java:490)
	at org.openqa.selenium.remote.codec.w3c.W3CHttpResponseCodec.createException(W3CHttpResponseCodec.java:200)
	at org.openqa.selenium.remote.codec.w3c.W3CHttpResponseCodec.decode(W3CHttpResponseCodec.java:133)
	at org.openqa.selenium.remote.codec.w3c.W3CHttpResponseCodec.decode(W3CHttpResponseCodec.java:53)
	at org.openqa.selenium.remote.HttpCommandExecutor.execute(HttpCommandExecutor.java:184)
	at org.openqa.selenium.remote.service.DriverCommandExecutor.invokeExecute(DriverCommandExecutor.java:167)
	at org.openqa.selenium.remote.service.DriverCommandExecutor.execute(DriverCommandExecutor.java:142)
	at org.openqa.selenium.remote.RemoteWebDriver.execute(RemoteWebDriver.java:543)
	at org.openqa.selenium.remote.RemoteWebElement.execute(RemoteWebElement.java:251)
	at org.openqa.selenium.remote.RemoteWebElement.click(RemoteWebElement.java:77)
	at jdk.internal.reflect.GeneratedMethodAccessor1.invoke(Unknown Source)
	at java.base/jdk.internal.reflect.DelegatingMethodAccessorImpl.invoke(DelegatingMethodAccessorImpl.java:43)
	at java.base/java.lang.reflect.Method.invoke(Method.java:566)
	at org.openqa.selenium.support.pagefactory.internal.LocatingElementHandler.invoke(LocatingElementHandler.java:52)
	at com.sun.proxy.$Proxy20.click(Unknown Source)
	at com.TestBase.Constants.click(Constants.java:129)
	at com.PageObjects.CollecteblesAndArt.clickCollect(CollecteblesAndArt.java:83)
	at com.PageTests.CollecteblesTest.collectibles2(CollecteblesTest.java:48)
	at java.base/jdk.internal.reflect.NativeMethodAccessorImpl.invoke0(Native Method)
	at java.base/jdk.internal.reflect.NativeMethodAccessorImpl.invoke(NativeMethodAccessorImpl.java:62)
	at java.base/jdk.internal.reflect.DelegatingMethodAccessorImpl.invoke(DelegatingMethodAccessorImpl.java:43)
	at java.base/java.lang.reflect.Method.invoke(Method.java:566)
	at org.testng.internal.invokers.MethodInvocationHelper.invokeMethod(MethodInvocationHelper.java:135)
	at org.testng.internal.invokers.TestInvoker.invokeMethod(TestInvoker.java:673)
	at org.testng.internal.invokers.TestInvoker.invokeTestMethod(TestInvoker.java:220)
	at org.testng.internal.invokers.MethodRunner.runInSequence(MethodRunner.java:50)
	at org.testng.internal.invokers.TestInvoker$MethodInvocationAgent.invoke(TestInvoker.java:945)
	at org.testng.internal.invokers.TestInvoker.invokeTestMethods(TestInvoker.java:193)
	at org.testng.internal.invokers.TestMethodWorker.invokeTestMethods(TestMethodWorker.java:146)
	at org.testng.internal.invokers.TestMethodWorker.run(TestMethodWorker.java:128)
	at java.base/java.util.ArrayList.forEach(ArrayList.java:1541)
	at org.testng.TestRunner.privateRun(TestRunner.java:808)
	at org.testng.TestRunner.run(TestRunner.java:603)
	at org.testng.SuiteRunner.runTest(SuiteRunner.java:429)
	at org.testng.SuiteRunner.runSequentially(SuiteRunner.java:423)
	at org.testng.SuiteRunner.privateRun(SuiteRunner.java:383)
	at org.testng.SuiteRunner.run(SuiteRunner.java:326)
	at org.testng.SuiteRunnerWorker.runSuite(SuiteRunnerWorker.java:52)
	at org.testng.SuiteRunnerWorker.run(SuiteRunnerWorker.java:95)
	at org.testng.TestNG.runSuitesSequentially(TestNG.java:1249)
	at org.testng.TestNG.runSuitesLocally(TestNG.java:1169)
	at org.testng.TestNG.runSuites(TestNG.java:1092)
	at org.testng.TestNG.run(TestNG.java:1060)
	at com.intellij.rt.testng.IDEARemoteTestNG.run(IDEARemoteTestNG.java:66)
	at com.intellij.rt.testng.RemoteTestNGStarter.main(RemoteTestNGStarter.java:109)
</div></td></tr></table><p class="totop"><a href="#summary">back to summary</a></p>
<h3 id="m22">com.PageTests.CollecteblesTest#collectibles1</h3><table class="result"><tr><th class="invisible"/></tr></table><p class="totop"><a href="#summary">back to summary</a></p>
<h3 id="m23">com.PageTests.CollecteblesTest#collectibles2</h3><table class="result"><tr><th class="invisible"/></tr></table><p class="totop"><a href="#summary">back to summary</a></p>
<h3 id="m24">com.PageTests.CollecteblesTest#collectibles3</h3><table class="result"><tr><th class="invisible"/></tr></table><p class="totop"><a href="#summary">back to summary</a></p>
<h3 id="m25">com.PageTests.CollecteblesTest#collectibles5</h3><table class="result"><tr><th class="invisible"/></tr></table><p class="totop"><a href="#summary">back to summary</a></p>
<h3 id="m26">com.PageTests.CollecteblesTest#hiddenItems</h3><table class="result"><tr><th class="invisible"/></tr></table><p class="totop"><a href="#summary">back to summary</a></p>
<h3 id="m27">com.PageTests.CollecteblesTest#itemsOfPage</h3><table class="result"><tr><th class="invisible"/></tr></table><p class="totop"><a href="#summary">back to summary</a></p>
<h3 id="m28">com.PageTests.CollecteblesTest#pageBottomTextPrint</h3><table class="result"><tr><th class="invisible"/></tr></table><p class="totop"><a href="#summary">back to summary</a></p>
<h2>C:/Users/bassv/intellij-workspace/Ebay_Framework_FInal/src/test/java/com/PageTests/DailyDealsTest.java</h2><h3 id="m29">com.PageTests.DailyDealsTest#checkingAllDropDowns</h3><table class="result"><tr><th class="invisible"/></tr></table><p class="totop"><a href="#summary">back to summary</a></p>
<h3 id="m30">com.PageTests.DailyDealsTest#featuredBody</h3><table class="result"><tr><th class="invisible"/></tr></table><p class="totop"><a href="#summary">back to summary</a></p>
<h3 id="m31">com.PageTests.DailyDealsTest#fetchTitle</h3><table class="result"><tr><th class="invisible"/></tr></table><p class="totop"><a href="#summary">back to summary</a></p>
<h3 id="m32">com.PageTests.DailyDealsTest#itemsClick</h3><table class="result"><tr><th class="invisible"/></tr></table><p class="totop"><a href="#summary">back to summary</a></p>
<h3 id="m33">com.PageTests.DailyDealsTest#screenShot</h3><table class="result"><tr><th class="invisible"/></tr></table><p class="totop"><a href="#summary">back to summary</a></p>
<h2>C:/Users/bassv/intellij-workspace/Ebay_Framework_FInal/src/test/java/com/PageTests/ElectronicsPageTest.java</h2><h3 id="m34">com.PageTests.ElectronicsPageTest#callingDropDown1</h3><table class="result"><tr><th class="invisible"/></tr></table><p class="totop"><a href="#summary">back to summary</a></p>
<h3 id="m35">com.PageTests.ElectronicsPageTest#callingDropDown10</h3><table class="result"><tr><th class="invisible"/></tr></table><p class="totop"><a href="#summary">back to summary</a></p>
<h3 id="m36">com.PageTests.ElectronicsPageTest#callingDropDown2</h3><table class="result"><tr><th class="invisible"/></tr></table><p class="totop"><a href="#summary">back to summary</a></p>
<h3 id="m37">com.PageTests.ElectronicsPageTest#callingDropDown3</h3><table class="result"><tr><th class="invisible"/></tr></table><p class="totop"><a href="#summary">back to summary</a></p>
<h3 id="m38">com.PageTests.ElectronicsPageTest#callingDropDown4</h3><table class="result"><tr><th class="invisible"/></tr></table><p class="totop"><a href="#summary">back to summary</a></p>
<h3 id="m39">com.PageTests.ElectronicsPageTest#callingDropDown5</h3><table class="result"><tr><th class="invisible"/></tr></table><p class="totop"><a href="#summary">back to summary</a></p>
<h3 id="m40">com.PageTests.ElectronicsPageTest#callingDropDown6</h3><table class="result"><tr><th class="invisible"/></tr></table><p class="totop"><a href="#summary">back to summary</a></p>
<h3 id="m41">com.PageTests.ElectronicsPageTest#callingDropDown7</h3><table class="result"><tr><th class="invisible"/></tr></table><p class="totop"><a href="#summary">back to summary</a></p>
<h3 id="m42">com.PageTests.ElectronicsPageTest#callingDropDown8</h3><table class="result"><tr><th class="invisible"/></tr></table><p class="totop"><a href="#summary">back to summary</a></p>
<h3 id="m43">com.PageTests.ElectronicsPageTest#callingDropDown9</h3><table class="result"><tr><th class="invisible"/></tr></table><p class="totop"><a href="#summary">back to summary</a></p>
<h3 id="m44">com.PageTests.ElectronicsPageTest#clickItem</h3><table class="result"><tr><th class="invisible"/></tr></table><p class="totop"><a href="#summary">back to summary</a></p>
<h3 id="m45">com.PageTests.ElectronicsPageTest#titleTEst2</h3><table class="result"><tr><th class="invisible"/></tr></table><p class="totop"><a href="#summary">back to summary</a></p>
<h3 id="m46">com.PageTests.ElectronicsPageTest#titleTest</h3><table class="result"><tr><th class="invisible"/></tr></table><p class="totop"><a href="#summary">back to summary</a></p>
<h2>C:/Users/bassv/intellij-workspace/Ebay_Framework_FInal/src/test/java/com/PageTests/HomePageSearchTest.java</h2><h3 id="m47">com.PageTests.HomePageSearchTest#itemSearch</h3><table class="result"><tr><th class="invisible"/></tr></table><p class="totop"><a href="#summary">back to summary</a></p>
<h3 id="m48">com.PageTests.HomePageSearchTest#itemSearchResults</h3><table class="result"><tr><th class="invisible"/></tr></table><p class="totop"><a href="#summary">back to summary</a></p>
<h3 id="m49">com.PageTests.HomePageSearchTest#searchAgain</h3><table class="result"><tr><th class="invisible"/></tr></table><p class="totop"><a href="#summary">back to summary</a></p>
<h3 id="m50">com.PageTests.HomePageSearchTest#searchResultsAgain</h3><table class="result"><tr><th class="invisible"/></tr></table><p class="totop"><a href="#summary">back to summary</a></p>
<h3 id="m51">com.PageTests.HomePageSearchTest#titleTest</h3><table class="result"><tr><th class="invisible"/></tr></table><p class="totop"><a href="#summary">back to summary</a></p>
<h2>C:/Users/bassv/intellij-workspace/Ebay_Framework_FInal/src/test/java/com/PageTests/HomePageTest.java</h2><h3 id="m52">com.PageTests.HomePageTest#categorySelect</h3><table class="result"><tr><th class="invisible"/></tr></table><p class="totop"><a href="#summary">back to summary</a></p>
<h3 id="m53">com.PageTests.HomePageTest#footerPicture</h3><table class="result"><tr><th class="invisible"/></tr></table><p class="totop"><a href="#summary">back to summary</a></p>
<h3 id="m54">com.PageTests.HomePageTest#hoverTest</h3><table class="result"><tr><th class="invisible"/></tr></table><p class="totop"><a href="#summary">back to summary</a></p>
<h3 id="m55">com.PageTests.HomePageTest#moneyBackClick</h3><table class="result"><tr><th class="invisible"/></tr></table><p class="totop"><a href="#summary">back to summary</a></p>
<h3 id="m56">com.PageTests.HomePageTest#searchDrop</h3><table class="result"><tr><th class="invisible"/></tr></table><p class="totop"><a href="#summary">back to summary</a></p>
<h2>C:/Users/bassv/intellij-workspace/Ebay_Framework_FInal/src/test/java/com/PageTests/JeweleryTest.java</h2><h3 id="m57">com.PageTests.JeweleryTest#jewelry1</h3><table class="result"><tr><th>Exception</th></tr><tr><td><div class="stacktrace">org.openqa.selenium.WebDriverException: target frame detached
  (Session info: chrome=101.0.4951.54)
Build info: version: &apos;4.1.1&apos;, revision: &apos;e8fcc2cecf&apos;
System info: host: &apos;DESKTOP-MHM4477&apos;, ip: &apos;192.168.0.103&apos;, os.name: &apos;Windows 10&apos;, os.arch: &apos;amd64&apos;, os.version: &apos;10.0&apos;, java.version: &apos;11.0.12&apos;
Driver info: org.openqa.selenium.chrome.ChromeDriver
Command: [d85259db979005259da99d1d2b673a8d, findElement {using=xpath, value=//span[contains(text(),&apos;Engagement &amp; Wedding Jewelry&apos;)]}]
Capabilities {acceptInsecureCerts: false, browserName: chrome, browserVersion: 101.0.4951.54, chrome: {chromedriverVersion: 101.0.4951.41 (93c720db8323..., userDataDir: C:\Users\bassv\AppData\Loca...}, goog:chromeOptions: {debuggerAddress: localhost:61998}, javascriptEnabled: true, networkConnectionEnabled: false, pageLoadStrategy: normal, platform: WINDOWS, platformName: WINDOWS, proxy: Proxy(), se:cdp: ws://localhost:61998/devtoo..., se:cdpVersion: 101.0.4951.54, setWindowRect: true, strictFileInteractability: false, timeouts: {implicit: 0, pageLoad: 300000, script: 30000}, unhandledPromptBehavior: dismiss and notify, webauthn:extension:credBlob: true, webauthn:extension:largeBlob: true, webauthn:virtualAuthenticators: true}
Session ID: d85259db979005259da99d1d2b673a8d
	at java.base/jdk.internal.reflect.NativeConstructorAccessorImpl.newInstance0(Native Method)
	at java.base/jdk.internal.reflect.NativeConstructorAccessorImpl.newInstance(NativeConstructorAccessorImpl.java:62)
	at java.base/jdk.internal.reflect.DelegatingConstructorAccessorImpl.newInstance(DelegatingConstructorAccessorImpl.java:45)
	at java.base/java.lang.reflect.Constructor.newInstance(Constructor.java:490)
	at org.openqa.selenium.remote.codec.w3c.W3CHttpResponseCodec.createException(W3CHttpResponseCodec.java:200)
	at org.openqa.selenium.remote.codec.w3c.W3CHttpResponseCodec.decode(W3CHttpResponseCodec.java:133)
	at org.openqa.selenium.remote.codec.w3c.W3CHttpResponseCodec.decode(W3CHttpResponseCodec.java:53)
	at org.openqa.selenium.remote.HttpCommandExecutor.execute(HttpCommandExecutor.java:184)
	at org.openqa.selenium.remote.service.DriverCommandExecutor.invokeExecute(DriverCommandExecutor.java:167)
	at org.openqa.selenium.remote.service.DriverCommandExecutor.execute(DriverCommandExecutor.java:142)
	at org.openqa.selenium.remote.RemoteWebDriver.execute(RemoteWebDriver.java:543)
	at org.openqa.selenium.remote.ElementLocation$ElementFinder$2.findElement(ElementLocation.java:162)
	at org.openqa.selenium.remote.ElementLocation.findElement(ElementLocation.java:60)
	at org.openqa.selenium.remote.RemoteWebDriver.findElement(RemoteWebDriver.java:367)
	at org.openqa.selenium.remote.RemoteWebDriver.findElement(RemoteWebDriver.java:359)
	at org.openqa.selenium.support.pagefactory.DefaultElementLocator.findElement(DefaultElementLocator.java:70)
	at org.openqa.selenium.support.pagefactory.internal.LocatingElementHandler.invoke(LocatingElementHandler.java:39)
	at com.sun.proxy.$Proxy20.click(Unknown Source)
	at com.TestBase.Constants.click(Constants.java:129)
	at com.PageObjects.JewleryAndWatches.clickengagementWeddingJewelryLink(JewleryAndWatches.java:116)
	at com.PageTests.JeweleryTest.jewelry1(JeweleryTest.java:29)
	at java.base/jdk.internal.reflect.NativeMethodAccessorImpl.invoke0(Native Method)
	at java.base/jdk.internal.reflect.NativeMethodAccessorImpl.invoke(NativeMethodAccessorImpl.java:62)
	at java.base/jdk.internal.reflect.DelegatingMethodAccessorImpl.invoke(DelegatingMethodAccessorImpl.java:43)
	at java.base/java.lang.reflect.Method.invoke(Method.java:566)
	at org.testng.internal.invokers.MethodInvocationHelper.invokeMethod(MethodInvocationHelper.java:135)
	at org.testng.internal.invokers.TestInvoker.invokeMethod(TestInvoker.java:673)
	at org.testng.internal.invokers.TestInvoker.invokeTestMethod(TestInvoker.java:220)
	at org.testng.internal.invokers.MethodRunner.runInSequence(MethodRunner.java:50)
	at org.testng.internal.invokers.TestInvoker$MethodInvocationAgent.invoke(TestInvoker.java:945)
	at org.testng.internal.invokers.TestInvoker.invokeTestMethods(TestInvoker.java:193)
	at org.testng.internal.invokers.TestMethodWorker.invokeTestMethods(TestMethodWorker.java:146)
	at org.testng.internal.invokers.TestMethodWorker.run(TestMethodWorker.java:128)
	at java.base/java.util.ArrayList.forEach(ArrayList.java:1541)
	at org.testng.TestRunner.privateRun(TestRunner.java:808)
	at org.testng.TestRunner.run(TestRunner.java:603)
	at org.testng.SuiteRunner.runTest(SuiteRunner.java:429)
	at org.testng.SuiteRunner.runSequentially(SuiteRunner.java:423)
	at org.testng.SuiteRunner.privateRun(SuiteRunner.java:383)
	at org.testng.SuiteRunner.run(SuiteRunner.java:326)
	at org.testng.SuiteRunnerWorker.runSuite(SuiteRunnerWorker.java:52)
	at org.testng.SuiteRunnerWorker.run(SuiteRunnerWorker.java:95)
	at org.testng.TestNG.runSuitesSequentially(TestNG.java:1249)
	at org.testng.TestNG.runSuitesLocally(TestNG.java:1169)
	at org.testng.TestNG.runSuites(TestNG.java:1092)
	at org.testng.TestNG.run(TestNG.java:1060)
	at com.intellij.rt.testng.IDEARemoteTestNG.run(IDEARemoteTestNG.java:66)
	at com.intellij.rt.testng.RemoteTestNGStarter.main(RemoteTestNGStarter.java:109)
</div></td></tr></table><p class="totop"><a href="#summary">back to summary</a></p>
<h3 id="m58">com.PageTests.JeweleryTest#jewelry1</h3><table class="result"><tr><th class="invisible"/></tr></table><p class="totop"><a href="#summary">back to summary</a></p>
<h3 id="m59">com.PageTests.JeweleryTest#jewelry2</h3><table class="result"><tr><th class="invisible"/></tr></table><p class="totop"><a href="#summary">back to summary</a></p>
<h2>C:/Users/bassv/intellij-workspace/Ebay_Framework_FInal/src/test/java/com/PageTests/LogInPageTest.java</h2><h2>C:/Users/bassv/intellij-workspace/Ebay_Framework_FInal/src/test/java/com/PageTests/MotorsTest.java</h2><h3 id="m60">com.PageTests.MotorsTest#hiddenButtons</h3><table class="result"><tr><th class="invisible"/></tr></table><p class="totop"><a href="#summary">back to summary</a></p>
<h3 id="m61">com.PageTests.MotorsTest#hiddenItemCLicks</h3><table class="result"><tr><th class="invisible"/></tr></table><p class="totop"><a href="#summary">back to summary</a></p>
<h3 id="m62">com.PageTests.MotorsTest#pageTitle</h3><table class="result"><tr><th class="invisible"/></tr></table><p class="totop"><a href="#summary">back to summary</a></p>
<h3 id="m63">com.PageTests.MotorsTest#printText</h3><table class="result"><tr><th class="invisible"/></tr></table><p class="totop"><a href="#summary">back to summary</a></p>
<h2>C:/Users/bassv/intellij-workspace/Ebay_Framework_FInal/src/test/java/com/PageTests/RefurbishedPageTest.java</h2><h3 id="m64">com.PageTests.RefurbishedPageTest#bottomTxt</h3><table class="result"><tr><th class="invisible"/></tr></table><p class="totop"><a href="#summary">back to summary</a></p>
<h3 id="m65">com.PageTests.RefurbishedPageTest#callingAllHiddenButtons</h3><table class="result"><tr><th class="invisible"/></tr></table><p class="totop"><a href="#summary">back to summary</a></p>
<h3 id="m66">com.PageTests.RefurbishedPageTest#clickManyItems</h3><table class="result"><tr><th class="invisible"/></tr></table><p class="totop"><a href="#summary">back to summary</a></p>
<h3 id="m67">com.PageTests.RefurbishedPageTest#fullPagetTxT</h3><table class="result"><tr><th class="invisible"/></tr></table><p class="totop"><a href="#summary">back to summary</a></p>
<h3 id="m68">com.PageTests.RefurbishedPageTest#logoClick</h3><table class="result"><tr><th class="invisible"/></tr></table><p class="totop"><a href="#summary">back to summary</a></p>
<h3 id="m69">com.PageTests.RefurbishedPageTest#pageInfo</h3><table class="result"><tr><th class="invisible"/></tr></table><p class="totop"><a href="#summary">back to summary</a></p>
<h2>C:/Users/bassv/intellij-workspace/Ebay_Framework_FInal/src/test/java/com/PageTests/RegisterUserTest.java</h2><h3 id="m70">com.PageTests.RegisterUserTest#registerUserInput</h3><table class="result"><tr class="param"><th>Parameter #1</th><th>Parameter #2</th><th>Parameter #3</th><th>Parameter #4</th></tr><tr class="param stripe"><td>kachi</td><td>biryani</td><td>chickenbeef24799@gmail.com</td><td>Chocolatebiscuit247.</td></tr><tr><th colspan="4">Exception</th></tr><tr><td colspan="4"><div class="stacktrace">org.openqa.selenium.ElementClickInterceptedException: element click intercepted: Element &lt;input type=&quot;checkbox&quot; class=&quot;checkbox__control&quot; id=&quot;showpassword&quot; aria-label=&quot;Show password&quot;&gt; is not clickable at point (647, 428). Other element would receive the click: &lt;iframe id=&quot;captchaFrame&quot; src=&quot;/captcharouter_challenge?ap=1&amp;amp;iim=bMTQyLG&amp;amp;iia=fxjEwNSzC&amp;amp;iiz=pji41LjIzOkz&amp;amp;ru=https%3A%2F%2Fsignup.ebay.com%2Fajax%2Fvalidatefield&amp;amp;iid=3a89d78d-ce7d-4dde-8385-d1dc6af0784b&quot; style=&quot;position: fixed; width: 100%; height: 100%; top: 0px; left: 0px; margin: 0px; padding: 0px; border: 0px; background-color: white; z-index: 99999;&quot;&gt;&lt;/iframe&gt;
  (Session info: chrome=101.0.4951.54)
Build info: version: &apos;4.1.1&apos;, revision: &apos;e8fcc2cecf&apos;
System info: host: &apos;DESKTOP-MHM4477&apos;, ip: &apos;192.168.0.103&apos;, os.name: &apos;Windows 10&apos;, os.arch: &apos;amd64&apos;, os.version: &apos;10.0&apos;, java.version: &apos;11.0.12&apos;
Driver info: org.openqa.selenium.chrome.ChromeDriver
Command: [a8931c4f5f72d502378430831b712f77, clickElement {id=d0ddb6bb-bc90-4305-9f3c-7d251e7f9715}]
Capabilities {acceptInsecureCerts: false, browserName: chrome, browserVersion: 101.0.4951.54, chrome: {chromedriverVersion: 101.0.4951.41 (93c720db8323..., userDataDir: C:\Users\bassv\AppData\Loca...}, goog:chromeOptions: {debuggerAddress: localhost:54611}, javascriptEnabled: true, networkConnectionEnabled: false, pageLoadStrategy: normal, platform: WINDOWS, platformName: WINDOWS, proxy: Proxy(), se:cdp: ws://localhost:54611/devtoo..., se:cdpVersion: 101.0.4951.54, setWindowRect: true, strictFileInteractability: false, timeouts: {implicit: 0, pageLoad: 300000, script: 30000}, unhandledPromptBehavior: dismiss and notify, webauthn:extension:credBlob: true, webauthn:extension:largeBlob: true, webauthn:virtualAuthenticators: true}
Element: [[ChromeDriver: chrome on WINDOWS (a8931c4f5f72d502378430831b712f77)] -&gt; xpath: //input[@id=&apos;showpassword&apos;]]
Session ID: a8931c4f5f72d502378430831b712f77
	at java.base/jdk.internal.reflect.NativeConstructorAccessorImpl.newInstance0(Native Method)
	at java.base/jdk.internal.reflect.NativeConstructorAccessorImpl.newInstance(NativeConstructorAccessorImpl.java:62)
	at java.base/jdk.internal.reflect.DelegatingConstructorAccessorImpl.newInstance(DelegatingConstructorAccessorImpl.java:45)
	at java.base/java.lang.reflect.Constructor.newInstance(Constructor.java:490)
	at org.openqa.selenium.remote.codec.w3c.W3CHttpResponseCodec.createException(W3CHttpResponseCodec.java:200)
	at org.openqa.selenium.remote.codec.w3c.W3CHttpResponseCodec.decode(W3CHttpResponseCodec.java:133)
	at org.openqa.selenium.remote.codec.w3c.W3CHttpResponseCodec.decode(W3CHttpResponseCodec.java:53)
	at org.openqa.selenium.remote.HttpCommandExecutor.execute(HttpCommandExecutor.java:184)
	at org.openqa.selenium.remote.service.DriverCommandExecutor.invokeExecute(DriverCommandExecutor.java:167)
	at org.openqa.selenium.remote.service.DriverCommandExecutor.execute(DriverCommandExecutor.java:142)
	at org.openqa.selenium.remote.RemoteWebDriver.execute(RemoteWebDriver.java:543)
	at org.openqa.selenium.remote.RemoteWebElement.execute(RemoteWebElement.java:251)
	at org.openqa.selenium.remote.RemoteWebElement.click(RemoteWebElement.java:77)
	at jdk.internal.reflect.GeneratedMethodAccessor1.invoke(Unknown Source)
	at java.base/jdk.internal.reflect.DelegatingMethodAccessorImpl.invoke(DelegatingMethodAccessorImpl.java:43)
	at java.base/java.lang.reflect.Method.invoke(Method.java:566)
	at org.openqa.selenium.support.pagefactory.internal.LocatingElementHandler.invoke(LocatingElementHandler.java:52)
	at com.sun.proxy.$Proxy20.click(Unknown Source)
	at com.TestBase.Constants.click(Constants.java:129)
	at com.PageObjects.RegisterUserPage.clickRegister(RegisterUserPage.java:68)
	at com.PageTests.RegisterUserTest.registerUserInput(RegisterUserTest.java:40)
	at java.base/jdk.internal.reflect.NativeMethodAccessorImpl.invoke0(Native Method)
	at java.base/jdk.internal.reflect.NativeMethodAccessorImpl.invoke(NativeMethodAccessorImpl.java:62)
	at java.base/jdk.internal.reflect.DelegatingMethodAccessorImpl.invoke(DelegatingMethodAccessorImpl.java:43)
	at java.base/java.lang.reflect.Method.invoke(Method.java:566)
	at org.testng.internal.invokers.MethodInvocationHelper.invokeMethod(MethodInvocationHelper.java:135)
	at org.testng.internal.invokers.TestInvoker.invokeMethod(TestInvoker.java:673)
	at org.testng.internal.invokers.TestInvoker.retryFailed(TestInvoker.java:262)
	at org.testng.internal.invokers.MethodRunner.runInSequence(MethodRunner.java:62)
	at org.testng.internal.invokers.TestInvoker$MethodInvocationAgent.invoke(TestInvoker.java:945)
	at org.testng.internal.invokers.TestInvoker.invokeTestMethods(TestInvoker.java:193)
	at org.testng.internal.invokers.TestMethodWorker.invokeTestMethods(TestMethodWorker.java:146)
	at org.testng.internal.invokers.TestMethodWorker.run(TestMethodWorker.java:128)
	at java.base/java.util.ArrayList.forEach(ArrayList.java:1541)
	at org.testng.TestRunner.privateRun(TestRunner.java:808)
	at org.testng.TestRunner.run(TestRunner.java:603)
	at org.testng.SuiteRunner.runTest(SuiteRunner.java:429)
	at org.testng.SuiteRunner.runSequentially(SuiteRunner.java:423)
	at org.testng.SuiteRunner.privateRun(SuiteRunner.java:383)
	at org.testng.SuiteRunner.run(SuiteRunner.java:326)
	at org.testng.SuiteRunnerWorker.runSuite(SuiteRunnerWorker.java:52)
	at org.testng.SuiteRunnerWorker.run(SuiteRunnerWorker.java:95)
	at org.testng.TestNG.runSuitesSequentially(TestNG.java:1249)
	at org.testng.TestNG.runSuitesLocally(TestNG.java:1169)
	at org.testng.TestNG.runSuites(TestNG.java:1092)
	at org.testng.TestNG.run(TestNG.java:1060)
	at com.intellij.rt.testng.IDEARemoteTestNG.run(IDEARemoteTestNG.java:66)
	at com.intellij.rt.testng.RemoteTestNGStarter.main(RemoteTestNGStarter.java:109)
</div></td></tr></table><p class="totop"><a href="#summary">back to summary</a></p>
<h3 id="m71">com.PageTests.RegisterUserTest#titleCheck</h3><table class="result"><tr><th>Exception</th></tr><tr><td><div class="stacktrace">java.lang.AssertionError: expected [true] but found [false]
	at org.testng.Assert.fail(Assert.java:110)
	at org.testng.Assert.failNotEquals(Assert.java:1413)
	at org.testng.Assert.assertTrue(Assert.java:56)
	at org.testng.Assert.assertTrue(Assert.java:66)
	at com.PageObjects.RegisterUserPage.captureTitle(RegisterUserPage.java:90)
	at com.PageTests.RegisterUserTest.titleCheck(RegisterUserTest.java:26)
	at java.base/jdk.internal.reflect.NativeMethodAccessorImpl.invoke0(Native Method)
	at java.base/jdk.internal.reflect.NativeMethodAccessorImpl.invoke(NativeMethodAccessorImpl.java:62)
	at java.base/jdk.internal.reflect.DelegatingMethodAccessorImpl.invoke(DelegatingMethodAccessorImpl.java:43)
	at java.base/java.lang.reflect.Method.invoke(Method.java:566)
	at org.testng.internal.invokers.MethodInvocationHelper.invokeMethod(MethodInvocationHelper.java:135)
	at org.testng.internal.invokers.TestInvoker.invokeMethod(TestInvoker.java:673)
	at org.testng.internal.invokers.TestInvoker.retryFailed(TestInvoker.java:262)
	at org.testng.internal.invokers.MethodRunner.runInSequence(MethodRunner.java:62)
	at org.testng.internal.invokers.TestInvoker$MethodInvocationAgent.invoke(TestInvoker.java:945)
	at org.testng.internal.invokers.TestInvoker.invokeTestMethods(TestInvoker.java:193)
	at org.testng.internal.invokers.TestMethodWorker.invokeTestMethods(TestMethodWorker.java:146)
	at org.testng.internal.invokers.TestMethodWorker.run(TestMethodWorker.java:128)
	at java.base/java.util.ArrayList.forEach(ArrayList.java:1541)
	at org.testng.TestRunner.privateRun(TestRunner.java:808)
	at org.testng.TestRunner.run(TestRunner.java:603)
	at org.testng.SuiteRunner.runTest(SuiteRunner.java:429)
	at org.testng.SuiteRunner.runSequentially(SuiteRunner.java:423)
	at org.testng.SuiteRunner.privateRun(SuiteRunner.java:383)
	at org.testng.SuiteRunner.run(SuiteRunner.java:326)
	at org.testng.SuiteRunnerWorker.runSuite(SuiteRunnerWorker.java:52)
	at org.testng.SuiteRunnerWorker.run(SuiteRunnerWorker.java:95)
	at org.testng.TestNG.runSuitesSequentially(TestNG.java:1249)
	at org.testng.TestNG.runSuitesLocally(TestNG.java:1169)
	at org.testng.TestNG.runSuites(TestNG.java:1092)
	at org.testng.TestNG.run(TestNG.java:1060)
	at com.intellij.rt.testng.IDEARemoteTestNG.run(IDEARemoteTestNG.java:66)
	at com.intellij.rt.testng.RemoteTestNGStarter.main(RemoteTestNGStarter.java:109)
</div></td></tr></table><p class="totop"><a href="#summary">back to summary</a></p>
<h3 id="m72">com.PageTests.RegisterUserTest#registerUserInput</h3><table class="result"><tr class="param"><th>Parameter #1</th><th>Parameter #2</th><th>Parameter #3</th><th>Parameter #4</th></tr><tr class="param stripe"><td>kachi</td><td>biryani</td><td>chickenbeef24799@gmail.com</td><td>Chocolatebiscuit247.</td></tr><tr><th colspan="4">Exception</th></tr><tr><td colspan="4"><div class="stacktrace">org.openqa.selenium.NoSuchElementException: no such element: Unable to locate element: {&quot;method&quot;:&quot;xpath&quot;,&quot;selector&quot;:&quot;//input[@id=&apos;personalaccount-radio&apos;]&quot;}
  (Session info: chrome=101.0.4951.54)
For documentation on this error, please visit: https://selenium.dev/exceptions/#no_such_element
Build info: version: &apos;4.1.1&apos;, revision: &apos;e8fcc2cecf&apos;
System info: host: &apos;DESKTOP-MHM4477&apos;, ip: &apos;192.168.0.103&apos;, os.name: &apos;Windows 10&apos;, os.arch: &apos;amd64&apos;, os.version: &apos;10.0&apos;, java.version: &apos;11.0.12&apos;
Driver info: org.openqa.selenium.chrome.ChromeDriver
Command: [c1f44abe111341c4fd91463c9b6d8773, findElement {using=xpath, value=//input[@id=&apos;personalaccount-radio&apos;]}]
Capabilities {acceptInsecureCerts: false, browserName: chrome, browserVersion: 101.0.4951.54, chrome: {chromedriverVersion: 101.0.4951.41 (93c720db8323..., userDataDir: C:\Users\bassv\AppData\Loca...}, goog:chromeOptions: {debuggerAddress: localhost:54536}, javascriptEnabled: true, networkConnectionEnabled: false, pageLoadStrategy: normal, platform: WINDOWS, platformName: WINDOWS, proxy: Proxy(), se:cdp: ws://localhost:54536/devtoo..., se:cdpVersion: 101.0.4951.54, setWindowRect: true, strictFileInteractability: false, timeouts: {implicit: 0, pageLoad: 300000, script: 30000}, unhandledPromptBehavior: dismiss and notify, webauthn:extension:credBlob: true, webauthn:extension:largeBlob: true, webauthn:virtualAuthenticators: true}
Session ID: c1f44abe111341c4fd91463c9b6d8773
	at java.base/jdk.internal.reflect.NativeConstructorAccessorImpl.newInstance0(Native Method)
	at java.base/jdk.internal.reflect.NativeConstructorAccessorImpl.newInstance(NativeConstructorAccessorImpl.java:62)
	at java.base/jdk.internal.reflect.DelegatingConstructorAccessorImpl.newInstance(DelegatingConstructorAccessorImpl.java:45)
	at java.base/java.lang.reflect.Constructor.newInstance(Constructor.java:490)
	at org.openqa.selenium.remote.codec.w3c.W3CHttpResponseCodec.createException(W3CHttpResponseCodec.java:200)
	at org.openqa.selenium.remote.codec.w3c.W3CHttpResponseCodec.decode(W3CHttpResponseCodec.java:133)
	at org.openqa.selenium.remote.codec.w3c.W3CHttpResponseCodec.decode(W3CHttpResponseCodec.java:53)
	at org.openqa.selenium.remote.HttpCommandExecutor.execute(HttpCommandExecutor.java:184)
	at org.openqa.selenium.remote.service.DriverCommandExecutor.invokeExecute(DriverCommandExecutor.java:167)
	at org.openqa.selenium.remote.service.DriverCommandExecutor.execute(DriverCommandExecutor.java:142)
	at org.openqa.selenium.remote.RemoteWebDriver.execute(RemoteWebDriver.java:543)
	at org.openqa.selenium.remote.ElementLocation$ElementFinder$2.findElement(ElementLocation.java:162)
	at org.openqa.selenium.remote.ElementLocation.findElement(ElementLocation.java:60)
	at org.openqa.selenium.remote.RemoteWebDriver.findElement(RemoteWebDriver.java:367)
	at org.openqa.selenium.remote.RemoteWebDriver.findElement(RemoteWebDriver.java:359)
	at org.openqa.selenium.support.pagefactory.DefaultElementLocator.findElement(DefaultElementLocator.java:70)
	at org.openqa.selenium.support.pagefactory.internal.LocatingElementHandler.invoke(LocatingElementHandler.java:39)
	at com.sun.proxy.$Proxy20.click(Unknown Source)
	at com.TestBase.Constants.click(Constants.java:129)
	at com.PageObjects.RegisterUserPage.registerClick(RegisterUserPage.java:49)
	at com.PageObjects.RegisterUserPage.clickRegister(RegisterUserPage.java:59)
	at com.PageTests.RegisterUserTest.registerUserInput(RegisterUserTest.java:40)
	at java.base/jdk.internal.reflect.NativeMethodAccessorImpl.invoke0(Native Method)
	at java.base/jdk.internal.reflect.NativeMethodAccessorImpl.invoke(NativeMethodAccessorImpl.java:62)
	at java.base/jdk.internal.reflect.DelegatingMethodAccessorImpl.invoke(DelegatingMethodAccessorImpl.java:43)
	at java.base/java.lang.reflect.Method.invoke(Method.java:566)
	at org.testng.internal.invokers.MethodInvocationHelper.invokeMethod(MethodInvocationHelper.java:135)
	at org.testng.internal.invokers.TestInvoker.invokeMethod(TestInvoker.java:673)
	at org.testng.internal.invokers.TestInvoker.invokeTestMethod(TestInvoker.java:220)
	at org.testng.internal.invokers.MethodRunner.runInSequence(MethodRunner.java:50)
	at org.testng.internal.invokers.TestInvoker$MethodInvocationAgent.invoke(TestInvoker.java:945)
	at org.testng.internal.invokers.TestInvoker.invokeTestMethods(TestInvoker.java:193)
	at org.testng.internal.invokers.TestMethodWorker.invokeTestMethods(TestMethodWorker.java:146)
	at org.testng.internal.invokers.TestMethodWorker.run(TestMethodWorker.java:128)
	at java.base/java.util.ArrayList.forEach(ArrayList.java:1541)
	at org.testng.TestRunner.privateRun(TestRunner.java:808)
	at org.testng.TestRunner.run(TestRunner.java:603)
	at org.testng.SuiteRunner.runTest(SuiteRunner.java:429)
	at org.testng.SuiteRunner.runSequentially(SuiteRunner.java:423)
	at org.testng.SuiteRunner.privateRun(SuiteRunner.java:383)
	at org.testng.SuiteRunner.run(SuiteRunner.java:326)
	at org.testng.SuiteRunnerWorker.runSuite(SuiteRunnerWorker.java:52)
	at org.testng.SuiteRunnerWorker.run(SuiteRunnerWorker.java:95)
	at org.testng.TestNG.runSuitesSequentially(TestNG.java:1249)
	at org.testng.TestNG.runSuitesLocally(TestNG.java:1169)
	at org.testng.TestNG.runSuites(TestNG.java:1092)
	at org.testng.TestNG.run(TestNG.java:1060)
	at com.intellij.rt.testng.IDEARemoteTestNG.run(IDEARemoteTestNG.java:66)
	at com.intellij.rt.testng.RemoteTestNGStarter.main(RemoteTestNGStarter.java:109)
</div></td></tr></table><p class="totop"><a href="#summary">back to summary</a></p>
<h3 id="m73">com.PageTests.RegisterUserTest#titleCheck</h3><table class="result"><tr><th>Exception</th></tr><tr><td><div class="stacktrace">java.lang.AssertionError: expected [true] but found [false]
	at org.testng.Assert.fail(Assert.java:110)
	at org.testng.Assert.failNotEquals(Assert.java:1413)
	at org.testng.Assert.assertTrue(Assert.java:56)
	at org.testng.Assert.assertTrue(Assert.java:66)
	at com.PageObjects.RegisterUserPage.captureTitle(RegisterUserPage.java:90)
	at com.PageTests.RegisterUserTest.titleCheck(RegisterUserTest.java:26)
	at java.base/jdk.internal.reflect.NativeMethodAccessorImpl.invoke0(Native Method)
	at java.base/jdk.internal.reflect.NativeMethodAccessorImpl.invoke(NativeMethodAccessorImpl.java:62)
	at java.base/jdk.internal.reflect.DelegatingMethodAccessorImpl.invoke(DelegatingMethodAccessorImpl.java:43)
	at java.base/java.lang.reflect.Method.invoke(Method.java:566)
	at org.testng.internal.invokers.MethodInvocationHelper.invokeMethod(MethodInvocationHelper.java:135)
	at org.testng.internal.invokers.TestInvoker.invokeMethod(TestInvoker.java:673)
	at org.testng.internal.invokers.TestInvoker.invokeTestMethod(TestInvoker.java:220)
	at org.testng.internal.invokers.MethodRunner.runInSequence(MethodRunner.java:50)
	at org.testng.internal.invokers.TestInvoker$MethodInvocationAgent.invoke(TestInvoker.java:945)
	at org.testng.internal.invokers.TestInvoker.invokeTestMethods(TestInvoker.java:193)
	at org.testng.internal.invokers.TestMethodWorker.invokeTestMethods(TestMethodWorker.java:146)
	at org.testng.internal.invokers.TestMethodWorker.run(TestMethodWorker.java:128)
	at java.base/java.util.ArrayList.forEach(ArrayList.java:1541)
	at org.testng.TestRunner.privateRun(TestRunner.java:808)
	at org.testng.TestRunner.run(TestRunner.java:603)
	at org.testng.SuiteRunner.runTest(SuiteRunner.java:429)
	at org.testng.SuiteRunner.runSequentially(SuiteRunner.java:423)
	at org.testng.SuiteRunner.privateRun(SuiteRunner.java:383)
	at org.testng.SuiteRunner.run(SuiteRunner.java:326)
	at org.testng.SuiteRunnerWorker.runSuite(SuiteRunnerWorker.java:52)
	at org.testng.SuiteRunnerWorker.run(SuiteRunnerWorker.java:95)
	at org.testng.TestNG.runSuitesSequentially(TestNG.java:1249)
	at org.testng.TestNG.runSuitesLocally(TestNG.java:1169)
	at org.testng.TestNG.runSuites(TestNG.java:1092)
	at org.testng.TestNG.run(TestNG.java:1060)
	at com.intellij.rt.testng.IDEARemoteTestNG.run(IDEARemoteTestNG.java:66)
	at com.intellij.rt.testng.RemoteTestNGStarter.main(RemoteTestNGStarter.java:109)
</div></td></tr></table><p class="totop"><a href="#summary">back to summary</a></p>
<h2>C:/Users/bassv/intellij-workspace/Ebay_Framework_FInal/src/test/java/com/PageTests/SearchSelectTest.java</h2><h3 id="m74">com.PageTests.SearchSelectTest#consoleDescription</h3><table class="result"><tr><th class="invisible"/></tr></table><p class="totop"><a href="#summary">back to summary</a></p>
<h3 id="m75">com.PageTests.SearchSelectTest#getWholePageInfo</h3><table class="result"><tr><th class="invisible"/></tr></table><p class="totop"><a href="#summary">back to summary</a></p>
<h3 id="m76">com.PageTests.SearchSelectTest#iPhoneDescription</h3><table class="result"><tr><th class="invisible"/></tr></table><p class="totop"><a href="#summary">back to summary</a></p>
<h2>C:/Users/bassv/intellij-workspace/Ebay_Framework_FInal/src/test/java/com/PageTests/SelleCenterTest.java</h2><h3 id="m77">com.PageTests.SelleCenterTest#hoverOverTest</h3><table class="result"><tr><th class="invisible"/></tr></table><p class="totop"><a href="#summary">back to summary</a></p>
<h3 id="m78">com.PageTests.SelleCenterTest#pageTest</h3><table class="result"><tr><th class="invisible"/></tr></table><p class="totop"><a href="#summary">back to summary</a></p>
<h2>C:/Users/bassv/intellij-workspace/Ebay_Framework_FInal/src/test/java/com/PageTests/SportingGoodsTest.java</h2><h3 id="m79">com.PageTests.SportingGoodsTest#callinAllHiddenItems</h3><table class="result"><tr><th class="invisible"/></tr></table><p class="totop"><a href="#summary">back to summary</a></p>
<h3 id="m80">com.PageTests.SportingGoodsTest#checkBottomText</h3><table class="result"><tr><th class="invisible"/></tr></table><p class="totop"><a href="#summary">back to summary</a></p>
<h3 id="m81">com.PageTests.SportingGoodsTest#clickingItems</h3><table class="result"><tr><th class="invisible"/></tr></table><p class="totop"><a href="#summary">back to summary</a></p>
<h3 id="m82">com.PageTests.SportingGoodsTest#getFullpageInfo</h3><table class="result"><tr><th class="invisible"/></tr></table><p class="totop"><a href="#summary">back to summary</a></p>
<h3 id="m83">com.PageTests.SportingGoodsTest#logoTest</h3><table class="result"><tr><th class="invisible"/></tr></table><p class="totop"><a href="#summary">back to summary</a></p>
<h3 id="m84">com.PageTests.SportingGoodsTest#sportingGoodsClicks</h3><table class="result"><tr><th class="invisible"/></tr></table><p class="totop"><a href="#summary">back to summary</a></p>
<h2>C:/Users/bassv/intellij-workspace/Ebay_Framework_FInal/src/test/java/com/PageTests/StartSellingTest.java</h2><h3 id="m85">com.PageTests.StartSellingTest#faQText</h3><table class="result"><tr><th class="invisible"/></tr></table><p class="totop"><a href="#summary">back to summary</a></p>
<h3 id="m86">com.PageTests.StartSellingTest#listAnItem</h3><table class="result"><tr><th class="invisible"/></tr></table><p class="totop"><a href="#summary">back to summary</a></p>
<h3 id="m87">com.PageTests.StartSellingTest#pageTitle</h3><table class="result"><tr><th class="invisible"/></tr></table><p class="totop"><a href="#summary">back to summary</a></p>
<h3 id="m88">com.PageTests.StartSellingTest#searchSuggestion</h3><table class="result"><tr><th class="invisible"/></tr></table><p class="totop"><a href="#summary">back to summary</a></p>
<h3 id="m89">com.PageTests.StartSellingTest#sellerPolicyInfo</h3><table class="result"><tr><th class="invisible"/></tr></table><p class="totop"><a href="#summary">back to summary</a></p>
</body>
</html>
