<?xml version="1.0" encoding="UTF-8"?>
<testng-results retried="5" ignored="0" total="87" passed="79" failed="2" skipped="1">
  <reporter-output>
  </reporter-output>
  <suite started-at="2022-05-10T21:40:06 EDT" name="All Test Suite" finished-at="2022-05-10T22:01:05 EDT" duration-ms="1259107">
    <groups>
    </groups>
    <test started-at="2022-05-10T21:40:06 EDT" name="C:/Users/bassv/intellij-workspace/Ebay_Framework_FInal/src/test/java/com/PageTests/BrandOutletTest.java" finished-at="2022-05-10T21:40:43 EDT" duration-ms="37324">
      <class name="com.PageTests.BrandOutletTest">
        <test-method is-config="true" signature="setUp()[pri:0, instance:com.PageTests.BrandOutletTest@544d57e]" started-at="2022-05-10T21:40:06 EDT" name="setUp" finished-at="2022-05-10T21:40:11 EDT" duration-ms="4799" status="PASS">
          <reporter-output>
          </reporter-output>
        </test-method> <!-- setUp -->
        <test-method signature="assertingPageTitle()[pri:0, instance:com.PageTests.BrandOutletTest@544d57e]" started-at="2022-05-10T21:40:11 EDT" name="assertingPageTitle" finished-at="2022-05-10T21:40:12 EDT" duration-ms="1581" status="PASS">
          <reporter-output>
          </reporter-output>
        </test-method> <!-- assertingPageTitle -->
        <test-method is-config="true" signature="tearDown()[pri:0, instance:com.PageTests.BrandOutletTest@544d57e]" started-at="2022-05-10T21:40:12 EDT" name="tearDown" finished-at="2022-05-10T21:40:17 EDT" duration-ms="4156" status="PASS">
          <reporter-output>
          </reporter-output>
        </test-method> <!-- tearDown -->
        <test-method is-config="true" signature="setUp()[pri:0, instance:com.PageTests.BrandOutletTest@544d57e]" started-at="2022-05-10T21:40:17 EDT" name="setUp" finished-at="2022-05-10T21:40:20 EDT" duration-ms="3358" status="PASS">
          <reporter-output>
          </reporter-output>
        </test-method> <!-- setUp -->
        <test-method signature="callingAllHiddenButtons()[pri:0, instance:com.PageTests.BrandOutletTest@544d57e]" started-at="2022-05-10T21:40:20 EDT" name="callingAllHiddenButtons" finished-at="2022-05-10T21:40:39 EDT" duration-ms="19157" status="PASS">
          <reporter-output>
          </reporter-output>
        </test-method> <!-- callingAllHiddenButtons -->
        <test-method is-config="true" signature="tearDown()[pri:0, instance:com.PageTests.BrandOutletTest@544d57e]" started-at="2022-05-10T21:40:39 EDT" name="tearDown" finished-at="2022-05-10T21:40:43 EDT" duration-ms="4138" status="PASS">
          <reporter-output>
          </reporter-output>
        </test-method> <!-- tearDown -->
      </class> <!-- com.PageTests.BrandOutletTest -->
    </test> <!-- C:/Users/bassv/intellij-workspace/Ebay_Framework_FInal/src/test/java/com/PageTests/BrandOutletTest.java -->
    <test started-at="2022-05-10T21:40:43 EDT" name="C:/Users/bassv/intellij-workspace/Ebay_Framework_FInal/src/test/java/com/PageTests/BusinessTest.java" finished-at="2022-05-10T21:41:40 EDT" duration-ms="56870">
      <class name="com.PageTests.BusinessTest">
        <test-method is-config="true" signature="satrtUp()[pri:0, instance:com.PageTests.BusinessTest@68f4865]" started-at="2022-05-10T21:40:43 EDT" name="satrtUp" finished-at="2022-05-10T21:40:47 EDT" duration-ms="3360" status="PASS">
          <reporter-output>
          </reporter-output>
        </test-method> <!-- satrtUp -->
        <test-method signature="scrollFullpage()[pri:1, instance:com.PageTests.BusinessTest@68f4865]" started-at="2022-05-10T21:40:47 EDT" name="scrollFullpage" finished-at="2022-05-10T21:40:49 EDT" duration-ms="2019" status="PASS">
          <reporter-output>
          </reporter-output>
        </test-method> <!-- scrollFullpage -->
        <test-method is-config="true" signature="tearDown()[pri:0, instance:com.PageTests.BusinessTest@68f4865]" started-at="2022-05-10T21:40:49 EDT" name="tearDown" finished-at="2022-05-10T21:40:49 EDT" duration-ms="124" status="PASS">
          <reporter-output>
          </reporter-output>
        </test-method> <!-- tearDown -->
        <test-method is-config="true" signature="satrtUp()[pri:0, instance:com.PageTests.BusinessTest@68f4865]" started-at="2022-05-10T21:40:49 EDT" name="satrtUp" finished-at="2022-05-10T21:40:52 EDT" duration-ms="3293" status="PASS">
          <reporter-output>
          </reporter-output>
        </test-method> <!-- satrtUp -->
        <test-method signature="clickLogo()[pri:2, instance:com.PageTests.BusinessTest@68f4865]" started-at="2022-05-10T21:40:52 EDT" name="clickLogo" finished-at="2022-05-10T21:40:57 EDT" duration-ms="4834" status="PASS">
          <reporter-output>
          </reporter-output>
        </test-method> <!-- clickLogo -->
        <test-method is-config="true" signature="tearDown()[pri:0, instance:com.PageTests.BusinessTest@68f4865]" started-at="2022-05-10T21:40:57 EDT" name="tearDown" finished-at="2022-05-10T21:41:01 EDT" duration-ms="4138" status="PASS">
          <reporter-output>
          </reporter-output>
        </test-method> <!-- tearDown -->
        <test-method is-config="true" signature="satrtUp()[pri:0, instance:com.PageTests.BusinessTest@68f4865]" started-at="2022-05-10T21:41:01 EDT" name="satrtUp" finished-at="2022-05-10T21:41:04 EDT" duration-ms="3080" status="PASS">
          <reporter-output>
          </reporter-output>
        </test-method> <!-- satrtUp -->
        <test-method signature="allHiddenButton()[pri:3, instance:com.PageTests.BusinessTest@68f4865]" started-at="2022-05-10T21:41:04 EDT" name="allHiddenButton" finished-at="2022-05-10T21:41:08 EDT" duration-ms="3358" status="PASS">
          <reporter-output>
          </reporter-output>
        </test-method> <!-- allHiddenButton -->
        <test-method is-config="true" signature="tearDown()[pri:0, instance:com.PageTests.BusinessTest@68f4865]" started-at="2022-05-10T21:41:08 EDT" name="tearDown" finished-at="2022-05-10T21:41:12 EDT" duration-ms="4144" status="PASS">
          <reporter-output>
          </reporter-output>
        </test-method> <!-- tearDown -->
        <test-method is-config="true" signature="satrtUp()[pri:0, instance:com.PageTests.BusinessTest@68f4865]" started-at="2022-05-10T21:41:12 EDT" name="satrtUp" finished-at="2022-05-10T21:41:15 EDT" duration-ms="3154" status="PASS">
          <reporter-output>
          </reporter-output>
        </test-method> <!-- satrtUp -->
        <test-method signature="clickingAllhiddenItems()[pri:4, instance:com.PageTests.BusinessTest@68f4865]" started-at="2022-05-10T21:41:15 EDT" name="clickingAllhiddenItems" finished-at="2022-05-10T21:41:17 EDT" duration-ms="2023" status="PASS">
          <reporter-output>
          </reporter-output>
        </test-method> <!-- clickingAllhiddenItems -->
        <test-method is-config="true" signature="tearDown()[pri:0, instance:com.PageTests.BusinessTest@68f4865]" started-at="2022-05-10T21:41:17 EDT" name="tearDown" finished-at="2022-05-10T21:41:21 EDT" duration-ms="4147" status="PASS">
          <reporter-output>
          </reporter-output>
        </test-method> <!-- tearDown -->
        <test-method is-config="true" signature="satrtUp()[pri:0, instance:com.PageTests.BusinessTest@68f4865]" started-at="2022-05-10T21:41:21 EDT" name="satrtUp" finished-at="2022-05-10T21:41:24 EDT" duration-ms="3139" status="PASS">
          <reporter-output>
          </reporter-output>
        </test-method> <!-- satrtUp -->
        <test-method signature="clickinAnItem()[pri:5, instance:com.PageTests.BusinessTest@68f4865]" started-at="2022-05-10T21:41:24 EDT" name="clickinAnItem" finished-at="2022-05-10T21:41:28 EDT" duration-ms="3702" status="PASS">
          <reporter-output>
          </reporter-output>
        </test-method> <!-- clickinAnItem -->
        <test-method is-config="true" signature="tearDown()[pri:0, instance:com.PageTests.BusinessTest@68f4865]" started-at="2022-05-10T21:41:28 EDT" name="tearDown" finished-at="2022-05-10T21:41:32 EDT" duration-ms="4143" status="PASS">
          <reporter-output>
          </reporter-output>
        </test-method> <!-- tearDown -->
        <test-method is-config="true" signature="satrtUp()[pri:0, instance:com.PageTests.BusinessTest@68f4865]" started-at="2022-05-10T21:41:32 EDT" name="satrtUp" finished-at="2022-05-10T21:41:35 EDT" duration-ms="3071" status="PASS">
          <reporter-output>
          </reporter-output>
        </test-method> <!-- satrtUp -->
        <test-method signature="webLinks()[pri:6, instance:com.PageTests.BusinessTest@68f4865]" started-at="2022-05-10T21:41:35 EDT" name="webLinks" finished-at="2022-05-10T21:41:40 EDT" duration-ms="5083" status="PASS">
          <reporter-output>
          </reporter-output>
        </test-method> <!-- webLinks -->
        <test-method is-config="true" signature="tearDown()[pri:0, instance:com.PageTests.BusinessTest@68f4865]" started-at="2022-05-10T21:41:40 EDT" name="tearDown" finished-at="2022-05-10T21:41:40 EDT" duration-ms="10" status="FAIL">
          <exception class="org.openqa.selenium.WebDriverException">
            <message>
              <![CDATA[target frame detached
  (Session info: chrome=101.0.4951.54)
Build info: version: '4.1.1', revision: 'e8fcc2cecf'
System info: host: 'DESKTOP-MHM4477', ip: '192.168.0.103', os.name: 'Windows 10', os.arch: 'amd64', os.version: '10.0', java.version: '11.0.12'
Driver info: org.openqa.selenium.chrome.ChromeDriver
Command: [ad004e2811d284cddd64c31f2c4ce9df, close {}]
Capabilities {acceptInsecureCerts: false, browserName: chrome, browserVersion: 101.0.4951.54, chrome: {chromedriverVersion: 101.0.4951.41 (93c720db8323..., userDataDir: C:\Users\bassv\AppData\Loca...}, goog:chromeOptions: {debuggerAddress: localhost:57066}, javascriptEnabled: true, networkConnectionEnabled: false, pageLoadStrategy: normal, platform: WINDOWS, platformName: WINDOWS, proxy: Proxy(), se:cdp: ws://localhost:57066/devtoo..., se:cdpVersion: 101.0.4951.54, setWindowRect: true, strictFileInteractability: false, timeouts: {implicit: 0, pageLoad: 300000, script: 30000}, unhandledPromptBehavior: dismiss and notify, webauthn:extension:credBlob: true, webauthn:extension:largeBlob: true, webauthn:virtualAuthenticators: true}
Session ID: ad004e2811d284cddd64c31f2c4ce9df]]>
            </message>
            <full-stacktrace>
              <![CDATA[org.openqa.selenium.WebDriverException: target frame detached
  (Session info: chrome=101.0.4951.54)
Build info: version: '4.1.1', revision: 'e8fcc2cecf'
System info: host: 'DESKTOP-MHM4477', ip: '192.168.0.103', os.name: 'Windows 10', os.arch: 'amd64', os.version: '10.0', java.version: '11.0.12'
Driver info: org.openqa.selenium.chrome.ChromeDriver
Command: [ad004e2811d284cddd64c31f2c4ce9df, close {}]
Capabilities {acceptInsecureCerts: false, browserName: chrome, browserVersion: 101.0.4951.54, chrome: {chromedriverVersion: 101.0.4951.41 (93c720db8323..., userDataDir: C:\Users\bassv\AppData\Loca...}, goog:chromeOptions: {debuggerAddress: localhost:57066}, javascriptEnabled: true, networkConnectionEnabled: false, pageLoadStrategy: normal, platform: WINDOWS, platformName: WINDOWS, proxy: Proxy(), se:cdp: ws://localhost:57066/devtoo..., se:cdpVersion: 101.0.4951.54, setWindowRect: true, strictFileInteractability: false, timeouts: {implicit: 0, pageLoad: 300000, script: 30000}, unhandledPromptBehavior: dismiss and notify, webauthn:extension:credBlob: true, webauthn:extension:largeBlob: true, webauthn:virtualAuthenticators: true}
Session ID: ad004e2811d284cddd64c31f2c4ce9df
at java.base/jdk.internal.reflect.NativeConstructorAccessorImpl.newInstance0(Native Method)
at java.base/jdk.internal.reflect.NativeConstructorAccessorImpl.newInstance(NativeConstructorAccessorImpl.java:62)
at java.base/jdk.internal.reflect.DelegatingConstructorAccessorImpl.newInstance(DelegatingConstructorAccessorImpl.java:45)
at java.base/java.lang.reflect.Constructor.newInstance(Constructor.java:490)
at org.openqa.selenium.remote.codec.w3c.W3CHttpResponseCodec.createException(W3CHttpResponseCodec.java:200)
at org.openqa.selenium.remote.codec.w3c.W3CHttpResponseCodec.decode(W3CHttpResponseCodec.java:133)
at org.openqa.selenium.remote.codec.w3c.W3CHttpResponseCodec.decode(W3CHttpResponseCodec.java:53)
at org.openqa.selenium.remote.HttpCommandExecutor.execute(HttpCommandExecutor.java:184)
at org.openqa.selenium.remote.service.DriverCommandExecutor.invokeExecute(DriverCommandExecutor.java:167)
at org.openqa.selenium.remote.service.DriverCommandExecutor.execute(DriverCommandExecutor.java:142)
at org.openqa.selenium.remote.RemoteWebDriver.execute(RemoteWebDriver.java:543)
at org.openqa.selenium.remote.RemoteWebDriver.execute(RemoteWebDriver.java:598)
at org.openqa.selenium.remote.RemoteWebDriver.execute(RemoteWebDriver.java:602)
at org.openqa.selenium.remote.RemoteWebDriver.close(RemoteWebDriver.java:428)
at com.PageTests.BusinessTest.tearDown(BusinessTest.java:79)
at java.base/jdk.internal.reflect.NativeMethodAccessorImpl.invoke0(Native Method)
at java.base/jdk.internal.reflect.NativeMethodAccessorImpl.invoke(NativeMethodAccessorImpl.java:62)
at java.base/jdk.internal.reflect.DelegatingMethodAccessorImpl.invoke(DelegatingMethodAccessorImpl.java:43)
at java.base/java.lang.reflect.Method.invoke(Method.java:566)
at org.testng.internal.invokers.MethodInvocationHelper.invokeMethod(MethodInvocationHelper.java:135)
at org.testng.internal.invokers.MethodInvocationHelper.invokeMethodConsideringTimeout(MethodInvocationHelper.java:65)
at org.testng.internal.invokers.ConfigInvoker.invokeConfigurationMethod(ConfigInvoker.java:381)
at org.testng.internal.invokers.ConfigInvoker.invokeConfigurations(ConfigInvoker.java:319)
at org.testng.internal.invokers.TestInvoker.runConfigMethods(TestInvoker.java:803)
at org.testng.internal.invokers.TestInvoker.runAfterConfigurations(TestInvoker.java:772)
at org.testng.internal.invokers.TestInvoker.invokeMethod(TestInvoker.java:748)
at org.testng.internal.invokers.TestInvoker.invokeTestMethod(TestInvoker.java:220)
at org.testng.internal.invokers.MethodRunner.runInSequence(MethodRunner.java:50)
at org.testng.internal.invokers.TestInvoker$MethodInvocationAgent.invoke(TestInvoker.java:945)
at org.testng.internal.invokers.TestInvoker.invokeTestMethods(TestInvoker.java:193)
at org.testng.internal.invokers.TestMethodWorker.invokeTestMethods(TestMethodWorker.java:146)
at org.testng.internal.invokers.TestMethodWorker.run(TestMethodWorker.java:128)
at java.base/java.util.ArrayList.forEach(ArrayList.java:1541)
at org.testng.TestRunner.privateRun(TestRunner.java:808)
at org.testng.TestRunner.run(TestRunner.java:603)
at org.testng.SuiteRunner.runTest(SuiteRunner.java:429)
at org.testng.SuiteRunner.runSequentially(SuiteRunner.java:423)
at org.testng.SuiteRunner.privateRun(SuiteRunner.java:383)
at org.testng.SuiteRunner.run(SuiteRunner.java:326)
at org.testng.SuiteRunnerWorker.runSuite(SuiteRunnerWorker.java:52)
at org.testng.SuiteRunnerWorker.run(SuiteRunnerWorker.java:95)
at org.testng.TestNG.runSuitesSequentially(TestNG.java:1249)
at org.testng.TestNG.runSuitesLocally(TestNG.java:1169)
at org.testng.TestNG.runSuites(TestNG.java:1092)
at org.testng.TestNG.run(TestNG.java:1060)
at com.intellij.rt.testng.IDEARemoteTestNG.run(IDEARemoteTestNG.java:66)
at com.intellij.rt.testng.RemoteTestNGStarter.main(RemoteTestNGStarter.java:109)
]]>
            </full-stacktrace>
          </exception> <!-- org.openqa.selenium.WebDriverException -->
          <reporter-output>
          </reporter-output>
        </test-method> <!-- tearDown -->
        <test-method is-config="true" signature="satrtUp()[pri:0, instance:com.PageTests.BusinessTest@68f4865]" started-at="2022-05-10T21:41:40 EDT" name="satrtUp" finished-at="2022-05-10T21:41:40 EDT" duration-ms="0" status="SKIP">
          <reporter-output>
          </reporter-output>
        </test-method> <!-- satrtUp -->
        <test-method signature="dropTest()[pri:7, instance:com.PageTests.BusinessTest@68f4865]" started-at="2022-05-10T21:41:40 EDT" name="dropTest" finished-at="2022-05-10T21:41:40 EDT" duration-ms="0" status="SKIP">
          <exception class="org.openqa.selenium.WebDriverException">
            <message>
              <![CDATA[target frame detached
  (Session info: chrome=101.0.4951.54)
Build info: version: '4.1.1', revision: 'e8fcc2cecf'
System info: host: 'DESKTOP-MHM4477', ip: '192.168.0.103', os.name: 'Windows 10', os.arch: 'amd64', os.version: '10.0', java.version: '11.0.12'
Driver info: org.openqa.selenium.chrome.ChromeDriver
Command: [ad004e2811d284cddd64c31f2c4ce9df, close {}]
Capabilities {acceptInsecureCerts: false, browserName: chrome, browserVersion: 101.0.4951.54, chrome: {chromedriverVersion: 101.0.4951.41 (93c720db8323..., userDataDir: C:\Users\bassv\AppData\Loca...}, goog:chromeOptions: {debuggerAddress: localhost:57066}, javascriptEnabled: true, networkConnectionEnabled: false, pageLoadStrategy: normal, platform: WINDOWS, platformName: WINDOWS, proxy: Proxy(), se:cdp: ws://localhost:57066/devtoo..., se:cdpVersion: 101.0.4951.54, setWindowRect: true, strictFileInteractability: false, timeouts: {implicit: 0, pageLoad: 300000, script: 30000}, unhandledPromptBehavior: dismiss and notify, webauthn:extension:credBlob: true, webauthn:extension:largeBlob: true, webauthn:virtualAuthenticators: true}
Session ID: ad004e2811d284cddd64c31f2c4ce9df]]>
            </message>
            <full-stacktrace>
              <![CDATA[org.openqa.selenium.WebDriverException: target frame detached
  (Session info: chrome=101.0.4951.54)
Build info: version: '4.1.1', revision: 'e8fcc2cecf'
System info: host: 'DESKTOP-MHM4477', ip: '192.168.0.103', os.name: 'Windows 10', os.arch: 'amd64', os.version: '10.0', java.version: '11.0.12'
Driver info: org.openqa.selenium.chrome.ChromeDriver
Command: [ad004e2811d284cddd64c31f2c4ce9df, close {}]
Capabilities {acceptInsecureCerts: false, browserName: chrome, browserVersion: 101.0.4951.54, chrome: {chromedriverVersion: 101.0.4951.41 (93c720db8323..., userDataDir: C:\Users\bassv\AppData\Loca...}, goog:chromeOptions: {debuggerAddress: localhost:57066}, javascriptEnabled: true, networkConnectionEnabled: false, pageLoadStrategy: normal, platform: WINDOWS, platformName: WINDOWS, proxy: Proxy(), se:cdp: ws://localhost:57066/devtoo..., se:cdpVersion: 101.0.4951.54, setWindowRect: true, strictFileInteractability: false, timeouts: {implicit: 0, pageLoad: 300000, script: 30000}, unhandledPromptBehavior: dismiss and notify, webauthn:extension:credBlob: true, webauthn:extension:largeBlob: true, webauthn:virtualAuthenticators: true}
Session ID: ad004e2811d284cddd64c31f2c4ce9df
at java.base/jdk.internal.reflect.NativeConstructorAccessorImpl.newInstance0(Native Method)
at java.base/jdk.internal.reflect.NativeConstructorAccessorImpl.newInstance(NativeConstructorAccessorImpl.java:62)
at java.base/jdk.internal.reflect.DelegatingConstructorAccessorImpl.newInstance(DelegatingConstructorAccessorImpl.java:45)
at java.base/java.lang.reflect.Constructor.newInstance(Constructor.java:490)
at org.openqa.selenium.remote.codec.w3c.W3CHttpResponseCodec.createException(W3CHttpResponseCodec.java:200)
at org.openqa.selenium.remote.codec.w3c.W3CHttpResponseCodec.decode(W3CHttpResponseCodec.java:133)
at org.openqa.selenium.remote.codec.w3c.W3CHttpResponseCodec.decode(W3CHttpResponseCodec.java:53)
at org.openqa.selenium.remote.HttpCommandExecutor.execute(HttpCommandExecutor.java:184)
at org.openqa.selenium.remote.service.DriverCommandExecutor.invokeExecute(DriverCommandExecutor.java:167)
at org.openqa.selenium.remote.service.DriverCommandExecutor.execute(DriverCommandExecutor.java:142)
at org.openqa.selenium.remote.RemoteWebDriver.execute(RemoteWebDriver.java:543)
at org.openqa.selenium.remote.RemoteWebDriver.execute(RemoteWebDriver.java:598)
at org.openqa.selenium.remote.RemoteWebDriver.execute(RemoteWebDriver.java:602)
at org.openqa.selenium.remote.RemoteWebDriver.close(RemoteWebDriver.java:428)
at com.PageTests.BusinessTest.tearDown(BusinessTest.java:79)
at java.base/jdk.internal.reflect.NativeMethodAccessorImpl.invoke0(Native Method)
at java.base/jdk.internal.reflect.NativeMethodAccessorImpl.invoke(NativeMethodAccessorImpl.java:62)
at java.base/jdk.internal.reflect.DelegatingMethodAccessorImpl.invoke(DelegatingMethodAccessorImpl.java:43)
at java.base/java.lang.reflect.Method.invoke(Method.java:566)
at org.testng.internal.invokers.MethodInvocationHelper.invokeMethod(MethodInvocationHelper.java:135)
at org.testng.internal.invokers.MethodInvocationHelper.invokeMethodConsideringTimeout(MethodInvocationHelper.java:65)
at org.testng.internal.invokers.ConfigInvoker.invokeConfigurationMethod(ConfigInvoker.java:381)
at org.testng.internal.invokers.ConfigInvoker.invokeConfigurations(ConfigInvoker.java:319)
at org.testng.internal.invokers.TestInvoker.runConfigMethods(TestInvoker.java:803)
at org.testng.internal.invokers.TestInvoker.runAfterConfigurations(TestInvoker.java:772)
at org.testng.internal.invokers.TestInvoker.invokeMethod(TestInvoker.java:748)
at org.testng.internal.invokers.TestInvoker.invokeTestMethod(TestInvoker.java:220)
at org.testng.internal.invokers.MethodRunner.runInSequence(MethodRunner.java:50)
at org.testng.internal.invokers.TestInvoker$MethodInvocationAgent.invoke(TestInvoker.java:945)
at org.testng.internal.invokers.TestInvoker.invokeTestMethods(TestInvoker.java:193)
at org.testng.internal.invokers.TestMethodWorker.invokeTestMethods(TestMethodWorker.java:146)
at org.testng.internal.invokers.TestMethodWorker.run(TestMethodWorker.java:128)
at java.base/java.util.ArrayList.forEach(ArrayList.java:1541)
at org.testng.TestRunner.privateRun(TestRunner.java:808)
at org.testng.TestRunner.run(TestRunner.java:603)
at org.testng.SuiteRunner.runTest(SuiteRunner.java:429)
at org.testng.SuiteRunner.runSequentially(SuiteRunner.java:423)
at org.testng.SuiteRunner.privateRun(SuiteRunner.java:383)
at org.testng.SuiteRunner.run(SuiteRunner.java:326)
at org.testng.SuiteRunnerWorker.runSuite(SuiteRunnerWorker.java:52)
at org.testng.SuiteRunnerWorker.run(SuiteRunnerWorker.java:95)
at org.testng.TestNG.runSuitesSequentially(TestNG.java:1249)
at org.testng.TestNG.runSuitesLocally(TestNG.java:1169)
at org.testng.TestNG.runSuites(TestNG.java:1092)
at org.testng.TestNG.run(TestNG.java:1060)
at com.intellij.rt.testng.IDEARemoteTestNG.run(IDEARemoteTestNG.java:66)
at com.intellij.rt.testng.RemoteTestNGStarter.main(RemoteTestNGStarter.java:109)
]]>
            </full-stacktrace>
          </exception> <!-- org.openqa.selenium.WebDriverException -->
          <reporter-output>
          </reporter-output>
        </test-method> <!-- dropTest -->
        <test-method is-config="true" signature="tearDown()[pri:0, instance:com.PageTests.BusinessTest@68f4865]" started-at="2022-05-10T21:41:40 EDT" name="tearDown" finished-at="2022-05-10T21:41:40 EDT" duration-ms="0" status="SKIP">
          <reporter-output>
          </reporter-output>
        </test-method> <!-- tearDown -->
      </class> <!-- com.PageTests.BusinessTest -->
    </test> <!-- C:/Users/bassv/intellij-workspace/Ebay_Framework_FInal/src/test/java/com/PageTests/BusinessTest.java -->
    <test started-at="2022-05-10T21:41:40 EDT" name="C:/Users/bassv/intellij-workspace/Ebay_Framework_FInal/src/test/java/com/PageTests/CareerTest.java" finished-at="2022-05-10T21:42:35 EDT" duration-ms="54674">
      <class name="com.PageTests.CareerTest">
        <test-method is-config="true" signature="startUp()[pri:0, instance:com.PageTests.CareerTest@5c45d770]" started-at="2022-05-10T21:41:40 EDT" name="startUp" finished-at="2022-05-10T21:41:46 EDT" duration-ms="5596" status="PASS">
          <reporter-output>
          </reporter-output>
        </test-method> <!-- startUp -->
        <test-method signature="titleTest()[pri:0, instance:com.PageTests.CareerTest@5c45d770]" started-at="2022-05-10T21:41:46 EDT" name="titleTest" finished-at="2022-05-10T21:41:49 EDT" duration-ms="3559" status="PASS">
          <reporter-output>
          </reporter-output>
        </test-method> <!-- titleTest -->
        <test-method is-config="true" signature="tearDown()[pri:0, instance:com.PageTests.CareerTest@5c45d770]" started-at="2022-05-10T21:41:49 EDT" name="tearDown" finished-at="2022-05-10T21:41:49 EDT" duration-ms="58" status="PASS">
          <reporter-output>
          </reporter-output>
        </test-method> <!-- tearDown -->
        <test-method is-config="true" signature="startUp()[pri:0, instance:com.PageTests.CareerTest@5c45d770]" started-at="2022-05-10T21:41:49 EDT" name="startUp" finished-at="2022-05-10T21:41:52 EDT" duration-ms="2950" status="PASS">
          <reporter-output>
          </reporter-output>
        </test-method> <!-- startUp -->
        <test-method signature="clickingOtherLinks()[pri:0, instance:com.PageTests.CareerTest@5c45d770]" started-at="2022-05-10T21:41:52 EDT" name="clickingOtherLinks" finished-at="2022-05-10T21:42:02 EDT" duration-ms="9588" status="PASS">
          <reporter-output>
          </reporter-output>
        </test-method> <!-- clickingOtherLinks -->
        <test-method is-config="true" signature="tearDown()[pri:0, instance:com.PageTests.CareerTest@5c45d770]" started-at="2022-05-10T21:42:02 EDT" name="tearDown" finished-at="2022-05-10T21:42:02 EDT" duration-ms="51" status="PASS">
          <reporter-output>
          </reporter-output>
        </test-method> <!-- tearDown -->
        <test-method is-config="true" signature="startUp()[pri:0, instance:com.PageTests.CareerTest@5c45d770]" started-at="2022-05-10T21:42:02 EDT" name="startUp" finished-at="2022-05-10T21:42:05 EDT" duration-ms="2895" status="PASS">
          <reporter-output>
          </reporter-output>
        </test-method> <!-- startUp -->
        <test-method signature="category()[pri:0, instance:com.PageTests.CareerTest@5c45d770]" started-at="2022-05-10T21:42:05 EDT" name="category" finished-at="2022-05-10T21:42:21 EDT" duration-ms="16403" status="PASS">
          <reporter-output>
          </reporter-output>
        </test-method> <!-- category -->
        <test-method is-config="true" signature="tearDown()[pri:0, instance:com.PageTests.CareerTest@5c45d770]" started-at="2022-05-10T21:42:21 EDT" name="tearDown" finished-at="2022-05-10T21:42:21 EDT" duration-ms="53" status="PASS">
          <reporter-output>
          </reporter-output>
        </test-method> <!-- tearDown -->
        <test-method is-config="true" signature="startUp()[pri:0, instance:com.PageTests.CareerTest@5c45d770]" started-at="2022-05-10T21:42:21 EDT" name="startUp" finished-at="2022-05-10T21:42:24 EDT" duration-ms="3138" status="PASS">
          <reporter-output>
          </reporter-output>
        </test-method> <!-- startUp -->
        <test-method signature="location()[pri:0, instance:com.PageTests.CareerTest@5c45d770]" started-at="2022-05-10T21:42:24 EDT" name="location" finished-at="2022-05-10T21:42:35 EDT" duration-ms="10299" status="PASS">
          <reporter-output>
          </reporter-output>
        </test-method> <!-- location -->
        <test-method is-config="true" signature="tearDown()[pri:0, instance:com.PageTests.CareerTest@5c45d770]" started-at="2022-05-10T21:42:35 EDT" name="tearDown" finished-at="2022-05-10T21:42:35 EDT" duration-ms="62" status="PASS">
          <reporter-output>
          </reporter-output>
        </test-method> <!-- tearDown -->
      </class> <!-- com.PageTests.CareerTest -->
    </test> <!-- C:/Users/bassv/intellij-workspace/Ebay_Framework_FInal/src/test/java/com/PageTests/CareerTest.java -->
    <test started-at="2022-05-10T21:42:35 EDT" name="C:/Users/bassv/intellij-workspace/Ebay_Framework_FInal/src/test/java/com/PageTests/ClothingAccessoriesTests.java" finished-at="2022-05-10T21:43:51 EDT" duration-ms="76148">
      <class name="com.PageTests.ClothingAccessoriesTests">
        <test-method is-config="true" signature="setUp()[pri:0, instance:com.PageTests.ClothingAccessoriesTests@10f7f7de]" started-at="2022-05-10T21:42:35 EDT" name="setUp" finished-at="2022-05-10T21:42:38 EDT" duration-ms="3047" status="PASS">
          <reporter-output>
          </reporter-output>
        </test-method> <!-- setUp -->
        <test-method signature="checkTitle()[pri:0, instance:com.PageTests.ClothingAccessoriesTests@10f7f7de]" started-at="2022-05-10T21:42:38 EDT" name="checkTitle" finished-at="2022-05-10T21:42:39 EDT" duration-ms="1463" status="PASS">
          <reporter-output>
          </reporter-output>
        </test-method> <!-- checkTitle -->
        <test-method is-config="true" signature="breakDown()[pri:0, instance:com.PageTests.ClothingAccessoriesTests@10f7f7de]" started-at="2022-05-10T21:42:39 EDT" name="breakDown" finished-at="2022-05-10T21:42:44 EDT" duration-ms="4126" status="PASS">
          <reporter-output>
          </reporter-output>
        </test-method> <!-- breakDown -->
        <test-method is-config="true" signature="setUp()[pri:0, instance:com.PageTests.ClothingAccessoriesTests@10f7f7de]" started-at="2022-05-10T21:42:44 EDT" name="setUp" finished-at="2022-05-10T21:42:46 EDT" duration-ms="2869" status="PASS">
          <reporter-output>
          </reporter-output>
        </test-method> <!-- setUp -->
        <test-method signature="testHiddenButton()[pri:0, instance:com.PageTests.ClothingAccessoriesTests@10f7f7de]" started-at="2022-05-10T21:42:46 EDT" name="testHiddenButton" finished-at="2022-05-10T21:42:48 EDT" duration-ms="1908" status="PASS">
          <reporter-output>
          </reporter-output>
        </test-method> <!-- testHiddenButton -->
        <test-method is-config="true" signature="breakDown()[pri:0, instance:com.PageTests.ClothingAccessoriesTests@10f7f7de]" started-at="2022-05-10T21:42:48 EDT" name="breakDown" finished-at="2022-05-10T21:42:48 EDT" duration-ms="118" status="PASS">
          <reporter-output>
          </reporter-output>
        </test-method> <!-- breakDown -->
        <test-method is-config="true" signature="setUp()[pri:0, instance:com.PageTests.ClothingAccessoriesTests@10f7f7de]" started-at="2022-05-10T21:42:48 EDT" name="setUp" finished-at="2022-05-10T21:42:51 EDT" duration-ms="3040" status="PASS">
          <reporter-output>
          </reporter-output>
        </test-method> <!-- setUp -->
        <test-method signature="categoryTest2()[pri:0, instance:com.PageTests.ClothingAccessoriesTests@10f7f7de]" started-at="2022-05-10T21:42:51 EDT" name="categoryTest2" finished-at="2022-05-10T21:42:57 EDT" duration-ms="5401" status="PASS">
          <reporter-output>
          </reporter-output>
        </test-method> <!-- categoryTest2 -->
        <test-method is-config="true" signature="breakDown()[pri:0, instance:com.PageTests.ClothingAccessoriesTests@10f7f7de]" started-at="2022-05-10T21:42:57 EDT" name="breakDown" finished-at="2022-05-10T21:43:01 EDT" duration-ms="4144" status="PASS">
          <reporter-output>
          </reporter-output>
        </test-method> <!-- breakDown -->
        <test-method is-config="true" signature="setUp()[pri:0, instance:com.PageTests.ClothingAccessoriesTests@10f7f7de]" started-at="2022-05-10T21:43:01 EDT" name="setUp" finished-at="2022-05-10T21:43:04 EDT" duration-ms="3118" status="PASS">
          <reporter-output>
          </reporter-output>
        </test-method> <!-- setUp -->
        <test-method retried="true" signature="remainingCategories()[pri:0, instance:com.PageTests.ClothingAccessoriesTests@10f7f7de]" started-at="2022-05-10T21:43:04 EDT" name="remainingCategories" finished-at="2022-05-10T21:43:23 EDT" duration-ms="19038" status="SKIP">
          <exception class="org.openqa.selenium.WebDriverException">
            <message>
              <![CDATA[target frame detached
  (Session info: chrome=101.0.4951.54)
Build info: version: '4.1.1', revision: 'e8fcc2cecf'
System info: host: 'DESKTOP-MHM4477', ip: '192.168.0.103', os.name: 'Windows 10', os.arch: 'amd64', os.version: '10.0', java.version: '11.0.12'
Driver info: org.openqa.selenium.chrome.ChromeDriver
Command: [caa79064d0fde0267d06545b779f02f6, findElement {using=xpath, value=//a[contains(text(),'Traditional & World Clothing')]}]
Capabilities {acceptInsecureCerts: false, browserName: chrome, browserVersion: 101.0.4951.54, chrome: {chromedriverVersion: 101.0.4951.41 (93c720db8323..., userDataDir: C:\Users\bassv\AppData\Loca...}, goog:chromeOptions: {debuggerAddress: localhost:58041}, javascriptEnabled: true, networkConnectionEnabled: false, pageLoadStrategy: normal, platform: WINDOWS, platformName: WINDOWS, proxy: Proxy(), se:cdp: ws://localhost:58041/devtoo..., se:cdpVersion: 101.0.4951.54, setWindowRect: true, strictFileInteractability: false, timeouts: {implicit: 0, pageLoad: 300000, script: 30000}, unhandledPromptBehavior: dismiss and notify, webauthn:extension:credBlob: true, webauthn:extension:largeBlob: true, webauthn:virtualAuthenticators: true}
Session ID: caa79064d0fde0267d06545b779f02f6]]>
            </message>
            <full-stacktrace>
              <![CDATA[org.openqa.selenium.WebDriverException: target frame detached
  (Session info: chrome=101.0.4951.54)
Build info: version: '4.1.1', revision: 'e8fcc2cecf'
System info: host: 'DESKTOP-MHM4477', ip: '192.168.0.103', os.name: 'Windows 10', os.arch: 'amd64', os.version: '10.0', java.version: '11.0.12'
Driver info: org.openqa.selenium.chrome.ChromeDriver
Command: [caa79064d0fde0267d06545b779f02f6, findElement {using=xpath, value=//a[contains(text(),'Traditional & World Clothing')]}]
Capabilities {acceptInsecureCerts: false, browserName: chrome, browserVersion: 101.0.4951.54, chrome: {chromedriverVersion: 101.0.4951.41 (93c720db8323..., userDataDir: C:\Users\bassv\AppData\Loca...}, goog:chromeOptions: {debuggerAddress: localhost:58041}, javascriptEnabled: true, networkConnectionEnabled: false, pageLoadStrategy: normal, platform: WINDOWS, platformName: WINDOWS, proxy: Proxy(), se:cdp: ws://localhost:58041/devtoo..., se:cdpVersion: 101.0.4951.54, setWindowRect: true, strictFileInteractability: false, timeouts: {implicit: 0, pageLoad: 300000, script: 30000}, unhandledPromptBehavior: dismiss and notify, webauthn:extension:credBlob: true, webauthn:extension:largeBlob: true, webauthn:virtualAuthenticators: true}
Session ID: caa79064d0fde0267d06545b779f02f6
at java.base/jdk.internal.reflect.NativeConstructorAccessorImpl.newInstance0(Native Method)
at java.base/jdk.internal.reflect.NativeConstructorAccessorImpl.newInstance(NativeConstructorAccessorImpl.java:62)
at java.base/jdk.internal.reflect.DelegatingConstructorAccessorImpl.newInstance(DelegatingConstructorAccessorImpl.java:45)
at java.base/java.lang.reflect.Constructor.newInstance(Constructor.java:490)
at org.openqa.selenium.remote.codec.w3c.W3CHttpResponseCodec.createException(W3CHttpResponseCodec.java:200)
at org.openqa.selenium.remote.codec.w3c.W3CHttpResponseCodec.decode(W3CHttpResponseCodec.java:133)
at org.openqa.selenium.remote.codec.w3c.W3CHttpResponseCodec.decode(W3CHttpResponseCodec.java:53)
at org.openqa.selenium.remote.HttpCommandExecutor.execute(HttpCommandExecutor.java:184)
at org.openqa.selenium.remote.service.DriverCommandExecutor.invokeExecute(DriverCommandExecutor.java:167)
at org.openqa.selenium.remote.service.DriverCommandExecutor.execute(DriverCommandExecutor.java:142)
at org.openqa.selenium.remote.RemoteWebDriver.execute(RemoteWebDriver.java:543)
at org.openqa.selenium.remote.ElementLocation$ElementFinder$2.findElement(ElementLocation.java:162)
at org.openqa.selenium.remote.ElementLocation.findElement(ElementLocation.java:60)
at org.openqa.selenium.remote.RemoteWebDriver.findElement(RemoteWebDriver.java:367)
at org.openqa.selenium.remote.RemoteWebDriver.findElement(RemoteWebDriver.java:359)
at org.openqa.selenium.support.pagefactory.DefaultElementLocator.findElement(DefaultElementLocator.java:70)
at org.openqa.selenium.support.pagefactory.internal.LocatingElementHandler.invoke(LocatingElementHandler.java:39)
at com.sun.proxy.$Proxy20.click(Unknown Source)
at com.PageObjects.ClothingandAccessories.selectingOtherCategories(ClothingandAccessories.java:174)
at com.PageTests.ClothingAccessoriesTests.remainingCategories(ClothingAccessoriesTests.java:34)
at java.base/jdk.internal.reflect.NativeMethodAccessorImpl.invoke0(Native Method)
at java.base/jdk.internal.reflect.NativeMethodAccessorImpl.invoke(NativeMethodAccessorImpl.java:62)
at java.base/jdk.internal.reflect.DelegatingMethodAccessorImpl.invoke(DelegatingMethodAccessorImpl.java:43)
at java.base/java.lang.reflect.Method.invoke(Method.java:566)
at org.testng.internal.invokers.MethodInvocationHelper.invokeMethod(MethodInvocationHelper.java:135)
at org.testng.internal.invokers.TestInvoker.invokeMethod(TestInvoker.java:673)
at org.testng.internal.invokers.TestInvoker.invokeTestMethod(TestInvoker.java:220)
at org.testng.internal.invokers.MethodRunner.runInSequence(MethodRunner.java:50)
at org.testng.internal.invokers.TestInvoker$MethodInvocationAgent.invoke(TestInvoker.java:945)
at org.testng.internal.invokers.TestInvoker.invokeTestMethods(TestInvoker.java:193)
at org.testng.internal.invokers.TestMethodWorker.invokeTestMethods(TestMethodWorker.java:146)
at org.testng.internal.invokers.TestMethodWorker.run(TestMethodWorker.java:128)
at java.base/java.util.ArrayList.forEach(ArrayList.java:1541)
at org.testng.TestRunner.privateRun(TestRunner.java:808)
at org.testng.TestRunner.run(TestRunner.java:603)
at org.testng.SuiteRunner.runTest(SuiteRunner.java:429)
at org.testng.SuiteRunner.runSequentially(SuiteRunner.java:423)
at org.testng.SuiteRunner.privateRun(SuiteRunner.java:383)
at org.testng.SuiteRunner.run(SuiteRunner.java:326)
at org.testng.SuiteRunnerWorker.runSuite(SuiteRunnerWorker.java:52)
at org.testng.SuiteRunnerWorker.run(SuiteRunnerWorker.java:95)
at org.testng.TestNG.runSuitesSequentially(TestNG.java:1249)
at org.testng.TestNG.runSuitesLocally(TestNG.java:1169)
at org.testng.TestNG.runSuites(TestNG.java:1092)
at org.testng.TestNG.run(TestNG.java:1060)
at com.intellij.rt.testng.IDEARemoteTestNG.run(IDEARemoteTestNG.java:66)
at com.intellij.rt.testng.RemoteTestNGStarter.main(RemoteTestNGStarter.java:109)
]]>
            </full-stacktrace>
          </exception> <!-- org.openqa.selenium.WebDriverException -->
          <reporter-output>
          </reporter-output>
        </test-method> <!-- remainingCategories -->
        <test-method is-config="true" signature="breakDown()[pri:0, instance:com.PageTests.ClothingAccessoriesTests@10f7f7de]" started-at="2022-05-10T21:43:23 EDT" name="breakDown" finished-at="2022-05-10T21:43:27 EDT" duration-ms="4142" status="PASS">
          <reporter-output>
          </reporter-output>
        </test-method> <!-- breakDown -->
        <test-method is-config="true" signature="setUp()[pri:0, instance:com.PageTests.ClothingAccessoriesTests@10f7f7de]" started-at="2022-05-10T21:43:27 EDT" name="setUp" finished-at="2022-05-10T21:43:30 EDT" duration-ms="3059" status="PASS">
          <reporter-output>
          </reporter-output>
        </test-method> <!-- setUp -->
        <test-method signature="remainingCategories()[pri:0, instance:com.PageTests.ClothingAccessoriesTests@10f7f7de]" started-at="2022-05-10T21:43:30 EDT" name="remainingCategories" finished-at="2022-05-10T21:43:51 EDT" duration-ms="20346" status="PASS">
          <reporter-output>
          </reporter-output>
        </test-method> <!-- remainingCategories -->
        <test-method is-config="true" signature="breakDown()[pri:0, instance:com.PageTests.ClothingAccessoriesTests@10f7f7de]" started-at="2022-05-10T21:43:51 EDT" name="breakDown" finished-at="2022-05-10T21:43:51 EDT" duration-ms="302" status="PASS">
          <reporter-output>
          </reporter-output>
        </test-method> <!-- breakDown -->
      </class> <!-- com.PageTests.ClothingAccessoriesTests -->
    </test> <!-- C:/Users/bassv/intellij-workspace/Ebay_Framework_FInal/src/test/java/com/PageTests/ClothingAccessoriesTests.java -->
    <test started-at="2022-05-10T21:43:51 EDT" name="C:/Users/bassv/intellij-workspace/Ebay_Framework_FInal/src/test/java/com/PageTests/CollecteblesTest.java" finished-at="2022-05-10T21:46:20 EDT" duration-ms="149249">
      <class name="com.PageTests.CollecteblesTest">
        <test-method is-config="true" signature="setUp()[pri:0, instance:com.PageTests.CollecteblesTest@5082d622]" started-at="2022-05-10T21:43:51 EDT" name="setUp" finished-at="2022-05-10T21:43:54 EDT" duration-ms="3123" status="PASS">
          <reporter-output>
          </reporter-output>
        </test-method> <!-- setUp -->
        <test-method signature="collectibles1()[pri:0, instance:com.PageTests.CollecteblesTest@5082d622]" started-at="2022-05-10T21:43:54 EDT" name="collectibles1" finished-at="2022-05-10T21:44:15 EDT" duration-ms="20941" status="PASS">
          <reporter-output>
          </reporter-output>
        </test-method> <!-- collectibles1 -->
        <test-method is-config="true" signature="breakDown()[pri:0, instance:com.PageTests.CollecteblesTest@5082d622]" started-at="2022-05-10T21:44:15 EDT" name="breakDown" finished-at="2022-05-10T21:44:19 EDT" duration-ms="4136" status="PASS">
          <reporter-output>
          </reporter-output>
        </test-method> <!-- breakDown -->
        <test-method is-config="true" signature="setUp()[pri:0, instance:com.PageTests.CollecteblesTest@5082d622]" started-at="2022-05-10T21:44:19 EDT" name="setUp" finished-at="2022-05-10T21:44:23 EDT" duration-ms="3296" status="PASS">
          <reporter-output>
          </reporter-output>
        </test-method> <!-- setUp -->
        <test-method retried="true" signature="collectibles2()[pri:0, instance:com.PageTests.CollecteblesTest@5082d622]" started-at="2022-05-10T21:44:23 EDT" name="collectibles2" finished-at="2022-05-10T21:44:31 EDT" duration-ms="8507" status="SKIP">
          <exception class="org.openqa.selenium.StaleElementReferenceException">
            <message>
              <![CDATA[stale element reference: element is not attached to the page document
  (Session info: chrome=101.0.4951.54)
For documentation on this error, please visit: https://selenium.dev/exceptions/#stale_element_reference
Build info: version: '4.1.1', revision: 'e8fcc2cecf'
System info: host: 'DESKTOP-MHM4477', ip: '192.168.0.103', os.name: 'Windows 10', os.arch: 'amd64', os.version: '10.0', java.version: '11.0.12'
Driver info: org.openqa.selenium.chrome.ChromeDriver
Command: [95a5c3c30fffeda0b6b937a1b5978400, clickElement {id=f036045f-e269-4479-949a-bce0a3181577}]
Capabilities {acceptInsecureCerts: false, browserName: chrome, browserVersion: 101.0.4951.54, chrome: {chromedriverVersion: 101.0.4951.41 (93c720db8323..., userDataDir: C:\Users\bassv\AppData\Loca...}, goog:chromeOptions: {debuggerAddress: localhost:58439}, javascriptEnabled: true, networkConnectionEnabled: false, pageLoadStrategy: normal, platform: WINDOWS, platformName: WINDOWS, proxy: Proxy(), se:cdp: ws://localhost:58439/devtoo..., se:cdpVersion: 101.0.4951.54, setWindowRect: true, strictFileInteractability: false, timeouts: {implicit: 0, pageLoad: 300000, script: 30000}, unhandledPromptBehavior: dismiss and notify, webauthn:extension:credBlob: true, webauthn:extension:largeBlob: true, webauthn:virtualAuthenticators: true}
Element: [[ChromeDriver: chrome on WINDOWS (95a5c3c30fffeda0b6b937a1b5978400)] -> link text: Collectibles & Art]
Session ID: 95a5c3c30fffeda0b6b937a1b5978400]]>
            </message>
            <full-stacktrace>
              <![CDATA[org.openqa.selenium.StaleElementReferenceException: stale element reference: element is not attached to the page document
  (Session info: chrome=101.0.4951.54)
For documentation on this error, please visit: https://selenium.dev/exceptions/#stale_element_reference
Build info: version: '4.1.1', revision: 'e8fcc2cecf'
System info: host: 'DESKTOP-MHM4477', ip: '192.168.0.103', os.name: 'Windows 10', os.arch: 'amd64', os.version: '10.0', java.version: '11.0.12'
Driver info: org.openqa.selenium.chrome.ChromeDriver
Command: [95a5c3c30fffeda0b6b937a1b5978400, clickElement {id=f036045f-e269-4479-949a-bce0a3181577}]
Capabilities {acceptInsecureCerts: false, browserName: chrome, browserVersion: 101.0.4951.54, chrome: {chromedriverVersion: 101.0.4951.41 (93c720db8323..., userDataDir: C:\Users\bassv\AppData\Loca...}, goog:chromeOptions: {debuggerAddress: localhost:58439}, javascriptEnabled: true, networkConnectionEnabled: false, pageLoadStrategy: normal, platform: WINDOWS, platformName: WINDOWS, proxy: Proxy(), se:cdp: ws://localhost:58439/devtoo..., se:cdpVersion: 101.0.4951.54, setWindowRect: true, strictFileInteractability: false, timeouts: {implicit: 0, pageLoad: 300000, script: 30000}, unhandledPromptBehavior: dismiss and notify, webauthn:extension:credBlob: true, webauthn:extension:largeBlob: true, webauthn:virtualAuthenticators: true}
Element: [[ChromeDriver: chrome on WINDOWS (95a5c3c30fffeda0b6b937a1b5978400)] -> link text: Collectibles & Art]
Session ID: 95a5c3c30fffeda0b6b937a1b5978400
at java.base/jdk.internal.reflect.NativeConstructorAccessorImpl.newInstance0(Native Method)
at java.base/jdk.internal.reflect.NativeConstructorAccessorImpl.newInstance(NativeConstructorAccessorImpl.java:62)
at java.base/jdk.internal.reflect.DelegatingConstructorAccessorImpl.newInstance(DelegatingConstructorAccessorImpl.java:45)
at java.base/java.lang.reflect.Constructor.newInstance(Constructor.java:490)
at org.openqa.selenium.remote.codec.w3c.W3CHttpResponseCodec.createException(W3CHttpResponseCodec.java:200)
at org.openqa.selenium.remote.codec.w3c.W3CHttpResponseCodec.decode(W3CHttpResponseCodec.java:133)
at org.openqa.selenium.remote.codec.w3c.W3CHttpResponseCodec.decode(W3CHttpResponseCodec.java:53)
at org.openqa.selenium.remote.HttpCommandExecutor.execute(HttpCommandExecutor.java:184)
at org.openqa.selenium.remote.service.DriverCommandExecutor.invokeExecute(DriverCommandExecutor.java:167)
at org.openqa.selenium.remote.service.DriverCommandExecutor.execute(DriverCommandExecutor.java:142)
at org.openqa.selenium.remote.RemoteWebDriver.execute(RemoteWebDriver.java:543)
at org.openqa.selenium.remote.RemoteWebElement.execute(RemoteWebElement.java:251)
at org.openqa.selenium.remote.RemoteWebElement.click(RemoteWebElement.java:77)
at jdk.internal.reflect.GeneratedMethodAccessor1.invoke(Unknown Source)
at java.base/jdk.internal.reflect.DelegatingMethodAccessorImpl.invoke(DelegatingMethodAccessorImpl.java:43)
at java.base/java.lang.reflect.Method.invoke(Method.java:566)
at org.openqa.selenium.support.pagefactory.internal.LocatingElementHandler.invoke(LocatingElementHandler.java:52)
at com.sun.proxy.$Proxy20.click(Unknown Source)
at com.TestBase.Constants.click(Constants.java:129)
at com.PageObjects.CollecteblesAndArt.clickCollect(CollecteblesAndArt.java:83)
at com.PageTests.CollecteblesTest.collectibles2(CollecteblesTest.java:48)
at java.base/jdk.internal.reflect.NativeMethodAccessorImpl.invoke0(Native Method)
at java.base/jdk.internal.reflect.NativeMethodAccessorImpl.invoke(NativeMethodAccessorImpl.java:62)
at java.base/jdk.internal.reflect.DelegatingMethodAccessorImpl.invoke(DelegatingMethodAccessorImpl.java:43)
at java.base/java.lang.reflect.Method.invoke(Method.java:566)
at org.testng.internal.invokers.MethodInvocationHelper.invokeMethod(MethodInvocationHelper.java:135)
at org.testng.internal.invokers.TestInvoker.invokeMethod(TestInvoker.java:673)
at org.testng.internal.invokers.TestInvoker.invokeTestMethod(TestInvoker.java:220)
at org.testng.internal.invokers.MethodRunner.runInSequence(MethodRunner.java:50)
at org.testng.internal.invokers.TestInvoker$MethodInvocationAgent.invoke(TestInvoker.java:945)
at org.testng.internal.invokers.TestInvoker.invokeTestMethods(TestInvoker.java:193)
at org.testng.internal.invokers.TestMethodWorker.invokeTestMethods(TestMethodWorker.java:146)
at org.testng.internal.invokers.TestMethodWorker.run(TestMethodWorker.java:128)
at java.base/java.util.ArrayList.forEach(ArrayList.java:1541)
at org.testng.TestRunner.privateRun(TestRunner.java:808)
at org.testng.TestRunner.run(TestRunner.java:603)
at org.testng.SuiteRunner.runTest(SuiteRunner.java:429)
at org.testng.SuiteRunner.runSequentially(SuiteRunner.java:423)
at org.testng.SuiteRunner.privateRun(SuiteRunner.java:383)
at org.testng.SuiteRunner.run(SuiteRunner.java:326)
at org.testng.SuiteRunnerWorker.runSuite(SuiteRunnerWorker.java:52)
at org.testng.SuiteRunnerWorker.run(SuiteRunnerWorker.java:95)
at org.testng.TestNG.runSuitesSequentially(TestNG.java:1249)
at org.testng.TestNG.runSuitesLocally(TestNG.java:1169)
at org.testng.TestNG.runSuites(TestNG.java:1092)
at org.testng.TestNG.run(TestNG.java:1060)
at com.intellij.rt.testng.IDEARemoteTestNG.run(IDEARemoteTestNG.java:66)
at com.intellij.rt.testng.RemoteTestNGStarter.main(RemoteTestNGStarter.java:109)
]]>
            </full-stacktrace>
          </exception> <!-- org.openqa.selenium.StaleElementReferenceException -->
          <reporter-output>
          </reporter-output>
        </test-method> <!-- collectibles2 -->
        <test-method is-config="true" signature="breakDown()[pri:0, instance:com.PageTests.CollecteblesTest@5082d622]" started-at="2022-05-10T21:44:31 EDT" name="breakDown" finished-at="2022-05-10T21:44:35 EDT" duration-ms="4146" status="PASS">
          <reporter-output>
          </reporter-output>
        </test-method> <!-- breakDown -->
        <test-method is-config="true" signature="setUp()[pri:0, instance:com.PageTests.CollecteblesTest@5082d622]" started-at="2022-05-10T21:44:35 EDT" name="setUp" finished-at="2022-05-10T21:44:38 EDT" duration-ms="3049" status="PASS">
          <reporter-output>
          </reporter-output>
        </test-method> <!-- setUp -->
        <test-method signature="collectibles2()[pri:0, instance:com.PageTests.CollecteblesTest@5082d622]" started-at="2022-05-10T21:44:38 EDT" name="collectibles2" finished-at="2022-05-10T21:44:52 EDT" duration-ms="13489" status="PASS">
          <reporter-output>
          </reporter-output>
        </test-method> <!-- collectibles2 -->
        <test-method is-config="true" signature="breakDown()[pri:0, instance:com.PageTests.CollecteblesTest@5082d622]" started-at="2022-05-10T21:44:52 EDT" name="breakDown" finished-at="2022-05-10T21:44:52 EDT" duration-ms="144" status="PASS">
          <reporter-output>
          </reporter-output>
        </test-method> <!-- breakDown -->
        <test-method is-config="true" signature="setUp()[pri:0, instance:com.PageTests.CollecteblesTest@5082d622]" started-at="2022-05-10T21:44:52 EDT" name="setUp" finished-at="2022-05-10T21:44:55 EDT" duration-ms="2928" status="PASS">
          <reporter-output>
          </reporter-output>
        </test-method> <!-- setUp -->
        <test-method signature="collectibles3()[pri:0, instance:com.PageTests.CollecteblesTest@5082d622]" started-at="2022-05-10T21:44:55 EDT" name="collectibles3" finished-at="2022-05-10T21:45:06 EDT" duration-ms="11533" status="PASS">
          <reporter-output>
          </reporter-output>
        </test-method> <!-- collectibles3 -->
        <test-method is-config="true" signature="breakDown()[pri:0, instance:com.PageTests.CollecteblesTest@5082d622]" started-at="2022-05-10T21:45:06 EDT" name="breakDown" finished-at="2022-05-10T21:45:11 EDT" duration-ms="4301" status="PASS">
          <reporter-output>
          </reporter-output>
        </test-method> <!-- breakDown -->
        <test-method is-config="true" signature="setUp()[pri:0, instance:com.PageTests.CollecteblesTest@5082d622]" started-at="2022-05-10T21:45:11 EDT" name="setUp" finished-at="2022-05-10T21:45:14 EDT" duration-ms="3125" status="PASS">
          <reporter-output>
          </reporter-output>
        </test-method> <!-- setUp -->
        <test-method signature="collectibles5()[pri:0, instance:com.PageTests.CollecteblesTest@5082d622]" started-at="2022-05-10T21:45:14 EDT" name="collectibles5" finished-at="2022-05-10T21:45:35 EDT" duration-ms="21309" status="PASS">
          <reporter-output>
          </reporter-output>
        </test-method> <!-- collectibles5 -->
        <test-method is-config="true" signature="breakDown()[pri:0, instance:com.PageTests.CollecteblesTest@5082d622]" started-at="2022-05-10T21:45:35 EDT" name="breakDown" finished-at="2022-05-10T21:45:39 EDT" duration-ms="4126" status="PASS">
          <reporter-output>
          </reporter-output>
        </test-method> <!-- breakDown -->
        <test-method is-config="true" signature="setUp()[pri:0, instance:com.PageTests.CollecteblesTest@5082d622]" started-at="2022-05-10T21:45:39 EDT" name="setUp" finished-at="2022-05-10T21:45:42 EDT" duration-ms="2983" status="PASS">
          <reporter-output>
          </reporter-output>
        </test-method> <!-- setUp -->
        <test-method signature="hiddenItems()[pri:0, instance:com.PageTests.CollecteblesTest@5082d622]" started-at="2022-05-10T21:45:42 EDT" name="hiddenItems" finished-at="2022-05-10T21:45:55 EDT" duration-ms="12788" status="PASS">
          <reporter-output>
          </reporter-output>
        </test-method> <!-- hiddenItems -->
        <test-method is-config="true" signature="breakDown()[pri:0, instance:com.PageTests.CollecteblesTest@5082d622]" started-at="2022-05-10T21:45:55 EDT" name="breakDown" finished-at="2022-05-10T21:45:59 EDT" duration-ms="4145" status="PASS">
          <reporter-output>
          </reporter-output>
        </test-method> <!-- breakDown -->
        <test-method is-config="true" signature="setUp()[pri:0, instance:com.PageTests.CollecteblesTest@5082d622]" started-at="2022-05-10T21:45:59 EDT" name="setUp" finished-at="2022-05-10T21:46:02 EDT" duration-ms="3047" status="PASS">
          <reporter-output>
          </reporter-output>
        </test-method> <!-- setUp -->
        <test-method signature="itemsOfPage()[pri:0, instance:com.PageTests.CollecteblesTest@5082d622]" started-at="2022-05-10T21:46:02 EDT" name="itemsOfPage" finished-at="2022-05-10T21:46:07 EDT" duration-ms="4609" status="PASS">
          <reporter-output>
          </reporter-output>
        </test-method> <!-- itemsOfPage -->
        <test-method is-config="true" signature="breakDown()[pri:0, instance:com.PageTests.CollecteblesTest@5082d622]" started-at="2022-05-10T21:46:07 EDT" name="breakDown" finished-at="2022-05-10T21:46:11 EDT" duration-ms="4297" status="PASS">
          <reporter-output>
          </reporter-output>
        </test-method> <!-- breakDown -->
        <test-method is-config="true" signature="setUp()[pri:0, instance:com.PageTests.CollecteblesTest@5082d622]" started-at="2022-05-10T21:46:11 EDT" name="setUp" finished-at="2022-05-10T21:46:14 EDT" duration-ms="3275" status="PASS">
          <reporter-output>
          </reporter-output>
        </test-method> <!-- setUp -->
        <test-method signature="pageBottomTextPrint()[pri:0, instance:com.PageTests.CollecteblesTest@5082d622]" started-at="2022-05-10T21:46:14 EDT" name="pageBottomTextPrint" finished-at="2022-05-10T21:46:16 EDT" duration-ms="1771" status="PASS">
          <reporter-output>
          </reporter-output>
        </test-method> <!-- pageBottomTextPrint -->
        <test-method is-config="true" signature="breakDown()[pri:0, instance:com.PageTests.CollecteblesTest@5082d622]" started-at="2022-05-10T21:46:16 EDT" name="breakDown" finished-at="2022-05-10T21:46:20 EDT" duration-ms="4142" status="PASS">
          <reporter-output>
          </reporter-output>
        </test-method> <!-- breakDown -->
      </class> <!-- com.PageTests.CollecteblesTest -->
    </test> <!-- C:/Users/bassv/intellij-workspace/Ebay_Framework_FInal/src/test/java/com/PageTests/CollecteblesTest.java -->
    <test started-at="2022-05-10T21:46:20 EDT" name="C:/Users/bassv/intellij-workspace/Ebay_Framework_FInal/src/test/java/com/PageTests/DailyDealsTest.java" finished-at="2022-05-10T21:47:49 EDT" duration-ms="88381">
      <class name="com.PageTests.DailyDealsTest">
        <test-method is-config="true" signature="startUp()[pri:0, instance:com.PageTests.DailyDealsTest@53251a66]" started-at="2022-05-10T21:46:20 EDT" name="startUp" finished-at="2022-05-10T21:46:23 EDT" duration-ms="3192" status="PASS">
          <reporter-output>
          </reporter-output>
        </test-method> <!-- startUp -->
        <test-method signature="fetchTitle()[pri:0, instance:com.PageTests.DailyDealsTest@53251a66]" started-at="2022-05-10T21:46:23 EDT" name="fetchTitle" finished-at="2022-05-10T21:46:32 EDT" duration-ms="8980" status="PASS">
          <reporter-output>
          </reporter-output>
        </test-method> <!-- fetchTitle -->
        <test-method is-config="true" signature="breakDown()[pri:0, instance:com.PageTests.DailyDealsTest@53251a66]" started-at="2022-05-10T21:46:32 EDT" name="breakDown" finished-at="2022-05-10T21:46:37 EDT" duration-ms="4144" status="PASS">
          <reporter-output>
          </reporter-output>
        </test-method> <!-- breakDown -->
        <test-method is-config="true" signature="startUp()[pri:0, instance:com.PageTests.DailyDealsTest@53251a66]" started-at="2022-05-10T21:46:37 EDT" name="startUp" finished-at="2022-05-10T21:46:40 EDT" duration-ms="3006" status="PASS">
          <reporter-output>
          </reporter-output>
        </test-method> <!-- startUp -->
        <test-method signature="checkingAllDropDowns()[pri:0, instance:com.PageTests.DailyDealsTest@53251a66]" started-at="2022-05-10T21:46:40 EDT" name="checkingAllDropDowns" finished-at="2022-05-10T21:46:54 EDT" duration-ms="14690" status="PASS">
          <reporter-output>
          </reporter-output>
        </test-method> <!-- checkingAllDropDowns -->
        <test-method is-config="true" signature="breakDown()[pri:0, instance:com.PageTests.DailyDealsTest@53251a66]" started-at="2022-05-10T21:46:54 EDT" name="breakDown" finished-at="2022-05-10T21:46:58 EDT" duration-ms="4159" status="PASS">
          <reporter-output>
          </reporter-output>
        </test-method> <!-- breakDown -->
        <test-method is-config="true" signature="startUp()[pri:0, instance:com.PageTests.DailyDealsTest@53251a66]" started-at="2022-05-10T21:46:58 EDT" name="startUp" finished-at="2022-05-10T21:47:02 EDT" duration-ms="3550" status="PASS">
          <reporter-output>
          </reporter-output>
        </test-method> <!-- startUp -->
        <test-method signature="screenShot()[pri:0, instance:com.PageTests.DailyDealsTest@53251a66]" started-at="2022-05-10T21:47:02 EDT" name="screenShot" finished-at="2022-05-10T21:47:11 EDT" duration-ms="8525" status="PASS">
          <reporter-output>
          </reporter-output>
        </test-method> <!-- screenShot -->
        <test-method is-config="true" signature="breakDown()[pri:0, instance:com.PageTests.DailyDealsTest@53251a66]" started-at="2022-05-10T21:47:11 EDT" name="breakDown" finished-at="2022-05-10T21:47:15 EDT" duration-ms="4163" status="PASS">
          <reporter-output>
          </reporter-output>
        </test-method> <!-- breakDown -->
        <test-method is-config="true" signature="startUp()[pri:0, instance:com.PageTests.DailyDealsTest@53251a66]" started-at="2022-05-10T21:47:15 EDT" name="startUp" finished-at="2022-05-10T21:47:18 EDT" duration-ms="2945" status="PASS">
          <reporter-output>
          </reporter-output>
        </test-method> <!-- startUp -->
        <test-method signature="featuredBody()[pri:0, instance:com.PageTests.DailyDealsTest@53251a66]" started-at="2022-05-10T21:47:18 EDT" name="featuredBody" finished-at="2022-05-10T21:47:20 EDT" duration-ms="2428" status="PASS">
          <reporter-output>
          </reporter-output>
        </test-method> <!-- featuredBody -->
        <test-method is-config="true" signature="breakDown()[pri:0, instance:com.PageTests.DailyDealsTest@53251a66]" started-at="2022-05-10T21:47:20 EDT" name="breakDown" finished-at="2022-05-10T21:47:24 EDT" duration-ms="4207" status="PASS">
          <reporter-output>
          </reporter-output>
        </test-method> <!-- breakDown -->
        <test-method is-config="true" signature="startUp()[pri:0, instance:com.PageTests.DailyDealsTest@53251a66]" started-at="2022-05-10T21:47:24 EDT" name="startUp" finished-at="2022-05-10T21:47:27 EDT" duration-ms="2999" status="PASS">
          <reporter-output>
          </reporter-output>
        </test-method> <!-- startUp -->
        <test-method signature="itemsClick()[pri:0, instance:com.PageTests.DailyDealsTest@53251a66]" started-at="2022-05-10T21:47:27 EDT" name="itemsClick" finished-at="2022-05-10T21:47:45 EDT" duration-ms="17230" status="PASS">
          <reporter-output>
          </reporter-output>
        </test-method> <!-- itemsClick -->
        <test-method is-config="true" signature="breakDown()[pri:0, instance:com.PageTests.DailyDealsTest@53251a66]" started-at="2022-05-10T21:47:45 EDT" name="breakDown" finished-at="2022-05-10T21:47:49 EDT" duration-ms="4141" status="PASS">
          <reporter-output>
          </reporter-output>
        </test-method> <!-- breakDown -->
      </class> <!-- com.PageTests.DailyDealsTest -->
    </test> <!-- C:/Users/bassv/intellij-workspace/Ebay_Framework_FInal/src/test/java/com/PageTests/DailyDealsTest.java -->
    <test started-at="2022-05-10T21:47:49 EDT" name="C:/Users/bassv/intellij-workspace/Ebay_Framework_FInal/src/test/java/com/PageTests/ElectronicsPageTest.java" finished-at="2022-05-10T21:50:07 EDT" duration-ms="137901">
      <class name="com.PageTests.ElectronicsPageTest">
        <test-method is-config="true" signature="setUp()[pri:0, instance:com.PageTests.ElectronicsPageTest@3b8f0a79]" started-at="2022-05-10T21:47:49 EDT" name="setUp" finished-at="2022-05-10T21:47:52 EDT" duration-ms="3235" status="PASS">
          <reporter-output>
          </reporter-output>
        </test-method> <!-- setUp -->
        <test-method signature="titleTEst2()[pri:0, instance:com.PageTests.ElectronicsPageTest@3b8f0a79]" started-at="2022-05-10T21:47:52 EDT" name="titleTEst2" finished-at="2022-05-10T21:47:55 EDT" duration-ms="3166" status="PASS">
          <reporter-output>
          </reporter-output>
        </test-method> <!-- titleTEst2 -->
        <test-method is-config="true" signature="breakDown()[pri:0, instance:com.PageTests.ElectronicsPageTest@3b8f0a79]" started-at="2022-05-10T21:47:55 EDT" name="breakDown" finished-at="2022-05-10T21:47:55 EDT" duration-ms="46" status="PASS">
          <reporter-output>
          </reporter-output>
        </test-method> <!-- breakDown -->
        <test-method is-config="true" signature="setUp()[pri:0, instance:com.PageTests.ElectronicsPageTest@3b8f0a79]" started-at="2022-05-10T21:47:55 EDT" name="setUp" finished-at="2022-05-10T21:47:58 EDT" duration-ms="2970" status="PASS">
          <reporter-output>
          </reporter-output>
        </test-method> <!-- setUp -->
        <test-method signature="titleTest()[pri:1, instance:com.PageTests.ElectronicsPageTest@3b8f0a79]" started-at="2022-05-10T21:47:58 EDT" name="titleTest" finished-at="2022-05-10T21:47:58 EDT" duration-ms="86" status="PASS">
          <reporter-output>
          </reporter-output>
        </test-method> <!-- titleTest -->
        <test-method is-config="true" signature="breakDown()[pri:0, instance:com.PageTests.ElectronicsPageTest@3b8f0a79]" started-at="2022-05-10T21:47:58 EDT" name="breakDown" finished-at="2022-05-10T21:48:02 EDT" duration-ms="4145" status="PASS">
          <reporter-output>
          </reporter-output>
        </test-method> <!-- breakDown -->
        <test-method is-config="true" signature="setUp()[pri:0, instance:com.PageTests.ElectronicsPageTest@3b8f0a79]" started-at="2022-05-10T21:48:02 EDT" name="setUp" finished-at="2022-05-10T21:48:06 EDT" duration-ms="3210" status="PASS">
          <reporter-output>
          </reporter-output>
        </test-method> <!-- setUp -->
        <test-method signature="callingDropDown1()[pri:2, instance:com.PageTests.ElectronicsPageTest@3b8f0a79]" started-at="2022-05-10T21:48:06 EDT" name="callingDropDown1" finished-at="2022-05-10T21:48:07 EDT" duration-ms="1896" status="PASS">
          <reporter-output>
          </reporter-output>
        </test-method> <!-- callingDropDown1 -->
        <test-method is-config="true" signature="breakDown()[pri:0, instance:com.PageTests.ElectronicsPageTest@3b8f0a79]" started-at="2022-05-10T21:48:07 EDT" name="breakDown" finished-at="2022-05-10T21:48:12 EDT" duration-ms="4142" status="PASS">
          <reporter-output>
          </reporter-output>
        </test-method> <!-- breakDown -->
        <test-method is-config="true" signature="setUp()[pri:0, instance:com.PageTests.ElectronicsPageTest@3b8f0a79]" started-at="2022-05-10T21:48:12 EDT" name="setUp" finished-at="2022-05-10T21:48:15 EDT" duration-ms="3092" status="PASS">
          <reporter-output>
          </reporter-output>
        </test-method> <!-- setUp -->
        <test-method signature="callingDropDown2()[pri:3, instance:com.PageTests.ElectronicsPageTest@3b8f0a79]" started-at="2022-05-10T21:48:15 EDT" name="callingDropDown2" finished-at="2022-05-10T21:48:17 EDT" duration-ms="1943" status="PASS">
          <reporter-output>
          </reporter-output>
        </test-method> <!-- callingDropDown2 -->
        <test-method is-config="true" signature="breakDown()[pri:0, instance:com.PageTests.ElectronicsPageTest@3b8f0a79]" started-at="2022-05-10T21:48:17 EDT" name="breakDown" finished-at="2022-05-10T21:48:21 EDT" duration-ms="4138" status="PASS">
          <reporter-output>
          </reporter-output>
        </test-method> <!-- breakDown -->
        <test-method is-config="true" signature="setUp()[pri:0, instance:com.PageTests.ElectronicsPageTest@3b8f0a79]" started-at="2022-05-10T21:48:21 EDT" name="setUp" finished-at="2022-05-10T21:48:24 EDT" duration-ms="2959" status="PASS">
          <reporter-output>
          </reporter-output>
        </test-method> <!-- setUp -->
        <test-method signature="callingDropDown3()[pri:4, instance:com.PageTests.ElectronicsPageTest@3b8f0a79]" started-at="2022-05-10T21:48:24 EDT" name="callingDropDown3" finished-at="2022-05-10T21:48:29 EDT" duration-ms="4955" status="PASS">
          <reporter-output>
          </reporter-output>
        </test-method> <!-- callingDropDown3 -->
        <test-method is-config="true" signature="breakDown()[pri:0, instance:com.PageTests.ElectronicsPageTest@3b8f0a79]" started-at="2022-05-10T21:48:29 EDT" name="breakDown" finished-at="2022-05-10T21:48:33 EDT" duration-ms="4141" status="PASS">
          <reporter-output>
          </reporter-output>
        </test-method> <!-- breakDown -->
        <test-method is-config="true" signature="setUp()[pri:0, instance:com.PageTests.ElectronicsPageTest@3b8f0a79]" started-at="2022-05-10T21:48:33 EDT" name="setUp" finished-at="2022-05-10T21:48:36 EDT" duration-ms="3248" status="PASS">
          <reporter-output>
          </reporter-output>
        </test-method> <!-- setUp -->
        <test-method signature="callingDropDown4()[pri:5, instance:com.PageTests.ElectronicsPageTest@3b8f0a79]" started-at="2022-05-10T21:48:36 EDT" name="callingDropDown4" finished-at="2022-05-10T21:48:41 EDT" duration-ms="4512" status="PASS">
          <reporter-output>
          </reporter-output>
        </test-method> <!-- callingDropDown4 -->
        <test-method is-config="true" signature="breakDown()[pri:0, instance:com.PageTests.ElectronicsPageTest@3b8f0a79]" started-at="2022-05-10T21:48:41 EDT" name="breakDown" finished-at="2022-05-10T21:48:45 EDT" duration-ms="4146" status="PASS">
          <reporter-output>
          </reporter-output>
        </test-method> <!-- breakDown -->
        <test-method is-config="true" signature="setUp()[pri:0, instance:com.PageTests.ElectronicsPageTest@3b8f0a79]" started-at="2022-05-10T21:48:45 EDT" name="setUp" finished-at="2022-05-10T21:48:48 EDT" duration-ms="3093" status="PASS">
          <reporter-output>
          </reporter-output>
        </test-method> <!-- setUp -->
        <test-method signature="callingDropDown5()[pri:6, instance:com.PageTests.ElectronicsPageTest@3b8f0a79]" started-at="2022-05-10T21:48:48 EDT" name="callingDropDown5" finished-at="2022-05-10T21:48:53 EDT" duration-ms="4789" status="PASS">
          <reporter-output>
          </reporter-output>
        </test-method> <!-- callingDropDown5 -->
        <test-method is-config="true" signature="breakDown()[pri:0, instance:com.PageTests.ElectronicsPageTest@3b8f0a79]" started-at="2022-05-10T21:48:53 EDT" name="breakDown" finished-at="2022-05-10T21:48:57 EDT" duration-ms="4149" status="PASS">
          <reporter-output>
          </reporter-output>
        </test-method> <!-- breakDown -->
        <test-method is-config="true" signature="setUp()[pri:0, instance:com.PageTests.ElectronicsPageTest@3b8f0a79]" started-at="2022-05-10T21:48:57 EDT" name="setUp" finished-at="2022-05-10T21:49:00 EDT" duration-ms="2954" status="PASS">
          <reporter-output>
          </reporter-output>
        </test-method> <!-- setUp -->
        <test-method signature="callingDropDown6()[pri:7, instance:com.PageTests.ElectronicsPageTest@3b8f0a79]" started-at="2022-05-10T21:49:00 EDT" name="callingDropDown6" finished-at="2022-05-10T21:49:05 EDT" duration-ms="4988" status="PASS">
          <reporter-output>
          </reporter-output>
        </test-method> <!-- callingDropDown6 -->
        <test-method is-config="true" signature="breakDown()[pri:0, instance:com.PageTests.ElectronicsPageTest@3b8f0a79]" started-at="2022-05-10T21:49:05 EDT" name="breakDown" finished-at="2022-05-10T21:49:09 EDT" duration-ms="4128" status="PASS">
          <reporter-output>
          </reporter-output>
        </test-method> <!-- breakDown -->
        <test-method is-config="true" signature="setUp()[pri:0, instance:com.PageTests.ElectronicsPageTest@3b8f0a79]" started-at="2022-05-10T21:49:09 EDT" name="setUp" finished-at="2022-05-10T21:49:12 EDT" duration-ms="3082" status="PASS">
          <reporter-output>
          </reporter-output>
        </test-method> <!-- setUp -->
        <test-method signature="callingDropDown7()[pri:8, instance:com.PageTests.ElectronicsPageTest@3b8f0a79]" started-at="2022-05-10T21:49:12 EDT" name="callingDropDown7" finished-at="2022-05-10T21:49:17 EDT" duration-ms="4687" status="PASS">
          <reporter-output>
          </reporter-output>
        </test-method> <!-- callingDropDown7 -->
        <test-method is-config="true" signature="breakDown()[pri:0, instance:com.PageTests.ElectronicsPageTest@3b8f0a79]" started-at="2022-05-10T21:49:17 EDT" name="breakDown" finished-at="2022-05-10T21:49:21 EDT" duration-ms="4139" status="PASS">
          <reporter-output>
          </reporter-output>
        </test-method> <!-- breakDown -->
        <test-method is-config="true" signature="setUp()[pri:0, instance:com.PageTests.ElectronicsPageTest@3b8f0a79]" started-at="2022-05-10T21:49:21 EDT" name="setUp" finished-at="2022-05-10T21:49:24 EDT" duration-ms="3063" status="PASS">
          <reporter-output>
          </reporter-output>
        </test-method> <!-- setUp -->
        <test-method signature="callingDropDown8()[pri:9, instance:com.PageTests.ElectronicsPageTest@3b8f0a79]" started-at="2022-05-10T21:49:24 EDT" name="callingDropDown8" finished-at="2022-05-10T21:49:29 EDT" duration-ms="4872" status="PASS">
          <reporter-output>
          </reporter-output>
        </test-method> <!-- callingDropDown8 -->
        <test-method is-config="true" signature="breakDown()[pri:0, instance:com.PageTests.ElectronicsPageTest@3b8f0a79]" started-at="2022-05-10T21:49:29 EDT" name="breakDown" finished-at="2022-05-10T21:49:33 EDT" duration-ms="4137" status="PASS">
          <reporter-output>
          </reporter-output>
        </test-method> <!-- breakDown -->
        <test-method is-config="true" signature="setUp()[pri:0, instance:com.PageTests.ElectronicsPageTest@3b8f0a79]" started-at="2022-05-10T21:49:33 EDT" name="setUp" finished-at="2022-05-10T21:49:36 EDT" duration-ms="3055" status="PASS">
          <reporter-output>
          </reporter-output>
        </test-method> <!-- setUp -->
        <test-method signature="callingDropDown9()[pri:10, instance:com.PageTests.ElectronicsPageTest@3b8f0a79]" started-at="2022-05-10T21:49:36 EDT" name="callingDropDown9" finished-at="2022-05-10T21:49:42 EDT" duration-ms="5651" status="PASS">
          <reporter-output>
          </reporter-output>
        </test-method> <!-- callingDropDown9 -->
        <test-method is-config="true" signature="breakDown()[pri:0, instance:com.PageTests.ElectronicsPageTest@3b8f0a79]" started-at="2022-05-10T21:49:42 EDT" name="breakDown" finished-at="2022-05-10T21:49:42 EDT" duration-ms="258" status="PASS">
          <reporter-output>
          </reporter-output>
        </test-method> <!-- breakDown -->
        <test-method is-config="true" signature="setUp()[pri:0, instance:com.PageTests.ElectronicsPageTest@3b8f0a79]" started-at="2022-05-10T21:49:42 EDT" name="setUp" finished-at="2022-05-10T21:49:45 EDT" duration-ms="2984" status="PASS">
          <reporter-output>
          </reporter-output>
        </test-method> <!-- setUp -->
        <test-method signature="callingDropDown10()[pri:11, instance:com.PageTests.ElectronicsPageTest@3b8f0a79]" started-at="2022-05-10T21:49:45 EDT" name="callingDropDown10" finished-at="2022-05-10T21:49:52 EDT" duration-ms="7069" status="PASS">
          <reporter-output>
          </reporter-output>
        </test-method> <!-- callingDropDown10 -->
        <test-method is-config="true" signature="breakDown()[pri:0, instance:com.PageTests.ElectronicsPageTest@3b8f0a79]" started-at="2022-05-10T21:49:52 EDT" name="breakDown" finished-at="2022-05-10T21:49:52 EDT" duration-ms="240" status="PASS">
          <reporter-output>
          </reporter-output>
        </test-method> <!-- breakDown -->
        <test-method is-config="true" signature="setUp()[pri:0, instance:com.PageTests.ElectronicsPageTest@3b8f0a79]" started-at="2022-05-10T21:49:52 EDT" name="setUp" finished-at="2022-05-10T21:49:55 EDT" duration-ms="3164" status="PASS">
          <reporter-output>
          </reporter-output>
        </test-method> <!-- setUp -->
        <test-method signature="clickItem()[pri:12, instance:com.PageTests.ElectronicsPageTest@3b8f0a79]" started-at="2022-05-10T21:49:55 EDT" name="clickItem" finished-at="2022-05-10T21:50:02 EDT" duration-ms="7166" status="PASS">
          <reporter-output>
          </reporter-output>
        </test-method> <!-- clickItem -->
        <test-method is-config="true" signature="breakDown()[pri:0, instance:com.PageTests.ElectronicsPageTest@3b8f0a79]" started-at="2022-05-10T21:50:02 EDT" name="breakDown" finished-at="2022-05-10T21:50:07 EDT" duration-ms="4145" status="PASS">
          <reporter-output>
          </reporter-output>
        </test-method> <!-- breakDown -->
      </class> <!-- com.PageTests.ElectronicsPageTest -->
    </test> <!-- C:/Users/bassv/intellij-workspace/Ebay_Framework_FInal/src/test/java/com/PageTests/ElectronicsPageTest.java -->
    <test started-at="2022-05-10T21:50:07 EDT" name="C:/Users/bassv/intellij-workspace/Ebay_Framework_FInal/src/test/java/com/PageTests/HomePageSearchTest.java" finished-at="2022-05-10T21:50:51 EDT" duration-ms="44447">
      <class name="com.PageTests.HomePageSearchTest">
        <test-method is-config="true" signature="startUp()[pri:0, instance:com.PageTests.HomePageSearchTest@41294f8]" started-at="2022-05-10T21:50:07 EDT" name="startUp" finished-at="2022-05-10T21:50:09 EDT" duration-ms="2881" status="PASS">
          <reporter-output>
          </reporter-output>
        </test-method> <!-- startUp -->
        <test-method signature="titleTest()[pri:0, instance:com.PageTests.HomePageSearchTest@41294f8]" started-at="2022-05-10T21:50:09 EDT" name="titleTest" finished-at="2022-05-10T21:50:10 EDT" duration-ms="63" status="PASS">
          <reporter-output>
          </reporter-output>
        </test-method> <!-- titleTest -->
        <test-method is-config="true" signature="breakDown()[pri:0, instance:com.PageTests.HomePageSearchTest@41294f8]" started-at="2022-05-10T21:50:10 EDT" name="breakDown" finished-at="2022-05-10T21:50:14 EDT" duration-ms="4149" status="PASS">
          <reporter-output>
          </reporter-output>
        </test-method> <!-- breakDown -->
        <test-method is-config="true" signature="startUp()[pri:0, instance:com.PageTests.HomePageSearchTest@41294f8]" started-at="2022-05-10T21:50:14 EDT" name="startUp" finished-at="2022-05-10T21:50:17 EDT" duration-ms="3217" status="PASS">
          <reporter-output>
          </reporter-output>
        </test-method> <!-- startUp -->
        <test-method signature="itemSearch()[pri:0, instance:com.PageTests.HomePageSearchTest@41294f8]" started-at="2022-05-10T21:50:17 EDT" name="itemSearch" finished-at="2022-05-10T21:50:17 EDT" duration-ms="366" status="PASS">
          <reporter-output>
          </reporter-output>
        </test-method> <!-- itemSearch -->
        <test-method is-config="true" signature="breakDown()[pri:0, instance:com.PageTests.HomePageSearchTest@41294f8]" started-at="2022-05-10T21:50:17 EDT" name="breakDown" finished-at="2022-05-10T21:50:21 EDT" duration-ms="4132" status="PASS">
          <reporter-output>
          </reporter-output>
        </test-method> <!-- breakDown -->
        <test-method is-config="true" signature="startUp()[pri:0, instance:com.PageTests.HomePageSearchTest@41294f8]" started-at="2022-05-10T21:50:21 EDT" name="startUp" finished-at="2022-05-10T21:50:24 EDT" duration-ms="2922" status="PASS">
          <reporter-output>
          </reporter-output>
        </test-method> <!-- startUp -->
        <test-method signature="itemSearchResults()[pri:0, instance:com.PageTests.HomePageSearchTest@41294f8]" started-at="2022-05-10T21:50:24 EDT" name="itemSearchResults" finished-at="2022-05-10T21:50:28 EDT" duration-ms="3650" status="PASS">
          <reporter-output>
          </reporter-output>
        </test-method> <!-- itemSearchResults -->
        <test-method is-config="true" signature="breakDown()[pri:0, instance:com.PageTests.HomePageSearchTest@41294f8]" started-at="2022-05-10T21:50:28 EDT" name="breakDown" finished-at="2022-05-10T21:50:32 EDT" duration-ms="4138" status="PASS">
          <reporter-output>
          </reporter-output>
        </test-method> <!-- breakDown -->
        <test-method is-config="true" signature="startUp()[pri:0, instance:com.PageTests.HomePageSearchTest@41294f8]" started-at="2022-05-10T21:50:32 EDT" name="startUp" finished-at="2022-05-10T21:50:35 EDT" duration-ms="2997" status="PASS">
          <reporter-output>
          </reporter-output>
        </test-method> <!-- startUp -->
        <test-method signature="searchAgain()[pri:0, instance:com.PageTests.HomePageSearchTest@41294f8]" started-at="2022-05-10T21:50:35 EDT" name="searchAgain" finished-at="2022-05-10T21:50:36 EDT" duration-ms="721" status="PASS">
          <reporter-output>
          </reporter-output>
        </test-method> <!-- searchAgain -->
        <test-method is-config="true" signature="breakDown()[pri:0, instance:com.PageTests.HomePageSearchTest@41294f8]" started-at="2022-05-10T21:50:36 EDT" name="breakDown" finished-at="2022-05-10T21:50:40 EDT" duration-ms="4140" status="PASS">
          <reporter-output>
          </reporter-output>
        </test-method> <!-- breakDown -->
        <test-method is-config="true" signature="startUp()[pri:0, instance:com.PageTests.HomePageSearchTest@41294f8]" started-at="2022-05-10T21:50:40 EDT" name="startUp" finished-at="2022-05-10T21:50:43 EDT" duration-ms="3198" status="PASS">
          <reporter-output>
          </reporter-output>
        </test-method> <!-- startUp -->
        <test-method signature="searchResultsAgain()[pri:0, instance:com.PageTests.HomePageSearchTest@41294f8]" started-at="2022-05-10T21:50:43 EDT" name="searchResultsAgain" finished-at="2022-05-10T21:50:47 EDT" duration-ms="3704" status="PASS">
          <reporter-output>
          </reporter-output>
        </test-method> <!-- searchResultsAgain -->
        <test-method is-config="true" signature="breakDown()[pri:0, instance:com.PageTests.HomePageSearchTest@41294f8]" started-at="2022-05-10T21:50:47 EDT" name="breakDown" finished-at="2022-05-10T21:50:51 EDT" duration-ms="4148" status="PASS">
          <reporter-output>
          </reporter-output>
        </test-method> <!-- breakDown -->
      </class> <!-- com.PageTests.HomePageSearchTest -->
    </test> <!-- C:/Users/bassv/intellij-workspace/Ebay_Framework_FInal/src/test/java/com/PageTests/HomePageSearchTest.java -->
    <test started-at="2022-05-10T21:50:51 EDT" name="C:/Users/bassv/intellij-workspace/Ebay_Framework_FInal/src/test/java/com/PageTests/HomePageTest.java" finished-at="2022-05-10T21:53:07 EDT" duration-ms="135488">
      <class name="com.PageTests.HomePageTest">
        <test-method is-config="true" signature="startUp()[pri:0, instance:com.PageTests.HomePageTest@d278d2b]" started-at="2022-05-10T21:50:51 EDT" name="startUp" finished-at="2022-05-10T21:50:54 EDT" duration-ms="2981" status="PASS">
          <reporter-output>
          </reporter-output>
        </test-method> <!-- startUp -->
        <test-method signature="searchDrop()[pri:0, instance:com.PageTests.HomePageTest@d278d2b]" started-at="2022-05-10T21:50:54 EDT" name="searchDrop" finished-at="2022-05-10T21:51:02 EDT" duration-ms="8345" status="PASS">
          <reporter-output>
          </reporter-output>
        </test-method> <!-- searchDrop -->
        <test-method is-config="true" signature="breakDown()[pri:0, instance:com.PageTests.HomePageTest@d278d2b]" started-at="2022-05-10T21:51:02 EDT" name="breakDown" finished-at="2022-05-10T21:51:02 EDT" duration-ms="109" status="PASS">
          <reporter-output>
          </reporter-output>
        </test-method> <!-- breakDown -->
        <test-method is-config="true" signature="startUp()[pri:0, instance:com.PageTests.HomePageTest@d278d2b]" started-at="2022-05-10T21:51:02 EDT" name="startUp" finished-at="2022-05-10T21:51:06 EDT" duration-ms="3123" status="PASS">
          <reporter-output>
          </reporter-output>
        </test-method> <!-- startUp -->
        <test-method signature="categorySelect()[pri:0, instance:com.PageTests.HomePageTest@d278d2b]" started-at="2022-05-10T21:51:06 EDT" name="categorySelect" finished-at="2022-05-10T21:51:06 EDT" duration-ms="199" status="PASS">
          <reporter-output>
          </reporter-output>
        </test-method> <!-- categorySelect -->
        <test-method is-config="true" signature="breakDown()[pri:0, instance:com.PageTests.HomePageTest@d278d2b]" started-at="2022-05-10T21:51:06 EDT" name="breakDown" finished-at="2022-05-10T21:51:06 EDT" duration-ms="180" status="PASS">
          <reporter-output>
          </reporter-output>
        </test-method> <!-- breakDown -->
        <test-method is-config="true" signature="startUp()[pri:0, instance:com.PageTests.HomePageTest@d278d2b]" started-at="2022-05-10T21:51:06 EDT" name="startUp" finished-at="2022-05-10T21:51:09 EDT" duration-ms="3233" status="PASS">
          <reporter-output>
          </reporter-output>
        </test-method> <!-- startUp -->
        <test-method signature="moneyBackClick()[pri:0, instance:com.PageTests.HomePageTest@d278d2b]" started-at="2022-05-10T21:51:09 EDT" name="moneyBackClick" finished-at="2022-05-10T21:51:10 EDT" duration-ms="789" status="PASS">
          <reporter-output>
          </reporter-output>
        </test-method> <!-- moneyBackClick -->
        <test-method is-config="true" signature="breakDown()[pri:0, instance:com.PageTests.HomePageTest@d278d2b]" started-at="2022-05-10T21:51:10 EDT" name="breakDown" finished-at="2022-05-10T21:51:14 EDT" duration-ms="4137" status="PASS">
          <reporter-output>
          </reporter-output>
        </test-method> <!-- breakDown -->
        <test-method is-config="true" signature="startUp()[pri:0, instance:com.PageTests.HomePageTest@d278d2b]" started-at="2022-05-10T21:51:14 EDT" name="startUp" finished-at="2022-05-10T21:51:18 EDT" duration-ms="3592" status="PASS">
          <reporter-output>
          </reporter-output>
        </test-method> <!-- startUp -->
        <test-method signature="hoverTest()[pri:0, instance:com.PageTests.HomePageTest@d278d2b]" started-at="2022-05-10T21:51:18 EDT" name="hoverTest" finished-at="2022-05-10T21:52:53 EDT" duration-ms="94788" status="PASS">
          <reporter-output>
          </reporter-output>
        </test-method> <!-- hoverTest -->
        <test-method is-config="true" signature="breakDown()[pri:0, instance:com.PageTests.HomePageTest@d278d2b]" started-at="2022-05-10T21:52:53 EDT" name="breakDown" finished-at="2022-05-10T21:52:57 EDT" duration-ms="4154" status="PASS">
          <reporter-output>
          </reporter-output>
        </test-method> <!-- breakDown -->
        <test-method is-config="true" signature="startUp()[pri:0, instance:com.PageTests.HomePageTest@d278d2b]" started-at="2022-05-10T21:52:57 EDT" name="startUp" finished-at="2022-05-10T21:53:02 EDT" duration-ms="5309" status="PASS">
          <reporter-output>
          </reporter-output>
        </test-method> <!-- startUp -->
        <test-method signature="footerPicture()[pri:0, instance:com.PageTests.HomePageTest@d278d2b]" started-at="2022-05-10T21:53:02 EDT" name="footerPicture" finished-at="2022-05-10T21:53:02 EDT" duration-ms="404" status="PASS">
          <reporter-output>
          </reporter-output>
        </test-method> <!-- footerPicture -->
        <test-method is-config="true" signature="breakDown()[pri:0, instance:com.PageTests.HomePageTest@d278d2b]" started-at="2022-05-10T21:53:02 EDT" name="breakDown" finished-at="2022-05-10T21:53:07 EDT" duration-ms="4129" status="PASS">
          <reporter-output>
          </reporter-output>
        </test-method> <!-- breakDown -->
      </class> <!-- com.PageTests.HomePageTest -->
    </test> <!-- C:/Users/bassv/intellij-workspace/Ebay_Framework_FInal/src/test/java/com/PageTests/HomePageTest.java -->
    <test started-at="2022-05-10T21:53:07 EDT" name="C:/Users/bassv/intellij-workspace/Ebay_Framework_FInal/src/test/java/com/PageTests/JeweleryTest.java" finished-at="2022-05-10T21:54:19 EDT" duration-ms="72157">
      <class name="com.PageTests.JeweleryTest">
        <test-method is-config="true" signature="setUp()[pri:0, instance:com.PageTests.JeweleryTest@6e005dc9]" started-at="2022-05-10T21:53:07 EDT" name="setUp" finished-at="2022-05-10T21:53:10 EDT" duration-ms="2992" status="PASS">
          <reporter-output>
          </reporter-output>
        </test-method> <!-- setUp -->
        <test-method retried="true" signature="jewelry1()[pri:0, instance:com.PageTests.JeweleryTest@6e005dc9]" started-at="2022-05-10T21:53:10 EDT" name="jewelry1" finished-at="2022-05-10T21:53:15 EDT" duration-ms="5072" status="SKIP">
          <exception class="org.openqa.selenium.WebDriverException">
            <message>
              <![CDATA[target frame detached
  (Session info: chrome=101.0.4951.54)
Build info: version: '4.1.1', revision: 'e8fcc2cecf'
System info: host: 'DESKTOP-MHM4477', ip: '192.168.0.103', os.name: 'Windows 10', os.arch: 'amd64', os.version: '10.0', java.version: '11.0.12'
Driver info: org.openqa.selenium.chrome.ChromeDriver
Command: [d85259db979005259da99d1d2b673a8d, findElement {using=xpath, value=//span[contains(text(),'Engagement & Wedding Jewelry')]}]
Capabilities {acceptInsecureCerts: false, browserName: chrome, browserVersion: 101.0.4951.54, chrome: {chromedriverVersion: 101.0.4951.41 (93c720db8323..., userDataDir: C:\Users\bassv\AppData\Loca...}, goog:chromeOptions: {debuggerAddress: localhost:61998}, javascriptEnabled: true, networkConnectionEnabled: false, pageLoadStrategy: normal, platform: WINDOWS, platformName: WINDOWS, proxy: Proxy(), se:cdp: ws://localhost:61998/devtoo..., se:cdpVersion: 101.0.4951.54, setWindowRect: true, strictFileInteractability: false, timeouts: {implicit: 0, pageLoad: 300000, script: 30000}, unhandledPromptBehavior: dismiss and notify, webauthn:extension:credBlob: true, webauthn:extension:largeBlob: true, webauthn:virtualAuthenticators: true}
Session ID: d85259db979005259da99d1d2b673a8d]]>
            </message>
            <full-stacktrace>
              <![CDATA[org.openqa.selenium.WebDriverException: target frame detached
  (Session info: chrome=101.0.4951.54)
Build info: version: '4.1.1', revision: 'e8fcc2cecf'
System info: host: 'DESKTOP-MHM4477', ip: '192.168.0.103', os.name: 'Windows 10', os.arch: 'amd64', os.version: '10.0', java.version: '11.0.12'
Driver info: org.openqa.selenium.chrome.ChromeDriver
Command: [d85259db979005259da99d1d2b673a8d, findElement {using=xpath, value=//span[contains(text(),'Engagement & Wedding Jewelry')]}]
Capabilities {acceptInsecureCerts: false, browserName: chrome, browserVersion: 101.0.4951.54, chrome: {chromedriverVersion: 101.0.4951.41 (93c720db8323..., userDataDir: C:\Users\bassv\AppData\Loca...}, goog:chromeOptions: {debuggerAddress: localhost:61998}, javascriptEnabled: true, networkConnectionEnabled: false, pageLoadStrategy: normal, platform: WINDOWS, platformName: WINDOWS, proxy: Proxy(), se:cdp: ws://localhost:61998/devtoo..., se:cdpVersion: 101.0.4951.54, setWindowRect: true, strictFileInteractability: false, timeouts: {implicit: 0, pageLoad: 300000, script: 30000}, unhandledPromptBehavior: dismiss and notify, webauthn:extension:credBlob: true, webauthn:extension:largeBlob: true, webauthn:virtualAuthenticators: true}
Session ID: d85259db979005259da99d1d2b673a8d
at java.base/jdk.internal.reflect.NativeConstructorAccessorImpl.newInstance0(Native Method)
at java.base/jdk.internal.reflect.NativeConstructorAccessorImpl.newInstance(NativeConstructorAccessorImpl.java:62)
at java.base/jdk.internal.reflect.DelegatingConstructorAccessorImpl.newInstance(DelegatingConstructorAccessorImpl.java:45)
at java.base/java.lang.reflect.Constructor.newInstance(Constructor.java:490)
at org.openqa.selenium.remote.codec.w3c.W3CHttpResponseCodec.createException(W3CHttpResponseCodec.java:200)
at org.openqa.selenium.remote.codec.w3c.W3CHttpResponseCodec.decode(W3CHttpResponseCodec.java:133)
at org.openqa.selenium.remote.codec.w3c.W3CHttpResponseCodec.decode(W3CHttpResponseCodec.java:53)
at org.openqa.selenium.remote.HttpCommandExecutor.execute(HttpCommandExecutor.java:184)
at org.openqa.selenium.remote.service.DriverCommandExecutor.invokeExecute(DriverCommandExecutor.java:167)
at org.openqa.selenium.remote.service.DriverCommandExecutor.execute(DriverCommandExecutor.java:142)
at org.openqa.selenium.remote.RemoteWebDriver.execute(RemoteWebDriver.java:543)
at org.openqa.selenium.remote.ElementLocation$ElementFinder$2.findElement(ElementLocation.java:162)
at org.openqa.selenium.remote.ElementLocation.findElement(ElementLocation.java:60)
at org.openqa.selenium.remote.RemoteWebDriver.findElement(RemoteWebDriver.java:367)
at org.openqa.selenium.remote.RemoteWebDriver.findElement(RemoteWebDriver.java:359)
at org.openqa.selenium.support.pagefactory.DefaultElementLocator.findElement(DefaultElementLocator.java:70)
at org.openqa.selenium.support.pagefactory.internal.LocatingElementHandler.invoke(LocatingElementHandler.java:39)
at com.sun.proxy.$Proxy20.click(Unknown Source)
at com.TestBase.Constants.click(Constants.java:129)
at com.PageObjects.JewleryAndWatches.clickengagementWeddingJewelryLink(JewleryAndWatches.java:116)
at com.PageTests.JeweleryTest.jewelry1(JeweleryTest.java:29)
at java.base/jdk.internal.reflect.NativeMethodAccessorImpl.invoke0(Native Method)
at java.base/jdk.internal.reflect.NativeMethodAccessorImpl.invoke(NativeMethodAccessorImpl.java:62)
at java.base/jdk.internal.reflect.DelegatingMethodAccessorImpl.invoke(DelegatingMethodAccessorImpl.java:43)
at java.base/java.lang.reflect.Method.invoke(Method.java:566)
at org.testng.internal.invokers.MethodInvocationHelper.invokeMethod(MethodInvocationHelper.java:135)
at org.testng.internal.invokers.TestInvoker.invokeMethod(TestInvoker.java:673)
at org.testng.internal.invokers.TestInvoker.invokeTestMethod(TestInvoker.java:220)
at org.testng.internal.invokers.MethodRunner.runInSequence(MethodRunner.java:50)
at org.testng.internal.invokers.TestInvoker$MethodInvocationAgent.invoke(TestInvoker.java:945)
at org.testng.internal.invokers.TestInvoker.invokeTestMethods(TestInvoker.java:193)
at org.testng.internal.invokers.TestMethodWorker.invokeTestMethods(TestMethodWorker.java:146)
at org.testng.internal.invokers.TestMethodWorker.run(TestMethodWorker.java:128)
at java.base/java.util.ArrayList.forEach(ArrayList.java:1541)
at org.testng.TestRunner.privateRun(TestRunner.java:808)
at org.testng.TestRunner.run(TestRunner.java:603)
at org.testng.SuiteRunner.runTest(SuiteRunner.java:429)
at org.testng.SuiteRunner.runSequentially(SuiteRunner.java:423)
at org.testng.SuiteRunner.privateRun(SuiteRunner.java:383)
at org.testng.SuiteRunner.run(SuiteRunner.java:326)
at org.testng.SuiteRunnerWorker.runSuite(SuiteRunnerWorker.java:52)
at org.testng.SuiteRunnerWorker.run(SuiteRunnerWorker.java:95)
at org.testng.TestNG.runSuitesSequentially(TestNG.java:1249)
at org.testng.TestNG.runSuitesLocally(TestNG.java:1169)
at org.testng.TestNG.runSuites(TestNG.java:1092)
at org.testng.TestNG.run(TestNG.java:1060)
at com.intellij.rt.testng.IDEARemoteTestNG.run(IDEARemoteTestNG.java:66)
at com.intellij.rt.testng.RemoteTestNGStarter.main(RemoteTestNGStarter.java:109)
]]>
            </full-stacktrace>
          </exception> <!-- org.openqa.selenium.WebDriverException -->
          <reporter-output>
          </reporter-output>
        </test-method> <!-- jewelry1 -->
        <test-method is-config="true" signature="tearDown()[pri:0, instance:com.PageTests.JeweleryTest@6e005dc9]" started-at="2022-05-10T21:53:15 EDT" name="tearDown" finished-at="2022-05-10T21:53:19 EDT" duration-ms="4145" status="PASS">
          <reporter-output>
          </reporter-output>
        </test-method> <!-- tearDown -->
        <test-method is-config="true" signature="setUp()[pri:0, instance:com.PageTests.JeweleryTest@6e005dc9]" started-at="2022-05-10T21:53:19 EDT" name="setUp" finished-at="2022-05-10T21:53:22 EDT" duration-ms="3106" status="PASS">
          <reporter-output>
          </reporter-output>
        </test-method> <!-- setUp -->
        <test-method signature="jewelry1()[pri:0, instance:com.PageTests.JeweleryTest@6e005dc9]" started-at="2022-05-10T21:53:22 EDT" name="jewelry1" finished-at="2022-05-10T21:53:34 EDT" duration-ms="12563" status="PASS">
          <reporter-output>
          </reporter-output>
        </test-method> <!-- jewelry1 -->
        <test-method is-config="true" signature="tearDown()[pri:0, instance:com.PageTests.JeweleryTest@6e005dc9]" started-at="2022-05-10T21:53:34 EDT" name="tearDown" finished-at="2022-05-10T21:53:39 EDT" duration-ms="4134" status="PASS">
          <reporter-output>
          </reporter-output>
        </test-method> <!-- tearDown -->
        <test-method is-config="true" signature="setUp()[pri:0, instance:com.PageTests.JeweleryTest@6e005dc9]" started-at="2022-05-10T21:53:39 EDT" name="setUp" finished-at="2022-05-10T21:53:42 EDT" duration-ms="3137" status="PASS">
          <reporter-output>
          </reporter-output>
        </test-method> <!-- setUp -->
        <test-method signature="jewelry2()[pri:0, instance:com.PageTests.JeweleryTest@6e005dc9]" started-at="2022-05-10T21:53:42 EDT" name="jewelry2" finished-at="2022-05-10T21:54:15 EDT" duration-ms="32832" status="PASS">
          <reporter-output>
          </reporter-output>
        </test-method> <!-- jewelry2 -->
        <test-method is-config="true" signature="tearDown()[pri:0, instance:com.PageTests.JeweleryTest@6e005dc9]" started-at="2022-05-10T21:54:15 EDT" name="tearDown" finished-at="2022-05-10T21:54:19 EDT" duration-ms="4165" status="PASS">
          <reporter-output>
          </reporter-output>
        </test-method> <!-- tearDown -->
      </class> <!-- com.PageTests.JeweleryTest -->
    </test> <!-- C:/Users/bassv/intellij-workspace/Ebay_Framework_FInal/src/test/java/com/PageTests/JeweleryTest.java -->
    <test started-at="2022-05-10T21:54:19 EDT" name="C:/Users/bassv/intellij-workspace/Ebay_Framework_FInal/src/test/java/com/PageTests/LogInPageTest.java" finished-at="2022-05-10T21:54:19 EDT" duration-ms="0">
    </test> <!-- C:/Users/bassv/intellij-workspace/Ebay_Framework_FInal/src/test/java/com/PageTests/LogInPageTest.java -->
    <test started-at="2022-05-10T21:54:19 EDT" name="C:/Users/bassv/intellij-workspace/Ebay_Framework_FInal/src/test/java/com/PageTests/MotorsTest.java" finished-at="2022-05-10T21:55:30 EDT" duration-ms="71360">
      <class name="com.PageTests.MotorsTest">
        <test-method is-config="true" signature="setUp()[pri:0, instance:com.PageTests.MotorsTest@341814d3]" started-at="2022-05-10T21:54:19 EDT" name="setUp" finished-at="2022-05-10T21:54:22 EDT" duration-ms="3205" status="PASS">
          <reporter-output>
          </reporter-output>
        </test-method> <!-- setUp -->
        <test-method signature="pageTitle()[pri:1, instance:com.PageTests.MotorsTest@341814d3]" started-at="2022-05-10T21:54:22 EDT" name="pageTitle" finished-at="2022-05-10T21:54:23 EDT" duration-ms="940" status="PASS">
          <reporter-output>
          </reporter-output>
        </test-method> <!-- pageTitle -->
        <test-method is-config="true" signature="tearDown()[pri:0, instance:com.PageTests.MotorsTest@341814d3]" started-at="2022-05-10T21:54:23 EDT" name="tearDown" finished-at="2022-05-10T21:54:27 EDT" duration-ms="4213" status="PASS">
          <reporter-output>
          </reporter-output>
        </test-method> <!-- tearDown -->
        <test-method is-config="true" signature="setUp()[pri:0, instance:com.PageTests.MotorsTest@341814d3]" started-at="2022-05-10T21:54:27 EDT" name="setUp" finished-at="2022-05-10T21:54:30 EDT" duration-ms="3043" status="PASS">
          <reporter-output>
          </reporter-output>
        </test-method> <!-- setUp -->
        <test-method signature="printText()[pri:2, instance:com.PageTests.MotorsTest@341814d3]" started-at="2022-05-10T21:54:30 EDT" name="printText" finished-at="2022-05-10T21:54:32 EDT" duration-ms="1729" status="PASS">
          <reporter-output>
          </reporter-output>
        </test-method> <!-- printText -->
        <test-method is-config="true" signature="tearDown()[pri:0, instance:com.PageTests.MotorsTest@341814d3]" started-at="2022-05-10T21:54:32 EDT" name="tearDown" finished-at="2022-05-10T21:54:36 EDT" duration-ms="4168" status="PASS">
          <reporter-output>
          </reporter-output>
        </test-method> <!-- tearDown -->
        <test-method is-config="true" signature="setUp()[pri:0, instance:com.PageTests.MotorsTest@341814d3]" started-at="2022-05-10T21:54:36 EDT" name="setUp" finished-at="2022-05-10T21:54:39 EDT" duration-ms="3380" status="PASS">
          <reporter-output>
          </reporter-output>
        </test-method> <!-- setUp -->
        <test-method signature="hiddenButtons()[pri:3, instance:com.PageTests.MotorsTest@341814d3]" started-at="2022-05-10T21:54:39 EDT" name="hiddenButtons" finished-at="2022-05-10T21:54:41 EDT" duration-ms="1614" status="PASS">
          <reporter-output>
          </reporter-output>
        </test-method> <!-- hiddenButtons -->
        <test-method is-config="true" signature="tearDown()[pri:0, instance:com.PageTests.MotorsTest@341814d3]" started-at="2022-05-10T21:54:41 EDT" name="tearDown" finished-at="2022-05-10T21:54:45 EDT" duration-ms="4192" status="PASS">
          <reporter-output>
          </reporter-output>
        </test-method> <!-- tearDown -->
        <test-method is-config="true" signature="setUp()[pri:0, instance:com.PageTests.MotorsTest@341814d3]" started-at="2022-05-10T21:54:45 EDT" name="setUp" finished-at="2022-05-10T21:54:49 EDT" duration-ms="3510" status="PASS">
          <reporter-output>
          </reporter-output>
        </test-method> <!-- setUp -->
        <test-method signature="hiddenItemCLicks()[pri:4, instance:com.PageTests.MotorsTest@341814d3]" started-at="2022-05-10T21:54:49 EDT" name="hiddenItemCLicks" finished-at="2022-05-10T21:55:26 EDT" duration-ms="37109" status="PASS">
          <reporter-output>
          </reporter-output>
        </test-method> <!-- hiddenItemCLicks -->
        <test-method is-config="true" signature="tearDown()[pri:0, instance:com.PageTests.MotorsTest@341814d3]" started-at="2022-05-10T21:55:26 EDT" name="tearDown" finished-at="2022-05-10T21:55:30 EDT" duration-ms="4230" status="PASS">
          <reporter-output>
          </reporter-output>
        </test-method> <!-- tearDown -->
      </class> <!-- com.PageTests.MotorsTest -->
    </test> <!-- C:/Users/bassv/intellij-workspace/Ebay_Framework_FInal/src/test/java/com/PageTests/MotorsTest.java -->
    <test started-at="2022-05-10T21:55:30 EDT" name="C:/Users/bassv/intellij-workspace/Ebay_Framework_FInal/src/test/java/com/PageTests/RefurbishedPageTest.java" finished-at="2022-05-10T21:56:40 EDT" duration-ms="69989">
      <class name="com.PageTests.RefurbishedPageTest">
        <test-method is-config="true" signature="setUp()[pri:0, instance:com.PageTests.RefurbishedPageTest@455b6df1]" started-at="2022-05-10T21:55:30 EDT" name="setUp" finished-at="2022-05-10T21:55:33 EDT" duration-ms="3255" status="PASS">
          <reporter-output>
          </reporter-output>
        </test-method> <!-- setUp -->
        <test-method signature="pageInfo()[pri:0, instance:com.PageTests.RefurbishedPageTest@455b6df1]" started-at="2022-05-10T21:55:33 EDT" name="pageInfo" finished-at="2022-05-10T21:55:35 EDT" duration-ms="1641" status="PASS">
          <reporter-output>
          </reporter-output>
        </test-method> <!-- pageInfo -->
        <test-method is-config="true" signature="tearDown()[pri:0, instance:com.PageTests.RefurbishedPageTest@455b6df1]" started-at="2022-05-10T21:55:35 EDT" name="tearDown" finished-at="2022-05-10T21:55:39 EDT" duration-ms="4211" status="PASS">
          <reporter-output>
          </reporter-output>
        </test-method> <!-- tearDown -->
        <test-method is-config="true" signature="setUp()[pri:0, instance:com.PageTests.RefurbishedPageTest@455b6df1]" started-at="2022-05-10T21:55:39 EDT" name="setUp" finished-at="2022-05-10T21:55:43 EDT" duration-ms="3359" status="PASS">
          <reporter-output>
          </reporter-output>
        </test-method> <!-- setUp -->
        <test-method signature="bottomTxt()[pri:0, instance:com.PageTests.RefurbishedPageTest@455b6df1]" started-at="2022-05-10T21:55:43 EDT" name="bottomTxt" finished-at="2022-05-10T21:55:45 EDT" duration-ms="2217" status="PASS">
          <reporter-output>
          </reporter-output>
        </test-method> <!-- bottomTxt -->
        <test-method is-config="true" signature="tearDown()[pri:0, instance:com.PageTests.RefurbishedPageTest@455b6df1]" started-at="2022-05-10T21:55:45 EDT" name="tearDown" finished-at="2022-05-10T21:55:49 EDT" duration-ms="4144" status="PASS">
          <reporter-output>
          </reporter-output>
        </test-method> <!-- tearDown -->
        <test-method is-config="true" signature="setUp()[pri:0, instance:com.PageTests.RefurbishedPageTest@455b6df1]" started-at="2022-05-10T21:55:49 EDT" name="setUp" finished-at="2022-05-10T21:55:52 EDT" duration-ms="3391" status="PASS">
          <reporter-output>
          </reporter-output>
        </test-method> <!-- setUp -->
        <test-method signature="callingAllHiddenButtons()[pri:0, instance:com.PageTests.RefurbishedPageTest@455b6df1]" started-at="2022-05-10T21:55:52 EDT" name="callingAllHiddenButtons" finished-at="2022-05-10T21:56:07 EDT" duration-ms="14701" status="PASS">
          <reporter-output>
          </reporter-output>
        </test-method> <!-- callingAllHiddenButtons -->
        <test-method is-config="true" signature="tearDown()[pri:0, instance:com.PageTests.RefurbishedPageTest@455b6df1]" started-at="2022-05-10T21:56:07 EDT" name="tearDown" finished-at="2022-05-10T21:56:11 EDT" duration-ms="4159" status="PASS">
          <reporter-output>
          </reporter-output>
        </test-method> <!-- tearDown -->
        <test-method is-config="true" signature="setUp()[pri:0, instance:com.PageTests.RefurbishedPageTest@455b6df1]" started-at="2022-05-10T21:56:11 EDT" name="setUp" finished-at="2022-05-10T21:56:14 EDT" duration-ms="3252" status="PASS">
          <reporter-output>
          </reporter-output>
        </test-method> <!-- setUp -->
        <test-method signature="logoClick()[pri:0, instance:com.PageTests.RefurbishedPageTest@455b6df1]" started-at="2022-05-10T21:56:14 EDT" name="logoClick" finished-at="2022-05-10T21:56:17 EDT" duration-ms="2765" status="PASS">
          <reporter-output>
          </reporter-output>
        </test-method> <!-- logoClick -->
        <test-method is-config="true" signature="tearDown()[pri:0, instance:com.PageTests.RefurbishedPageTest@455b6df1]" started-at="2022-05-10T21:56:17 EDT" name="tearDown" finished-at="2022-05-10T21:56:21 EDT" duration-ms="4167" status="PASS">
          <reporter-output>
          </reporter-output>
        </test-method> <!-- tearDown -->
        <test-method is-config="true" signature="setUp()[pri:0, instance:com.PageTests.RefurbishedPageTest@455b6df1]" started-at="2022-05-10T21:56:21 EDT" name="setUp" finished-at="2022-05-10T21:56:25 EDT" duration-ms="3362" status="PASS">
          <reporter-output>
          </reporter-output>
        </test-method> <!-- setUp -->
        <test-method signature="clickManyItems()[pri:0, instance:com.PageTests.RefurbishedPageTest@455b6df1]" started-at="2022-05-10T21:56:25 EDT" name="clickManyItems" finished-at="2022-05-10T21:56:26 EDT" duration-ms="1652" status="PASS">
          <reporter-output>
          </reporter-output>
        </test-method> <!-- clickManyItems -->
        <test-method is-config="true" signature="tearDown()[pri:0, instance:com.PageTests.RefurbishedPageTest@455b6df1]" started-at="2022-05-10T21:56:26 EDT" name="tearDown" finished-at="2022-05-10T21:56:31 EDT" duration-ms="4166" status="PASS">
          <reporter-output>
          </reporter-output>
        </test-method> <!-- tearDown -->
        <test-method is-config="true" signature="setUp()[pri:0, instance:com.PageTests.RefurbishedPageTest@455b6df1]" started-at="2022-05-10T21:56:31 EDT" name="setUp" finished-at="2022-05-10T21:56:34 EDT" duration-ms="3257" status="PASS">
          <reporter-output>
          </reporter-output>
        </test-method> <!-- setUp -->
        <test-method signature="fullPagetTxT()[pri:0, instance:com.PageTests.RefurbishedPageTest@455b6df1]" started-at="2022-05-10T21:56:34 EDT" name="fullPagetTxT" finished-at="2022-05-10T21:56:36 EDT" duration-ms="2095" status="PASS">
          <reporter-output>
          </reporter-output>
        </test-method> <!-- fullPagetTxT -->
        <test-method is-config="true" signature="tearDown()[pri:0, instance:com.PageTests.RefurbishedPageTest@455b6df1]" started-at="2022-05-10T21:56:36 EDT" name="tearDown" finished-at="2022-05-10T21:56:40 EDT" duration-ms="4163" status="PASS">
          <reporter-output>
          </reporter-output>
        </test-method> <!-- tearDown -->
      </class> <!-- com.PageTests.RefurbishedPageTest -->
    </test> <!-- C:/Users/bassv/intellij-workspace/Ebay_Framework_FInal/src/test/java/com/PageTests/RefurbishedPageTest.java -->
    <test started-at="2022-05-10T21:56:40 EDT" name="C:/Users/bassv/intellij-workspace/Ebay_Framework_FInal/src/test/java/com/PageTests/RegisterUserTest.java" finished-at="2022-05-10T21:57:25 EDT" duration-ms="45320">
      <class name="com.PageTests.RegisterUserTest">
        <test-method is-config="true" signature="startUp()[pri:0, instance:com.PageTests.RegisterUserTest@4ebff610]" started-at="2022-05-10T21:56:40 EDT" name="startUp" finished-at="2022-05-10T21:56:43 EDT" duration-ms="3281" status="PASS">
          <reporter-output>
          </reporter-output>
        </test-method> <!-- startUp -->
        <test-method retried="true" signature="titleCheck()[pri:0, instance:com.PageTests.RegisterUserTest@4ebff610]" started-at="2022-05-10T21:56:43 EDT" name="titleCheck" finished-at="2022-05-10T21:56:44 EDT" duration-ms="1027" status="SKIP">
          <exception class="java.lang.AssertionError">
            <message>
              <![CDATA[expected [true] but found [false]]]>
            </message>
            <full-stacktrace>
              <![CDATA[java.lang.AssertionError: expected [true] but found [false]
at org.testng.Assert.fail(Assert.java:110)
at org.testng.Assert.failNotEquals(Assert.java:1413)
at org.testng.Assert.assertTrue(Assert.java:56)
at org.testng.Assert.assertTrue(Assert.java:66)
at com.PageObjects.RegisterUserPage.captureTitle(RegisterUserPage.java:90)
at com.PageTests.RegisterUserTest.titleCheck(RegisterUserTest.java:26)
at java.base/jdk.internal.reflect.NativeMethodAccessorImpl.invoke0(Native Method)
at java.base/jdk.internal.reflect.NativeMethodAccessorImpl.invoke(NativeMethodAccessorImpl.java:62)
at java.base/jdk.internal.reflect.DelegatingMethodAccessorImpl.invoke(DelegatingMethodAccessorImpl.java:43)
at java.base/java.lang.reflect.Method.invoke(Method.java:566)
at org.testng.internal.invokers.MethodInvocationHelper.invokeMethod(MethodInvocationHelper.java:135)
at org.testng.internal.invokers.TestInvoker.invokeMethod(TestInvoker.java:673)
at org.testng.internal.invokers.TestInvoker.invokeTestMethod(TestInvoker.java:220)
at org.testng.internal.invokers.MethodRunner.runInSequence(MethodRunner.java:50)
at org.testng.internal.invokers.TestInvoker$MethodInvocationAgent.invoke(TestInvoker.java:945)
at org.testng.internal.invokers.TestInvoker.invokeTestMethods(TestInvoker.java:193)
at org.testng.internal.invokers.TestMethodWorker.invokeTestMethods(TestMethodWorker.java:146)
at org.testng.internal.invokers.TestMethodWorker.run(TestMethodWorker.java:128)
at java.base/java.util.ArrayList.forEach(ArrayList.java:1541)
at org.testng.TestRunner.privateRun(TestRunner.java:808)
at org.testng.TestRunner.run(TestRunner.java:603)
at org.testng.SuiteRunner.runTest(SuiteRunner.java:429)
at org.testng.SuiteRunner.runSequentially(SuiteRunner.java:423)
at org.testng.SuiteRunner.privateRun(SuiteRunner.java:383)
at org.testng.SuiteRunner.run(SuiteRunner.java:326)
at org.testng.SuiteRunnerWorker.runSuite(SuiteRunnerWorker.java:52)
at org.testng.SuiteRunnerWorker.run(SuiteRunnerWorker.java:95)
at org.testng.TestNG.runSuitesSequentially(TestNG.java:1249)
at org.testng.TestNG.runSuitesLocally(TestNG.java:1169)
at org.testng.TestNG.runSuites(TestNG.java:1092)
at org.testng.TestNG.run(TestNG.java:1060)
at com.intellij.rt.testng.IDEARemoteTestNG.run(IDEARemoteTestNG.java:66)
at com.intellij.rt.testng.RemoteTestNGStarter.main(RemoteTestNGStarter.java:109)
]]>
            </full-stacktrace>
          </exception> <!-- java.lang.AssertionError -->
          <reporter-output>
          </reporter-output>
        </test-method> <!-- titleCheck -->
        <test-method is-config="true" signature="tearDOWn()[pri:0, instance:com.PageTests.RegisterUserTest@4ebff610]" started-at="2022-05-10T21:56:44 EDT" name="tearDOWn" finished-at="2022-05-10T21:56:44 EDT" duration-ms="56" status="PASS">
          <reporter-output>
          </reporter-output>
        </test-method> <!-- tearDOWn -->
        <test-method is-config="true" signature="startUp()[pri:0, instance:com.PageTests.RegisterUserTest@4ebff610]" started-at="2022-05-10T21:56:44 EDT" name="startUp" finished-at="2022-05-10T21:56:48 EDT" duration-ms="3424" status="PASS">
          <reporter-output>
          </reporter-output>
        </test-method> <!-- startUp -->
        <test-method signature="titleCheck()[pri:0, instance:com.PageTests.RegisterUserTest@4ebff610]" started-at="2022-05-10T21:56:48 EDT" name="titleCheck" finished-at="2022-05-10T21:56:49 EDT" duration-ms="1237" status="FAIL">
          <exception class="java.lang.AssertionError">
            <message>
              <![CDATA[expected [true] but found [false]]]>
            </message>
            <full-stacktrace>
              <![CDATA[java.lang.AssertionError: expected [true] but found [false]
at org.testng.Assert.fail(Assert.java:110)
at org.testng.Assert.failNotEquals(Assert.java:1413)
at org.testng.Assert.assertTrue(Assert.java:56)
at org.testng.Assert.assertTrue(Assert.java:66)
at com.PageObjects.RegisterUserPage.captureTitle(RegisterUserPage.java:90)
at com.PageTests.RegisterUserTest.titleCheck(RegisterUserTest.java:26)
at java.base/jdk.internal.reflect.NativeMethodAccessorImpl.invoke0(Native Method)
at java.base/jdk.internal.reflect.NativeMethodAccessorImpl.invoke(NativeMethodAccessorImpl.java:62)
at java.base/jdk.internal.reflect.DelegatingMethodAccessorImpl.invoke(DelegatingMethodAccessorImpl.java:43)
at java.base/java.lang.reflect.Method.invoke(Method.java:566)
at org.testng.internal.invokers.MethodInvocationHelper.invokeMethod(MethodInvocationHelper.java:135)
at org.testng.internal.invokers.TestInvoker.invokeMethod(TestInvoker.java:673)
at org.testng.internal.invokers.TestInvoker.retryFailed(TestInvoker.java:262)
at org.testng.internal.invokers.MethodRunner.runInSequence(MethodRunner.java:62)
at org.testng.internal.invokers.TestInvoker$MethodInvocationAgent.invoke(TestInvoker.java:945)
at org.testng.internal.invokers.TestInvoker.invokeTestMethods(TestInvoker.java:193)
at org.testng.internal.invokers.TestMethodWorker.invokeTestMethods(TestMethodWorker.java:146)
at org.testng.internal.invokers.TestMethodWorker.run(TestMethodWorker.java:128)
at java.base/java.util.ArrayList.forEach(ArrayList.java:1541)
at org.testng.TestRunner.privateRun(TestRunner.java:808)
at org.testng.TestRunner.run(TestRunner.java:603)
at org.testng.SuiteRunner.runTest(SuiteRunner.java:429)
at org.testng.SuiteRunner.runSequentially(SuiteRunner.java:423)
at org.testng.SuiteRunner.privateRun(SuiteRunner.java:383)
at org.testng.SuiteRunner.run(SuiteRunner.java:326)
at org.testng.SuiteRunnerWorker.runSuite(SuiteRunnerWorker.java:52)
at org.testng.SuiteRunnerWorker.run(SuiteRunnerWorker.java:95)
at org.testng.TestNG.runSuitesSequentially(TestNG.java:1249)
at org.testng.TestNG.runSuitesLocally(TestNG.java:1169)
at org.testng.TestNG.runSuites(TestNG.java:1092)
at org.testng.TestNG.run(TestNG.java:1060)
at com.intellij.rt.testng.IDEARemoteTestNG.run(IDEARemoteTestNG.java:66)
at com.intellij.rt.testng.RemoteTestNGStarter.main(RemoteTestNGStarter.java:109)
]]>
            </full-stacktrace>
          </exception> <!-- java.lang.AssertionError -->
          <reporter-output>
          </reporter-output>
        </test-method> <!-- titleCheck -->
        <test-method is-config="true" signature="tearDOWn()[pri:0, instance:com.PageTests.RegisterUserTest@4ebff610]" started-at="2022-05-10T21:56:49 EDT" name="tearDOWn" finished-at="2022-05-10T21:56:49 EDT" duration-ms="91" status="PASS">
          <reporter-output>
          </reporter-output>
        </test-method> <!-- tearDOWn -->
        <test-method is-config="true" signature="startUp()[pri:0, instance:com.PageTests.RegisterUserTest@4ebff610]" started-at="2022-05-10T21:56:50 EDT" name="startUp" finished-at="2022-05-10T21:56:54 EDT" duration-ms="4114" status="PASS">
          <reporter-output>
          </reporter-output>
        </test-method> <!-- startUp -->
        <test-method retried="true" signature="registerUserInput(java.lang.String,java.lang.String,java.lang.String,java.lang.String)[pri:0, instance:com.PageTests.RegisterUserTest@4ebff610]" started-at="2022-05-10T21:56:54 EDT" name="registerUserInput" data-provider="dataTest" finished-at="2022-05-10T21:56:57 EDT" duration-ms="3218" status="SKIP">
          <params>
            <param index="0">
              <value>
                <![CDATA[kachi]]>
              </value>
            </param>
            <param index="1">
              <value>
                <![CDATA[biryani]]>
              </value>
            </param>
            <param index="2">
              <value>
                <![CDATA[chickenbeef24799@gmail.com]]>
              </value>
            </param>
            <param index="3">
              <value>
                <![CDATA[Chocolatebiscuit247.]]>
              </value>
            </param>
          </params>
          <exception class="org.openqa.selenium.NoSuchElementException">
            <message>
              <![CDATA[no such element: Unable to locate element: {"method":"xpath","selector":"//input[@id='personalaccount-radio']"}
  (Session info: chrome=101.0.4951.54)
For documentation on this error, please visit: https://selenium.dev/exceptions/#no_such_element
Build info: version: '4.1.1', revision: 'e8fcc2cecf'
System info: host: 'DESKTOP-MHM4477', ip: '192.168.0.103', os.name: 'Windows 10', os.arch: 'amd64', os.version: '10.0', java.version: '11.0.12'
Driver info: org.openqa.selenium.chrome.ChromeDriver
Command: [c1f44abe111341c4fd91463c9b6d8773, findElement {using=xpath, value=//input[@id='personalaccount-radio']}]
Capabilities {acceptInsecureCerts: false, browserName: chrome, browserVersion: 101.0.4951.54, chrome: {chromedriverVersion: 101.0.4951.41 (93c720db8323..., userDataDir: C:\Users\bassv\AppData\Loca...}, goog:chromeOptions: {debuggerAddress: localhost:54536}, javascriptEnabled: true, networkConnectionEnabled: false, pageLoadStrategy: normal, platform: WINDOWS, platformName: WINDOWS, proxy: Proxy(), se:cdp: ws://localhost:54536/devtoo..., se:cdpVersion: 101.0.4951.54, setWindowRect: true, strictFileInteractability: false, timeouts: {implicit: 0, pageLoad: 300000, script: 30000}, unhandledPromptBehavior: dismiss and notify, webauthn:extension:credBlob: true, webauthn:extension:largeBlob: true, webauthn:virtualAuthenticators: true}
Session ID: c1f44abe111341c4fd91463c9b6d8773]]>
            </message>
            <full-stacktrace>
              <![CDATA[org.openqa.selenium.NoSuchElementException: no such element: Unable to locate element: {"method":"xpath","selector":"//input[@id='personalaccount-radio']"}
  (Session info: chrome=101.0.4951.54)
For documentation on this error, please visit: https://selenium.dev/exceptions/#no_such_element
Build info: version: '4.1.1', revision: 'e8fcc2cecf'
System info: host: 'DESKTOP-MHM4477', ip: '192.168.0.103', os.name: 'Windows 10', os.arch: 'amd64', os.version: '10.0', java.version: '11.0.12'
Driver info: org.openqa.selenium.chrome.ChromeDriver
Command: [c1f44abe111341c4fd91463c9b6d8773, findElement {using=xpath, value=//input[@id='personalaccount-radio']}]
Capabilities {acceptInsecureCerts: false, browserName: chrome, browserVersion: 101.0.4951.54, chrome: {chromedriverVersion: 101.0.4951.41 (93c720db8323..., userDataDir: C:\Users\bassv\AppData\Loca...}, goog:chromeOptions: {debuggerAddress: localhost:54536}, javascriptEnabled: true, networkConnectionEnabled: false, pageLoadStrategy: normal, platform: WINDOWS, platformName: WINDOWS, proxy: Proxy(), se:cdp: ws://localhost:54536/devtoo..., se:cdpVersion: 101.0.4951.54, setWindowRect: true, strictFileInteractability: false, timeouts: {implicit: 0, pageLoad: 300000, script: 30000}, unhandledPromptBehavior: dismiss and notify, webauthn:extension:credBlob: true, webauthn:extension:largeBlob: true, webauthn:virtualAuthenticators: true}
Session ID: c1f44abe111341c4fd91463c9b6d8773
at java.base/jdk.internal.reflect.NativeConstructorAccessorImpl.newInstance0(Native Method)
at java.base/jdk.internal.reflect.NativeConstructorAccessorImpl.newInstance(NativeConstructorAccessorImpl.java:62)
at java.base/jdk.internal.reflect.DelegatingConstructorAccessorImpl.newInstance(DelegatingConstructorAccessorImpl.java:45)
at java.base/java.lang.reflect.Constructor.newInstance(Constructor.java:490)
at org.openqa.selenium.remote.codec.w3c.W3CHttpResponseCodec.createException(W3CHttpResponseCodec.java:200)
at org.openqa.selenium.remote.codec.w3c.W3CHttpResponseCodec.decode(W3CHttpResponseCodec.java:133)
at org.openqa.selenium.remote.codec.w3c.W3CHttpResponseCodec.decode(W3CHttpResponseCodec.java:53)
at org.openqa.selenium.remote.HttpCommandExecutor.execute(HttpCommandExecutor.java:184)
at org.openqa.selenium.remote.service.DriverCommandExecutor.invokeExecute(DriverCommandExecutor.java:167)
at org.openqa.selenium.remote.service.DriverCommandExecutor.execute(DriverCommandExecutor.java:142)
at org.openqa.selenium.remote.RemoteWebDriver.execute(RemoteWebDriver.java:543)
at org.openqa.selenium.remote.ElementLocation$ElementFinder$2.findElement(ElementLocation.java:162)
at org.openqa.selenium.remote.ElementLocation.findElement(ElementLocation.java:60)
at org.openqa.selenium.remote.RemoteWebDriver.findElement(RemoteWebDriver.java:367)
at org.openqa.selenium.remote.RemoteWebDriver.findElement(RemoteWebDriver.java:359)
at org.openqa.selenium.support.pagefactory.DefaultElementLocator.findElement(DefaultElementLocator.java:70)
at org.openqa.selenium.support.pagefactory.internal.LocatingElementHandler.invoke(LocatingElementHandler.java:39)
at com.sun.proxy.$Proxy20.click(Unknown Source)
at com.TestBase.Constants.click(Constants.java:129)
at com.PageObjects.RegisterUserPage.registerClick(RegisterUserPage.java:49)
at com.PageObjects.RegisterUserPage.clickRegister(RegisterUserPage.java:59)
at com.PageTests.RegisterUserTest.registerUserInput(RegisterUserTest.java:40)
at java.base/jdk.internal.reflect.NativeMethodAccessorImpl.invoke0(Native Method)
at java.base/jdk.internal.reflect.NativeMethodAccessorImpl.invoke(NativeMethodAccessorImpl.java:62)
at java.base/jdk.internal.reflect.DelegatingMethodAccessorImpl.invoke(DelegatingMethodAccessorImpl.java:43)
at java.base/java.lang.reflect.Method.invoke(Method.java:566)
at org.testng.internal.invokers.MethodInvocationHelper.invokeMethod(MethodInvocationHelper.java:135)
at org.testng.internal.invokers.TestInvoker.invokeMethod(TestInvoker.java:673)
at org.testng.internal.invokers.TestInvoker.invokeTestMethod(TestInvoker.java:220)
at org.testng.internal.invokers.MethodRunner.runInSequence(MethodRunner.java:50)
at org.testng.internal.invokers.TestInvoker$MethodInvocationAgent.invoke(TestInvoker.java:945)
at org.testng.internal.invokers.TestInvoker.invokeTestMethods(TestInvoker.java:193)
at org.testng.internal.invokers.TestMethodWorker.invokeTestMethods(TestMethodWorker.java:146)
at org.testng.internal.invokers.TestMethodWorker.run(TestMethodWorker.java:128)
at java.base/java.util.ArrayList.forEach(ArrayList.java:1541)
at org.testng.TestRunner.privateRun(TestRunner.java:808)
at org.testng.TestRunner.run(TestRunner.java:603)
at org.testng.SuiteRunner.runTest(SuiteRunner.java:429)
at org.testng.SuiteRunner.runSequentially(SuiteRunner.java:423)
at org.testng.SuiteRunner.privateRun(SuiteRunner.java:383)
at org.testng.SuiteRunner.run(SuiteRunner.java:326)
at org.testng.SuiteRunnerWorker.runSuite(SuiteRunnerWorker.java:52)
at org.testng.SuiteRunnerWorker.run(SuiteRunnerWorker.java:95)
at org.testng.TestNG.runSuitesSequentially(TestNG.java:1249)
at org.testng.TestNG.runSuitesLocally(TestNG.java:1169)
at org.testng.TestNG.runSuites(TestNG.java:1092)
at org.testng.TestNG.run(TestNG.java:1060)
at com.intellij.rt.testng.IDEARemoteTestNG.run(IDEARemoteTestNG.java:66)
at com.intellij.rt.testng.RemoteTestNGStarter.main(RemoteTestNGStarter.java:109)
]]>
            </full-stacktrace>
          </exception> <!-- org.openqa.selenium.NoSuchElementException -->
          <reporter-output>
          </reporter-output>
        </test-method> <!-- registerUserInput -->
        <test-method is-config="true" signature="tearDOWn()[pri:0, instance:com.PageTests.RegisterUserTest@4ebff610]" started-at="2022-05-10T21:56:57 EDT" name="tearDOWn" finished-at="2022-05-10T21:57:01 EDT" duration-ms="4132" status="PASS">
          <reporter-output>
          </reporter-output>
        </test-method> <!-- tearDOWn -->
        <test-method is-config="true" signature="startUp()[pri:0, instance:com.PageTests.RegisterUserTest@4ebff610]" started-at="2022-05-10T21:57:01 EDT" name="startUp" finished-at="2022-05-10T21:57:05 EDT" duration-ms="3287" status="PASS">
          <reporter-output>
          </reporter-output>
        </test-method> <!-- startUp -->
        <test-method signature="registerUserInput(java.lang.String,java.lang.String,java.lang.String,java.lang.String)[pri:0, instance:com.PageTests.RegisterUserTest@4ebff610]" started-at="2022-05-10T21:57:05 EDT" name="registerUserInput" data-provider="dataTest" finished-at="2022-05-10T21:57:25 EDT" duration-ms="20594" status="FAIL">
          <params>
            <param index="0">
              <value>
                <![CDATA[kachi]]>
              </value>
            </param>
            <param index="1">
              <value>
                <![CDATA[biryani]]>
              </value>
            </param>
            <param index="2">
              <value>
                <![CDATA[chickenbeef24799@gmail.com]]>
              </value>
            </param>
            <param index="3">
              <value>
                <![CDATA[Chocolatebiscuit247.]]>
              </value>
            </param>
          </params>
          <exception class="org.openqa.selenium.ElementClickInterceptedException">
            <message>
              <![CDATA[element click intercepted: Element <input type="checkbox" class="checkbox__control" id="showpassword" aria-label="Show password"> is not clickable at point (647, 428). Other element would receive the click: <iframe id="captchaFrame" src="/captcharouter_challenge?ap=1&amp;iim=bMTQyLG&amp;iia=fxjEwNSzC&amp;iiz=pji41LjIzOkz&amp;ru=https%3A%2F%2Fsignup.ebay.com%2Fajax%2Fvalidatefield&amp;iid=3a89d78d-ce7d-4dde-8385-d1dc6af0784b" style="position: fixed; width: 100%; height: 100%; top: 0px; left: 0px; margin: 0px; padding: 0px; border: 0px; background-color: white; z-index: 99999;"></iframe>
  (Session info: chrome=101.0.4951.54)
Build info: version: '4.1.1', revision: 'e8fcc2cecf'
System info: host: 'DESKTOP-MHM4477', ip: '192.168.0.103', os.name: 'Windows 10', os.arch: 'amd64', os.version: '10.0', java.version: '11.0.12'
Driver info: org.openqa.selenium.chrome.ChromeDriver
Command: [a8931c4f5f72d502378430831b712f77, clickElement {id=d0ddb6bb-bc90-4305-9f3c-7d251e7f9715}]
Capabilities {acceptInsecureCerts: false, browserName: chrome, browserVersion: 101.0.4951.54, chrome: {chromedriverVersion: 101.0.4951.41 (93c720db8323..., userDataDir: C:\Users\bassv\AppData\Loca...}, goog:chromeOptions: {debuggerAddress: localhost:54611}, javascriptEnabled: true, networkConnectionEnabled: false, pageLoadStrategy: normal, platform: WINDOWS, platformName: WINDOWS, proxy: Proxy(), se:cdp: ws://localhost:54611/devtoo..., se:cdpVersion: 101.0.4951.54, setWindowRect: true, strictFileInteractability: false, timeouts: {implicit: 0, pageLoad: 300000, script: 30000}, unhandledPromptBehavior: dismiss and notify, webauthn:extension:credBlob: true, webauthn:extension:largeBlob: true, webauthn:virtualAuthenticators: true}
Element: [[ChromeDriver: chrome on WINDOWS (a8931c4f5f72d502378430831b712f77)] -> xpath: //input[@id='showpassword']]
Session ID: a8931c4f5f72d502378430831b712f77]]>
            </message>
            <full-stacktrace>
              <![CDATA[org.openqa.selenium.ElementClickInterceptedException: element click intercepted: Element <input type="checkbox" class="checkbox__control" id="showpassword" aria-label="Show password"> is not clickable at point (647, 428). Other element would receive the click: <iframe id="captchaFrame" src="/captcharouter_challenge?ap=1&amp;iim=bMTQyLG&amp;iia=fxjEwNSzC&amp;iiz=pji41LjIzOkz&amp;ru=https%3A%2F%2Fsignup.ebay.com%2Fajax%2Fvalidatefield&amp;iid=3a89d78d-ce7d-4dde-8385-d1dc6af0784b" style="position: fixed; width: 100%; height: 100%; top: 0px; left: 0px; margin: 0px; padding: 0px; border: 0px; background-color: white; z-index: 99999;"></iframe>
  (Session info: chrome=101.0.4951.54)
Build info: version: '4.1.1', revision: 'e8fcc2cecf'
System info: host: 'DESKTOP-MHM4477', ip: '192.168.0.103', os.name: 'Windows 10', os.arch: 'amd64', os.version: '10.0', java.version: '11.0.12'
Driver info: org.openqa.selenium.chrome.ChromeDriver
Command: [a8931c4f5f72d502378430831b712f77, clickElement {id=d0ddb6bb-bc90-4305-9f3c-7d251e7f9715}]
Capabilities {acceptInsecureCerts: false, browserName: chrome, browserVersion: 101.0.4951.54, chrome: {chromedriverVersion: 101.0.4951.41 (93c720db8323..., userDataDir: C:\Users\bassv\AppData\Loca...}, goog:chromeOptions: {debuggerAddress: localhost:54611}, javascriptEnabled: true, networkConnectionEnabled: false, pageLoadStrategy: normal, platform: WINDOWS, platformName: WINDOWS, proxy: Proxy(), se:cdp: ws://localhost:54611/devtoo..., se:cdpVersion: 101.0.4951.54, setWindowRect: true, strictFileInteractability: false, timeouts: {implicit: 0, pageLoad: 300000, script: 30000}, unhandledPromptBehavior: dismiss and notify, webauthn:extension:credBlob: true, webauthn:extension:largeBlob: true, webauthn:virtualAuthenticators: true}
Element: [[ChromeDriver: chrome on WINDOWS (a8931c4f5f72d502378430831b712f77)] -> xpath: //input[@id='showpassword']]
Session ID: a8931c4f5f72d502378430831b712f77
at java.base/jdk.internal.reflect.NativeConstructorAccessorImpl.newInstance0(Native Method)
at java.base/jdk.internal.reflect.NativeConstructorAccessorImpl.newInstance(NativeConstructorAccessorImpl.java:62)
at java.base/jdk.internal.reflect.DelegatingConstructorAccessorImpl.newInstance(DelegatingConstructorAccessorImpl.java:45)
at java.base/java.lang.reflect.Constructor.newInstance(Constructor.java:490)
at org.openqa.selenium.remote.codec.w3c.W3CHttpResponseCodec.createException(W3CHttpResponseCodec.java:200)
at org.openqa.selenium.remote.codec.w3c.W3CHttpResponseCodec.decode(W3CHttpResponseCodec.java:133)
at org.openqa.selenium.remote.codec.w3c.W3CHttpResponseCodec.decode(W3CHttpResponseCodec.java:53)
at org.openqa.selenium.remote.HttpCommandExecutor.execute(HttpCommandExecutor.java:184)
at org.openqa.selenium.remote.service.DriverCommandExecutor.invokeExecute(DriverCommandExecutor.java:167)
at org.openqa.selenium.remote.service.DriverCommandExecutor.execute(DriverCommandExecutor.java:142)
at org.openqa.selenium.remote.RemoteWebDriver.execute(RemoteWebDriver.java:543)
at org.openqa.selenium.remote.RemoteWebElement.execute(RemoteWebElement.java:251)
at org.openqa.selenium.remote.RemoteWebElement.click(RemoteWebElement.java:77)
at jdk.internal.reflect.GeneratedMethodAccessor1.invoke(Unknown Source)
at java.base/jdk.internal.reflect.DelegatingMethodAccessorImpl.invoke(DelegatingMethodAccessorImpl.java:43)
at java.base/java.lang.reflect.Method.invoke(Method.java:566)
at org.openqa.selenium.support.pagefactory.internal.LocatingElementHandler.invoke(LocatingElementHandler.java:52)
at com.sun.proxy.$Proxy20.click(Unknown Source)
at com.TestBase.Constants.click(Constants.java:129)
at com.PageObjects.RegisterUserPage.clickRegister(RegisterUserPage.java:68)
at com.PageTests.RegisterUserTest.registerUserInput(RegisterUserTest.java:40)
at java.base/jdk.internal.reflect.NativeMethodAccessorImpl.invoke0(Native Method)
at java.base/jdk.internal.reflect.NativeMethodAccessorImpl.invoke(NativeMethodAccessorImpl.java:62)
at java.base/jdk.internal.reflect.DelegatingMethodAccessorImpl.invoke(DelegatingMethodAccessorImpl.java:43)
at java.base/java.lang.reflect.Method.invoke(Method.java:566)
at org.testng.internal.invokers.MethodInvocationHelper.invokeMethod(MethodInvocationHelper.java:135)
at org.testng.internal.invokers.TestInvoker.invokeMethod(TestInvoker.java:673)
at org.testng.internal.invokers.TestInvoker.retryFailed(TestInvoker.java:262)
at org.testng.internal.invokers.MethodRunner.runInSequence(MethodRunner.java:62)
at org.testng.internal.invokers.TestInvoker$MethodInvocationAgent.invoke(TestInvoker.java:945)
at org.testng.internal.invokers.TestInvoker.invokeTestMethods(TestInvoker.java:193)
at org.testng.internal.invokers.TestMethodWorker.invokeTestMethods(TestMethodWorker.java:146)
at org.testng.internal.invokers.TestMethodWorker.run(TestMethodWorker.java:128)
at java.base/java.util.ArrayList.forEach(ArrayList.java:1541)
at org.testng.TestRunner.privateRun(TestRunner.java:808)
at org.testng.TestRunner.run(TestRunner.java:603)
at org.testng.SuiteRunner.runTest(SuiteRunner.java:429)
at org.testng.SuiteRunner.runSequentially(SuiteRunner.java:423)
at org.testng.SuiteRunner.privateRun(SuiteRunner.java:383)
at org.testng.SuiteRunner.run(SuiteRunner.java:326)
at org.testng.SuiteRunnerWorker.runSuite(SuiteRunnerWorker.java:52)
at org.testng.SuiteRunnerWorker.run(SuiteRunnerWorker.java:95)
at org.testng.TestNG.runSuitesSequentially(TestNG.java:1249)
at org.testng.TestNG.runSuitesLocally(TestNG.java:1169)
at org.testng.TestNG.runSuites(TestNG.java:1092)
at org.testng.TestNG.run(TestNG.java:1060)
at com.intellij.rt.testng.IDEARemoteTestNG.run(IDEARemoteTestNG.java:66)
at com.intellij.rt.testng.RemoteTestNGStarter.main(RemoteTestNGStarter.java:109)
]]>
            </full-stacktrace>
          </exception> <!-- org.openqa.selenium.ElementClickInterceptedException -->
          <reporter-output>
          </reporter-output>
        </test-method> <!-- registerUserInput -->
        <test-method is-config="true" signature="tearDOWn()[pri:0, instance:com.PageTests.RegisterUserTest@4ebff610]" started-at="2022-05-10T21:57:25 EDT" name="tearDOWn" finished-at="2022-05-10T21:57:25 EDT" duration-ms="137" status="PASS">
          <reporter-output>
          </reporter-output>
        </test-method> <!-- tearDOWn -->
      </class> <!-- com.PageTests.RegisterUserTest -->
    </test> <!-- C:/Users/bassv/intellij-workspace/Ebay_Framework_FInal/src/test/java/com/PageTests/RegisterUserTest.java -->
    <test started-at="2022-05-10T21:57:25 EDT" name="C:/Users/bassv/intellij-workspace/Ebay_Framework_FInal/src/test/java/com/PageTests/SearchSelectTest.java" finished-at="2022-05-10T21:57:57 EDT" duration-ms="31919">
      <class name="com.PageTests.SearchSelectTest">
        <test-method is-config="true" signature="startBrowser()[pri:0, instance:com.PageTests.SearchSelectTest@ae3540e]" started-at="2022-05-10T21:57:25 EDT" name="startBrowser" finished-at="2022-05-10T21:57:29 EDT" duration-ms="3330" status="PASS">
          <reporter-output>
          </reporter-output>
        </test-method> <!-- startBrowser -->
        <test-method signature="getWholePageInfo()[pri:0, instance:com.PageTests.SearchSelectTest@ae3540e]" started-at="2022-05-10T21:57:29 EDT" name="getWholePageInfo" finished-at="2022-05-10T21:57:35 EDT" duration-ms="6021" status="PASS">
          <reporter-output>
          </reporter-output>
        </test-method> <!-- getWholePageInfo -->
        <test-method is-config="true" signature="breakDown()[pri:0, instance:com.PageTests.SearchSelectTest@ae3540e]" started-at="2022-05-10T21:57:35 EDT" name="breakDown" finished-at="2022-05-10T21:57:39 EDT" duration-ms="4223" status="PASS">
          <reporter-output>
          </reporter-output>
        </test-method> <!-- breakDown -->
        <test-method is-config="true" signature="startBrowser()[pri:0, instance:com.PageTests.SearchSelectTest@ae3540e]" started-at="2022-05-10T21:57:39 EDT" name="startBrowser" finished-at="2022-05-10T21:57:42 EDT" duration-ms="3326" status="PASS">
          <reporter-output>
          </reporter-output>
        </test-method> <!-- startBrowser -->
        <test-method signature="iPhoneDescription()[pri:0, instance:com.PageTests.SearchSelectTest@ae3540e]" started-at="2022-05-10T21:57:42 EDT" name="iPhoneDescription" finished-at="2022-05-10T21:57:52 EDT" duration-ms="9944" status="PASS">
          <reporter-output>
          </reporter-output>
        </test-method> <!-- iPhoneDescription -->
        <test-method is-config="true" signature="breakDown()[pri:0, instance:com.PageTests.SearchSelectTest@ae3540e]" started-at="2022-05-10T21:57:52 EDT" name="breakDown" finished-at="2022-05-10T21:57:52 EDT" duration-ms="211" status="PASS">
          <reporter-output>
          </reporter-output>
        </test-method> <!-- breakDown -->
        <test-method is-config="true" signature="startBrowser()[pri:0, instance:com.PageTests.SearchSelectTest@ae3540e]" started-at="2022-05-10T21:57:52 EDT" name="startBrowser" finished-at="2022-05-10T21:57:56 EDT" duration-ms="3212" status="PASS">
          <reporter-output>
          </reporter-output>
        </test-method> <!-- startBrowser -->
        <test-method signature="consoleDescription()[pri:0, instance:com.PageTests.SearchSelectTest@ae3540e]" started-at="2022-05-10T21:57:56 EDT" name="consoleDescription" finished-at="2022-05-10T21:57:57 EDT" duration-ms="1584" status="PASS">
          <reporter-output>
          </reporter-output>
        </test-method> <!-- consoleDescription -->
        <test-method is-config="true" signature="breakDown()[pri:0, instance:com.PageTests.SearchSelectTest@ae3540e]" started-at="2022-05-10T21:57:57 EDT" name="breakDown" finished-at="2022-05-10T21:57:57 EDT" duration-ms="53" status="PASS">
          <reporter-output>
          </reporter-output>
        </test-method> <!-- breakDown -->
      </class> <!-- com.PageTests.SearchSelectTest -->
    </test> <!-- C:/Users/bassv/intellij-workspace/Ebay_Framework_FInal/src/test/java/com/PageTests/SearchSelectTest.java -->
    <test started-at="2022-05-10T21:57:57 EDT" name="C:/Users/bassv/intellij-workspace/Ebay_Framework_FInal/src/test/java/com/PageTests/SelleCenterTest.java" finished-at="2022-05-10T21:59:05 EDT" duration-ms="67521">
      <class name="com.PageTests.SelleCenterTest">
        <test-method is-config="true" signature="setUp()[pri:0, instance:com.PageTests.SelleCenterTest@50de186c]" started-at="2022-05-10T21:57:57 EDT" name="setUp" finished-at="2022-05-10T21:58:01 EDT" duration-ms="3275" status="PASS">
          <reporter-output>
          </reporter-output>
        </test-method> <!-- setUp -->
        <test-method signature="pageTest()[pri:0, instance:com.PageTests.SelleCenterTest@50de186c]" started-at="2022-05-10T21:58:01 EDT" name="pageTest" finished-at="2022-05-10T21:58:03 EDT" duration-ms="2215" status="PASS">
          <reporter-output>
          </reporter-output>
        </test-method> <!-- pageTest -->
        <test-method is-config="true" signature="tearDown()[pri:0, instance:com.PageTests.SelleCenterTest@50de186c]" started-at="2022-05-10T21:58:03 EDT" name="tearDown" finished-at="2022-05-10T21:58:03 EDT" duration-ms="75" status="PASS">
          <reporter-output>
          </reporter-output>
        </test-method> <!-- tearDown -->
        <test-method is-config="true" signature="setUp()[pri:0, instance:com.PageTests.SelleCenterTest@50de186c]" started-at="2022-05-10T21:58:03 EDT" name="setUp" finished-at="2022-05-10T21:58:06 EDT" duration-ms="3342" status="PASS">
          <reporter-output>
          </reporter-output>
        </test-method> <!-- setUp -->
        <test-method signature="hoverOverTest()[pri:0, instance:com.PageTests.SelleCenterTest@50de186c]" started-at="2022-05-10T21:58:06 EDT" name="hoverOverTest" finished-at="2022-05-10T21:59:01 EDT" duration-ms="54499" status="PASS">
          <reporter-output>
          </reporter-output>
        </test-method> <!-- hoverOverTest -->
        <test-method is-config="true" signature="tearDown()[pri:0, instance:com.PageTests.SelleCenterTest@50de186c]" started-at="2022-05-10T21:59:01 EDT" name="tearDown" finished-at="2022-05-10T21:59:05 EDT" duration-ms="4107" status="PASS">
          <reporter-output>
          </reporter-output>
        </test-method> <!-- tearDown -->
      </class> <!-- com.PageTests.SelleCenterTest -->
    </test> <!-- C:/Users/bassv/intellij-workspace/Ebay_Framework_FInal/src/test/java/com/PageTests/SelleCenterTest.java -->
    <test started-at="2022-05-10T21:59:05 EDT" name="C:/Users/bassv/intellij-workspace/Ebay_Framework_FInal/src/test/java/com/PageTests/SportingGoodsTest.java" finished-at="2022-05-10T22:00:24 EDT" duration-ms="78698">
      <class name="com.PageTests.SportingGoodsTest">
        <test-method is-config="true" signature="startUp()[pri:0, instance:com.PageTests.SportingGoodsTest@181e731e]" started-at="2022-05-10T21:59:05 EDT" name="startUp" finished-at="2022-05-10T21:59:08 EDT" duration-ms="3181" status="PASS">
          <reporter-output>
          </reporter-output>
        </test-method> <!-- startUp -->
        <test-method signature="callinAllHiddenItems()[pri:0, instance:com.PageTests.SportingGoodsTest@181e731e]" started-at="2022-05-10T21:59:08 EDT" name="callinAllHiddenItems" finished-at="2022-05-10T21:59:19 EDT" duration-ms="10905" status="PASS">
          <reporter-output>
          </reporter-output>
        </test-method> <!-- callinAllHiddenItems -->
        <test-method is-config="true" signature="tearDown()[pri:0, instance:com.PageTests.SportingGoodsTest@181e731e]" started-at="2022-05-10T21:59:19 EDT" name="tearDown" finished-at="2022-05-10T21:59:19 EDT" duration-ms="100" status="PASS">
          <reporter-output>
          </reporter-output>
        </test-method> <!-- tearDown -->
        <test-method is-config="true" signature="startUp()[pri:0, instance:com.PageTests.SportingGoodsTest@181e731e]" started-at="2022-05-10T21:59:19 EDT" name="startUp" finished-at="2022-05-10T21:59:22 EDT" duration-ms="3284" status="PASS">
          <reporter-output>
          </reporter-output>
        </test-method> <!-- startUp -->
        <test-method signature="logoTest()[pri:0, instance:com.PageTests.SportingGoodsTest@181e731e]" started-at="2022-05-10T21:59:22 EDT" name="logoTest" finished-at="2022-05-10T21:59:25 EDT" duration-ms="2330" status="PASS">
          <reporter-output>
          </reporter-output>
        </test-method> <!-- logoTest -->
        <test-method is-config="true" signature="tearDown()[pri:0, instance:com.PageTests.SportingGoodsTest@181e731e]" started-at="2022-05-10T21:59:25 EDT" name="tearDown" finished-at="2022-05-10T21:59:29 EDT" duration-ms="4125" status="PASS">
          <reporter-output>
          </reporter-output>
        </test-method> <!-- tearDown -->
        <test-method is-config="true" signature="startUp()[pri:0, instance:com.PageTests.SportingGoodsTest@181e731e]" started-at="2022-05-10T21:59:29 EDT" name="startUp" finished-at="2022-05-10T21:59:32 EDT" duration-ms="3072" status="PASS">
          <reporter-output>
          </reporter-output>
        </test-method> <!-- startUp -->
        <test-method signature="checkBottomText()[pri:0, instance:com.PageTests.SportingGoodsTest@181e731e]" started-at="2022-05-10T21:59:32 EDT" name="checkBottomText" finished-at="2022-05-10T21:59:33 EDT" duration-ms="1472" status="PASS">
          <reporter-output>
          </reporter-output>
        </test-method> <!-- checkBottomText -->
        <test-method is-config="true" signature="tearDown()[pri:0, instance:com.PageTests.SportingGoodsTest@181e731e]" started-at="2022-05-10T21:59:33 EDT" name="tearDown" finished-at="2022-05-10T21:59:37 EDT" duration-ms="4159" status="PASS">
          <reporter-output>
          </reporter-output>
        </test-method> <!-- tearDown -->
        <test-method is-config="true" signature="startUp()[pri:0, instance:com.PageTests.SportingGoodsTest@181e731e]" started-at="2022-05-10T21:59:37 EDT" name="startUp" finished-at="2022-05-10T21:59:41 EDT" duration-ms="3046" status="PASS">
          <reporter-output>
          </reporter-output>
        </test-method> <!-- startUp -->
        <test-method signature="sportingGoodsClicks()[pri:0, instance:com.PageTests.SportingGoodsTest@181e731e]" started-at="2022-05-10T21:59:41 EDT" name="sportingGoodsClicks" finished-at="2022-05-10T22:00:03 EDT" duration-ms="22943" status="PASS">
          <reporter-output>
          </reporter-output>
        </test-method> <!-- sportingGoodsClicks -->
        <test-method is-config="true" signature="tearDown()[pri:0, instance:com.PageTests.SportingGoodsTest@181e731e]" started-at="2022-05-10T22:00:03 EDT" name="tearDown" finished-at="2022-05-10T22:00:04 EDT" duration-ms="188" status="PASS">
          <reporter-output>
          </reporter-output>
        </test-method> <!-- tearDown -->
        <test-method is-config="true" signature="startUp()[pri:0, instance:com.PageTests.SportingGoodsTest@181e731e]" started-at="2022-05-10T22:00:04 EDT" name="startUp" finished-at="2022-05-10T22:00:07 EDT" duration-ms="3000" status="PASS">
          <reporter-output>
          </reporter-output>
        </test-method> <!-- startUp -->
        <test-method signature="getFullpageInfo()[pri:0, instance:com.PageTests.SportingGoodsTest@181e731e]" started-at="2022-05-10T22:00:07 EDT" name="getFullpageInfo" finished-at="2022-05-10T22:00:07 EDT" duration-ms="453" status="PASS">
          <reporter-output>
          </reporter-output>
        </test-method> <!-- getFullpageInfo -->
        <test-method is-config="true" signature="tearDown()[pri:0, instance:com.PageTests.SportingGoodsTest@181e731e]" started-at="2022-05-10T22:00:07 EDT" name="tearDown" finished-at="2022-05-10T22:00:11 EDT" duration-ms="4144" status="PASS">
          <reporter-output>
          </reporter-output>
        </test-method> <!-- tearDown -->
        <test-method is-config="true" signature="startUp()[pri:0, instance:com.PageTests.SportingGoodsTest@181e731e]" started-at="2022-05-10T22:00:11 EDT" name="startUp" finished-at="2022-05-10T22:00:14 EDT" duration-ms="3045" status="PASS">
          <reporter-output>
          </reporter-output>
        </test-method> <!-- startUp -->
        <test-method signature="clickingItems()[pri:0, instance:com.PageTests.SportingGoodsTest@181e731e]" started-at="2022-05-10T22:00:14 EDT" name="clickingItems" finished-at="2022-05-10T22:00:23 EDT" duration-ms="9109" status="PASS">
          <reporter-output>
          </reporter-output>
        </test-method> <!-- clickingItems -->
        <test-method is-config="true" signature="tearDown()[pri:0, instance:com.PageTests.SportingGoodsTest@181e731e]" started-at="2022-05-10T22:00:23 EDT" name="tearDown" finished-at="2022-05-10T22:00:24 EDT" duration-ms="118" status="PASS">
          <reporter-output>
          </reporter-output>
        </test-method> <!-- tearDown -->
      </class> <!-- com.PageTests.SportingGoodsTest -->
    </test> <!-- C:/Users/bassv/intellij-workspace/Ebay_Framework_FInal/src/test/java/com/PageTests/SportingGoodsTest.java -->
    <test started-at="2022-05-10T22:00:24 EDT" name="C:/Users/bassv/intellij-workspace/Ebay_Framework_FInal/src/test/java/com/PageTests/StartSellingTest.java" finished-at="2022-05-10T22:01:05 EDT" duration-ms="41509">
      <class name="com.PageTests.StartSellingTest">
        <test-method is-config="true" signature="setUp()[pri:0, instance:com.PageTests.StartSellingTest@d771cc9]" started-at="2022-05-10T22:00:24 EDT" name="setUp" finished-at="2022-05-10T22:00:27 EDT" duration-ms="3083" status="PASS">
          <reporter-output>
          </reporter-output>
        </test-method> <!-- setUp -->
        <test-method signature="pageTitle()[pri:1, instance:com.PageTests.StartSellingTest@d771cc9]" started-at="2022-05-10T22:00:27 EDT" name="pageTitle" finished-at="2022-05-10T22:00:27 EDT" duration-ms="507" status="PASS">
          <reporter-output>
          </reporter-output>
        </test-method> <!-- pageTitle -->
        <test-method is-config="true" signature="tearDown()[pri:0, instance:com.PageTests.StartSellingTest@d771cc9]" started-at="2022-05-10T22:00:27 EDT" name="tearDown" finished-at="2022-05-10T22:00:27 EDT" duration-ms="54" status="PASS">
          <reporter-output>
          </reporter-output>
        </test-method> <!-- tearDown -->
        <test-method is-config="true" signature="setUp()[pri:0, instance:com.PageTests.StartSellingTest@d771cc9]" started-at="2022-05-10T22:00:27 EDT" name="setUp" finished-at="2022-05-10T22:00:30 EDT" duration-ms="2935" status="PASS">
          <reporter-output>
          </reporter-output>
        </test-method> <!-- setUp -->
        <test-method signature="faQText()[pri:2, instance:com.PageTests.StartSellingTest@d771cc9]" started-at="2022-05-10T22:00:30 EDT" name="faQText" finished-at="2022-05-10T22:00:31 EDT" duration-ms="672" status="PASS">
          <reporter-output>
          </reporter-output>
        </test-method> <!-- faQText -->
        <test-method is-config="true" signature="tearDown()[pri:0, instance:com.PageTests.StartSellingTest@d771cc9]" started-at="2022-05-10T22:00:31 EDT" name="tearDown" finished-at="2022-05-10T22:00:31 EDT" duration-ms="41" status="PASS">
          <reporter-output>
          </reporter-output>
        </test-method> <!-- tearDown -->
        <test-method is-config="true" signature="setUp()[pri:0, instance:com.PageTests.StartSellingTest@d771cc9]" started-at="2022-05-10T22:00:31 EDT" name="setUp" finished-at="2022-05-10T22:00:34 EDT" duration-ms="3159" status="PASS">
          <reporter-output>
          </reporter-output>
        </test-method> <!-- setUp -->
        <test-method signature="listAnItem()[pri:3, instance:com.PageTests.StartSellingTest@d771cc9]" started-at="2022-05-10T22:00:34 EDT" name="listAnItem" finished-at="2022-05-10T22:00:38 EDT" duration-ms="3830" status="PASS">
          <reporter-output>
          </reporter-output>
        </test-method> <!-- listAnItem -->
        <test-method is-config="true" signature="tearDown()[pri:0, instance:com.PageTests.StartSellingTest@d771cc9]" started-at="2022-05-10T22:00:38 EDT" name="tearDown" finished-at="2022-05-10T22:00:42 EDT" duration-ms="4147" status="PASS">
          <reporter-output>
          </reporter-output>
        </test-method> <!-- tearDown -->
        <test-method is-config="true" signature="setUp()[pri:0, instance:com.PageTests.StartSellingTest@d771cc9]" started-at="2022-05-10T22:00:42 EDT" name="setUp" finished-at="2022-05-10T22:00:45 EDT" duration-ms="3085" status="PASS">
          <reporter-output>
          </reporter-output>
        </test-method> <!-- setUp -->
        <test-method signature="searchSuggestion()[pri:4, instance:com.PageTests.StartSellingTest@d771cc9]" started-at="2022-05-10T22:00:45 EDT" name="searchSuggestion" finished-at="2022-05-10T22:00:52 EDT" duration-ms="6914" status="PASS">
          <reporter-output>
          </reporter-output>
        </test-method> <!-- searchSuggestion -->
        <test-method is-config="true" signature="tearDown()[pri:0, instance:com.PageTests.StartSellingTest@d771cc9]" started-at="2022-05-10T22:00:52 EDT" name="tearDown" finished-at="2022-05-10T22:00:56 EDT" duration-ms="4138" status="PASS">
          <reporter-output>
          </reporter-output>
        </test-method> <!-- tearDown -->
        <test-method is-config="true" signature="setUp()[pri:0, instance:com.PageTests.StartSellingTest@d771cc9]" started-at="2022-05-10T22:00:56 EDT" name="setUp" finished-at="2022-05-10T22:00:59 EDT" duration-ms="3128" status="PASS">
          <reporter-output>
          </reporter-output>
        </test-method> <!-- setUp -->
        <test-method signature="sellerPolicyInfo()[pri:5, instance:com.PageTests.StartSellingTest@d771cc9]" started-at="2022-05-10T22:00:59 EDT" name="sellerPolicyInfo" finished-at="2022-05-10T22:01:05 EDT" duration-ms="5787" status="PASS">
          <reporter-output>
          </reporter-output>
        </test-method> <!-- sellerPolicyInfo -->
        <test-method is-config="true" signature="tearDown()[pri:0, instance:com.PageTests.StartSellingTest@d771cc9]" started-at="2022-05-10T22:01:05 EDT" name="tearDown" finished-at="2022-05-10T22:01:05 EDT" duration-ms="10" status="PASS">
          <reporter-output>
          </reporter-output>
        </test-method> <!-- tearDown -->
      </class> <!-- com.PageTests.StartSellingTest -->
    </test> <!-- C:/Users/bassv/intellij-workspace/Ebay_Framework_FInal/src/test/java/com/PageTests/StartSellingTest.java -->
  </suite> <!-- All Test Suite -->
</testng-results>
